11:10:14 [background-preinit] INFO  o.h.validator.internal.util.Version      -: HV000001: Hibernate Validator 8.0.1.Final
11:10:14 [main] INFO  com.diatoz.task1.Task1Application        -: Starting Task1Application using Java 21 with PID 11408 (C:\Users\prath\OneDrive\Desktop\Project\task1\target\classes started by prath in C:\Users\prath\OneDrive\Desktop\Project\task1)
11:10:14 [main] INFO  com.diatoz.task1.Task1Application        -: No active profile set, falling back to 1 default profile: "default"
11:10:15 [main] INFO  o.s.d.r.c.RepositoryConfigurationDelegate -: Bootstrapping Spring Data JPA repositories in DEFAULT mode.
11:10:15 [main] INFO  o.s.d.r.c.RepositoryConfigurationDelegate -: Finished Spring Data repository scanning in 57 ms. Found 2 JPA repository interfaces.
11:10:16 [main] INFO  o.s.b.w.e.tomcat.TomcatWebServer         -: Tomcat initialized with port(s): 8080 (http)
11:10:16 [main] INFO  o.a.coyote.http11.Http11NioProtocol      -: Initializing ProtocolHandler ["http-nio-8080"]
11:10:16 [main] INFO  o.a.catalina.core.StandardService        -: Starting service [Tomcat]
11:10:16 [main] INFO  o.a.catalina.core.StandardEngine         -: Starting Servlet engine: [Apache Tomcat/10.1.13]
11:10:16 [main] INFO  o.a.c.c.C.[Tomcat].[localhost].[/]       -: Initializing Spring embedded WebApplicationContext
11:10:16 [main] INFO  o.s.b.w.s.c.ServletWebServerApplicationContext -: Root WebApplicationContext: initialization completed in 2322 ms
11:10:16 [main] INFO  o.h.jpa.internal.util.LogHelper          -: HHH000204: Processing PersistenceUnitInfo [name: default]
11:10:16 [main] INFO  org.hibernate.Version                    -: HHH000412: Hibernate ORM core version 6.2.9.Final
11:10:16 [main] INFO  org.hibernate.cfg.Environment            -: HHH000406: Using bytecode reflection optimizer
11:10:17 [main] INFO  o.h.b.i.BytecodeProviderInitiator        -: HHH000021: Bytecode provider name : bytebuddy
11:10:17 [main] INFO  o.s.o.j.p.SpringPersistenceUnitInfo      -: No LoadTimeWeaver setup: ignoring JPA class transformer
11:10:17 [main] INFO  com.zaxxer.hikari.HikariDataSource       -: HikariPool-1 - Starting...
11:10:17 [main] INFO  com.zaxxer.hikari.pool.HikariPool        -: HikariPool-1 - Added connection com.mysql.cj.jdbc.ConnectionImpl@42dd7d82
11:10:17 [main] INFO  com.zaxxer.hikari.HikariDataSource       -: HikariPool-1 - Start completed.
11:10:17 [main] INFO  o.h.b.i.BytecodeProviderInitiator        -: HHH000021: Bytecode provider name : bytebuddy
11:10:18 [main] INFO  o.h.e.t.j.p.i.JtaPlatformInitiator       -: HHH000490: Using JtaPlatform implementation: [org.hibernate.engine.transaction.jta.platform.internal.NoJtaPlatform]
11:10:18 [main] INFO  o.s.o.j.LocalContainerEntityManagerFactoryBean -: Initialized JPA EntityManagerFactory for persistence unit 'default'
11:10:19 [main] WARN  o.s.b.a.o.j.JpaBaseConfiguration$JpaWebConfiguration -: spring.jpa.open-in-view is enabled by default. Therefore, database queries may be performed during view rendering. Explicitly configure spring.jpa.open-in-view to disable this warning
11:10:19 [main] INFO  o.s.s.web.DefaultSecurityFilterChain     -: Will secure any request with [org.springframework.security.web.session.DisableEncodeUrlFilter@6278371a, org.springframework.security.web.context.request.async.WebAsyncManagerIntegrationFilter@c6a1be2, org.springframework.security.web.context.SecurityContextHolderFilter@a15e3c1, org.springframework.security.web.header.HeaderWriterFilter@50f5ce5b, org.springframework.security.web.authentication.logout.LogoutFilter@1407b93f, com.diatoz.task1.security.JwtAuthenticationFilter@7ca492d9, org.springframework.security.web.savedrequest.RequestCacheAwareFilter@2bc52b08, org.springframework.security.web.servletapi.SecurityContextHolderAwareRequestFilter@4349389d, org.springframework.security.web.authentication.AnonymousAuthenticationFilter@6a486afb, org.springframework.security.web.session.SessionManagementFilter@10ab976b, org.springframework.security.web.access.ExceptionTranslationFilter@38aed8ad, org.springframework.security.web.access.intercept.AuthorizationFilter@32db94fb]
11:10:19 [main] INFO  o.a.coyote.http11.Http11NioProtocol      -: Starting ProtocolHandler ["http-nio-8080"]
11:10:19 [main] INFO  o.s.b.w.e.tomcat.TomcatWebServer         -: Tomcat started on port(s): 8080 (http) with context path ''
11:10:19 [main] INFO  com.diatoz.task1.Task1Application        -: Started Task1Application in 6.057 seconds (process running for 7.727)
11:10:35 [SpringApplicationShutdownHook] INFO  o.s.o.j.LocalContainerEntityManagerFactoryBean -: Closing JPA EntityManagerFactory for persistence unit 'default'
11:10:35 [SpringApplicationShutdownHook] INFO  com.zaxxer.hikari.HikariDataSource       -: HikariPool-1 - Shutdown initiated...
11:10:35 [SpringApplicationShutdownHook] INFO  com.zaxxer.hikari.HikariDataSource       -: HikariPool-1 - Shutdown completed.
11:11:01 [background-preinit] INFO  o.h.validator.internal.util.Version      -: HV000001: Hibernate Validator 8.0.1.Final
11:11:01 [main] INFO  com.diatoz.task1.Task1Application        -: Starting Task1Application using Java 21 with PID 4120 (C:\Users\prath\OneDrive\Desktop\Project\task1\target\classes started by prath in C:\Users\prath\OneDrive\Desktop\Project\task1)
11:11:01 [main] INFO  com.diatoz.task1.Task1Application        -: No active profile set, falling back to 1 default profile: "default"
11:11:02 [main] INFO  o.s.d.r.c.RepositoryConfigurationDelegate -: Bootstrapping Spring Data JPA repositories in DEFAULT mode.
11:11:02 [main] INFO  o.s.d.r.c.RepositoryConfigurationDelegate -: Finished Spring Data repository scanning in 62 ms. Found 2 JPA repository interfaces.
11:11:03 [main] INFO  o.s.b.w.e.tomcat.TomcatWebServer         -: Tomcat initialized with port(s): 8080 (http)
11:11:03 [main] INFO  o.a.coyote.http11.Http11NioProtocol      -: Initializing ProtocolHandler ["http-nio-8080"]
11:11:03 [main] INFO  o.a.catalina.core.StandardService        -: Starting service [Tomcat]
11:11:03 [main] INFO  o.a.catalina.core.StandardEngine         -: Starting Servlet engine: [Apache Tomcat/10.1.13]
11:11:03 [main] INFO  o.a.c.c.C.[Tomcat].[localhost].[/]       -: Initializing Spring embedded WebApplicationContext
11:11:03 [main] INFO  o.s.b.w.s.c.ServletWebServerApplicationContext -: Root WebApplicationContext: initialization completed in 1803 ms
11:11:03 [main] INFO  o.h.jpa.internal.util.LogHelper          -: HHH000204: Processing PersistenceUnitInfo [name: default]
11:11:03 [main] INFO  org.hibernate.Version                    -: HHH000412: Hibernate ORM core version 6.2.9.Final
11:11:03 [main] INFO  org.hibernate.cfg.Environment            -: HHH000406: Using bytecode reflection optimizer
11:11:04 [main] INFO  o.h.b.i.BytecodeProviderInitiator        -: HHH000021: Bytecode provider name : bytebuddy
11:11:04 [main] INFO  o.s.o.j.p.SpringPersistenceUnitInfo      -: No LoadTimeWeaver setup: ignoring JPA class transformer
11:11:04 [main] INFO  com.zaxxer.hikari.HikariDataSource       -: HikariPool-1 - Starting...
11:11:04 [main] INFO  com.zaxxer.hikari.pool.HikariPool        -: HikariPool-1 - Added connection com.mysql.cj.jdbc.ConnectionImpl@2e1291a4
11:11:04 [main] INFO  com.zaxxer.hikari.HikariDataSource       -: HikariPool-1 - Start completed.
11:11:04 [main] INFO  o.h.b.i.BytecodeProviderInitiator        -: HHH000021: Bytecode provider name : bytebuddy
11:11:05 [main] INFO  o.h.e.t.j.p.i.JtaPlatformInitiator       -: HHH000490: Using JtaPlatform implementation: [org.hibernate.engine.transaction.jta.platform.internal.NoJtaPlatform]
11:11:05 [main] INFO  o.s.o.j.LocalContainerEntityManagerFactoryBean -: Initialized JPA EntityManagerFactory for persistence unit 'default'
11:11:05 [main] WARN  o.s.b.a.o.j.JpaBaseConfiguration$JpaWebConfiguration -: spring.jpa.open-in-view is enabled by default. Therefore, database queries may be performed during view rendering. Explicitly configure spring.jpa.open-in-view to disable this warning
11:11:06 [main] INFO  o.s.s.web.DefaultSecurityFilterChain     -: Will secure any request with [org.springframework.security.web.session.DisableEncodeUrlFilter@18a538a0, org.springframework.security.web.context.request.async.WebAsyncManagerIntegrationFilter@70736b19, org.springframework.security.web.context.SecurityContextHolderFilter@6a577564, org.springframework.security.web.header.HeaderWriterFilter@6ccfce5a, org.springframework.security.web.authentication.logout.LogoutFilter@2862bac6, com.diatoz.task1.security.JwtAuthenticationFilter@6403a4a5, org.springframework.security.web.savedrequest.RequestCacheAwareFilter@18876fa9, org.springframework.security.web.servletapi.SecurityContextHolderAwareRequestFilter@453bbb9b, org.springframework.security.web.authentication.AnonymousAuthenticationFilter@183e64a8, org.springframework.security.web.session.SessionManagementFilter@35b70f9d, org.springframework.security.web.access.ExceptionTranslationFilter@11df0bc7, org.springframework.security.web.access.intercept.AuthorizationFilter@2f08e6d3]
11:11:06 [main] INFO  o.a.coyote.http11.Http11NioProtocol      -: Starting ProtocolHandler ["http-nio-8080"]
11:11:06 [main] INFO  o.s.b.w.e.tomcat.TomcatWebServer         -: Tomcat started on port(s): 8080 (http) with context path ''
11:11:06 [main] INFO  com.diatoz.task1.Task1Application        -: Started Task1Application in 5.366 seconds (process running for 6.231)
11:11:13 [http-nio-8080-exec-1] INFO  o.a.c.c.C.[Tomcat].[localhost].[/]       -: Initializing Spring DispatcherServlet 'dispatcherServlet'
11:11:13 [http-nio-8080-exec-1] INFO  o.s.web.servlet.DispatcherServlet        -: Initializing Servlet 'dispatcherServlet'
11:11:13 [http-nio-8080-exec-1] INFO  o.s.web.servlet.DispatcherServlet        -: Completed initialization in 1 ms
11:11:13 [http-nio-8080-exec-1] DEBUG o.s.security.web.FilterChainProxy        -: Securing POST /auth/login
11:11:13 [http-nio-8080-exec-1] INFO  o.s.web.filter.OncePerRequestFilter      -:  Header :  null
11:11:13 [http-nio-8080-exec-1] INFO  o.s.web.filter.OncePerRequestFilter      -: Invalid Header Value !! 
11:11:13 [http-nio-8080-exec-1] DEBUG o.s.s.w.a.AnonymousAuthenticationFilter  -: Set SecurityContextHolder to anonymous SecurityContext
11:11:13 [http-nio-8080-exec-1] DEBUG o.s.security.web.FilterChainProxy        -: Secured POST /auth/login
11:11:40 [http-nio-8080-exec-1] INFO  c.d.t.c.EntryPointController             -: Ready to authenticate  the data is UsernamePasswordAuthenticationToken [Principal=Pratheesh, Credentials=[PROTECTED], Authenticated=false, Details=null, Granted Authorities=[]]
11:12:42 [HikariPool-1 housekeeper] WARN  com.zaxxer.hikari.pool.HikariPool        -: HikariPool-1 - Thread starvation or clock leap detected (housekeeper delta=1m2s378ms726µs100ns).
11:12:42 [http-nio-8080-exec-1] DEBUG o.s.s.a.d.DaoAuthenticationProvider      -: Authenticated user
11:12:48 [http-nio-8080-exec-1] INFO  c.d.t.c.EntryPointController             -: Authenticated data = UsernamePasswordAuthenticationToken [Principal=org.springframework.security.core.userdetails.User [Username=Pratheesh, Password=[PROTECTED], Enabled=true, AccountNonExpired=true, credentialsNonExpired=true, AccountNonLocked=true, Granted Authorities=[ROLE_User]], Credentials=[PROTECTED], Authenticated=true, Details=null, Granted Authorities=[ROLE_User]]
11:12:48 [http-nio-8080-exec-1] INFO  c.d.t.c.EntryPointController             -: UserDetails = org.springframework.security.core.userdetails.User [Username=Pratheesh, Password=[PROTECTED], Enabled=true, AccountNonExpired=true, credentialsNonExpired=true, AccountNonLocked=true, Granted Authorities=[ROLE_User]]
11:12:58 [http-nio-8080-exec-4] DEBUG o.s.security.web.FilterChainProxy        -: Securing POST /auth/login
11:12:58 [http-nio-8080-exec-4] INFO  o.s.web.filter.OncePerRequestFilter      -:  Header :  null
11:12:58 [http-nio-8080-exec-4] INFO  o.s.web.filter.OncePerRequestFilter      -: Invalid Header Value !! 
11:12:58 [http-nio-8080-exec-4] DEBUG o.s.s.w.a.AnonymousAuthenticationFilter  -: Set SecurityContextHolder to anonymous SecurityContext
11:12:58 [http-nio-8080-exec-4] DEBUG o.s.security.web.FilterChainProxy        -: Secured POST /auth/login
11:13:44 [HikariPool-1 housekeeper] WARN  com.zaxxer.hikari.pool.HikariPool        -: HikariPool-1 - Thread starvation or clock leap detected (housekeeper delta=1m2s469ms622µs300ns).
11:15:08 [HikariPool-1 housekeeper] WARN  com.zaxxer.hikari.pool.HikariPool        -: HikariPool-1 - Thread starvation or clock leap detected (housekeeper delta=48s885ms571µs).
11:15:14 [http-nio-8080-exec-4] INFO  c.d.t.c.EntryPointController             -: Ready to authenticate  the data is UsernamePasswordAuthenticationToken [Principal=Pratheesh, Credentials=[PROTECTED], Authenticated=false, Details=null, Granted Authorities=[]]
11:15:21 [http-nio-8080-exec-4] DEBUG o.s.s.a.d.DaoAuthenticationProvider      -: Authenticated user
11:15:21 [http-nio-8080-exec-4] INFO  c.d.t.c.EntryPointController             -: Authenticated data = UsernamePasswordAuthenticationToken [Principal=org.springframework.security.core.userdetails.User [Username=Pratheesh, Password=[PROTECTED], Enabled=true, AccountNonExpired=true, credentialsNonExpired=true, AccountNonLocked=true, Granted Authorities=[ROLE_User]], Credentials=[PROTECTED], Authenticated=true, Details=null, Granted Authorities=[ROLE_User]]
11:15:21 [http-nio-8080-exec-4] INFO  c.d.t.c.EntryPointController             -: UserDetails = org.springframework.security.core.userdetails.User [Username=Pratheesh, Password=[PROTECTED], Enabled=true, AccountNonExpired=true, credentialsNonExpired=true, AccountNonLocked=true, Granted Authorities=[ROLE_User]]
11:15:28 [http-nio-8080-exec-8] DEBUG o.s.security.web.FilterChainProxy        -: Securing POST /auth/login
11:15:28 [http-nio-8080-exec-8] INFO  o.s.web.filter.OncePerRequestFilter      -:  Header :  null
11:15:28 [http-nio-8080-exec-8] INFO  o.s.web.filter.OncePerRequestFilter      -: Invalid Header Value !! 
11:15:28 [http-nio-8080-exec-8] DEBUG o.s.s.w.a.AnonymousAuthenticationFilter  -: Set SecurityContextHolder to anonymous SecurityContext
11:15:28 [http-nio-8080-exec-8] DEBUG o.s.security.web.FilterChainProxy        -: Secured POST /auth/login
11:17:40 [http-nio-8080-exec-8] INFO  c.d.t.c.EntryPointController             -: Ready to authenticate  the data is UsernamePasswordAuthenticationToken [Principal=Pratheesh, Credentials=[PROTECTED], Authenticated=false, Details=null, Granted Authorities=[]]
11:19:57 [HikariPool-1 housekeeper] WARN  com.zaxxer.hikari.pool.HikariPool        -: HikariPool-1 - Thread starvation or clock leap detected (housekeeper delta=1m9s811ms294µs).
11:21:26 [HikariPool-1 housekeeper] WARN  com.zaxxer.hikari.pool.HikariPool        -: HikariPool-1 - Thread starvation or clock leap detected (housekeeper delta=55s399ms211µs600ns).
11:23:41 [HikariPool-1 housekeeper] WARN  com.zaxxer.hikari.pool.HikariPool        -: HikariPool-1 - Thread starvation or clock leap detected (housekeeper delta=1m2s642ms544µs100ns).
11:26:09 [HikariPool-1 housekeeper] WARN  com.zaxxer.hikari.pool.HikariPool        -: HikariPool-1 - Thread starvation or clock leap detected (housekeeper delta=45s160ms351µs600ns).
11:27:16 [http-nio-8080-exec-8] DEBUG o.s.s.a.d.DaoAuthenticationProvider      -: Authenticated user
11:27:52 [http-nio-8080-exec-8] INFO  c.d.t.c.EntryPointController             -: Authenticated data = UsernamePasswordAuthenticationToken [Principal=org.springframework.security.core.userdetails.User [Username=Pratheesh, Password=[PROTECTED], Enabled=true, AccountNonExpired=true, credentialsNonExpired=true, AccountNonLocked=true, Granted Authorities=[ROLE_User]], Credentials=[PROTECTED], Authenticated=true, Details=null, Granted Authorities=[ROLE_User]]
11:28:10 [http-nio-8080-exec-8] INFO  c.d.t.c.EntryPointController             -: UserDetails = org.springframework.security.core.userdetails.User [Username=Pratheesh, Password=[PROTECTED], Enabled=true, AccountNonExpired=true, credentialsNonExpired=true, AccountNonLocked=true, Granted Authorities=[ROLE_User]]
11:28:40 [http-nio-8080-exec-7] DEBUG o.s.security.web.FilterChainProxy        -: Securing POST /auth/login
11:28:40 [http-nio-8080-exec-7] INFO  o.s.web.filter.OncePerRequestFilter      -:  Header :  null
11:28:40 [http-nio-8080-exec-7] INFO  o.s.web.filter.OncePerRequestFilter      -: Invalid Header Value !! 
11:28:40 [http-nio-8080-exec-7] DEBUG o.s.s.w.a.AnonymousAuthenticationFilter  -: Set SecurityContextHolder to anonymous SecurityContext
11:28:40 [http-nio-8080-exec-7] DEBUG o.s.security.web.FilterChainProxy        -: Secured POST /auth/login
11:28:48 [http-nio-8080-exec-7] INFO  c.d.t.c.EntryPointController             -: Ready to authenticate  the data is UsernamePasswordAuthenticationToken [Principal=abc, Credentials=[PROTECTED], Authenticated=false, Details=null, Granted Authorities=[]]
11:29:21 [HikariPool-1 housekeeper] WARN  com.zaxxer.hikari.pool.HikariPool        -: HikariPool-1 - Thread starvation or clock leap detected (housekeeper delta=45s630ms86µs600ns).
11:31:36 [HikariPool-1 housekeeper] WARN  com.zaxxer.hikari.pool.HikariPool        -: HikariPool-1 - Thread starvation or clock leap detected (housekeeper delta=57s91ms214µs200ns).
11:34:01 [HikariPool-1 housekeeper] WARN  com.zaxxer.hikari.pool.HikariPool        -: HikariPool-1 - Thread starvation or clock leap detected (housekeeper delta=46s728ms302µs700ns).
11:35:28 [HikariPool-1 housekeeper] WARN  com.zaxxer.hikari.pool.HikariPool        -: HikariPool-1 - Thread starvation or clock leap detected (housekeeper delta=50s239ms189µs300ns).
11:37:18 [HikariPool-1 housekeeper] WARN  com.zaxxer.hikari.pool.HikariPool        -: HikariPool-1 - Thread starvation or clock leap detected (housekeeper delta=49s425ms104µs600ns).
11:38:12 [HikariPool-1 housekeeper] WARN  com.zaxxer.hikari.pool.HikariPool        -: HikariPool-1 - Thread starvation or clock leap detected (housekeeper delta=54s70ms977µs800ns).
11:41:12 [http-nio-8080-exec-7] DEBUG o.s.s.a.d.DaoAuthenticationProvider      -: Failed to authenticate since password does not match stored value
11:41:12 [HikariPool-1 housekeeper] WARN  com.zaxxer.hikari.pool.HikariPool        -: HikariPool-1 - Thread starvation or clock leap detected (housekeeper delta=1m16s689ms35µs900ns).
11:42:27 [SpringApplicationShutdownHook] INFO  o.s.o.j.LocalContainerEntityManagerFactoryBean -: Closing JPA EntityManagerFactory for persistence unit 'default'
11:42:27 [SpringApplicationShutdownHook] INFO  com.zaxxer.hikari.HikariDataSource       -: HikariPool-1 - Shutdown initiated...
11:42:27 [SpringApplicationShutdownHook] INFO  com.zaxxer.hikari.HikariDataSource       -: HikariPool-1 - Shutdown completed.
11:42:32 [background-preinit] INFO  o.h.validator.internal.util.Version      -: HV000001: Hibernate Validator 8.0.1.Final
11:42:32 [main] INFO  com.diatoz.task1.Task1Application        -: Starting Task1Application using Java 21 with PID 21732 (C:\Users\prath\OneDrive\Desktop\Project\task1\target\classes started by prath in C:\Users\prath\OneDrive\Desktop\Project\task1)
11:42:32 [main] INFO  com.diatoz.task1.Task1Application        -: No active profile set, falling back to 1 default profile: "default"
11:42:33 [main] INFO  o.s.d.r.c.RepositoryConfigurationDelegate -: Bootstrapping Spring Data JPA repositories in DEFAULT mode.
11:42:33 [main] INFO  o.s.d.r.c.RepositoryConfigurationDelegate -: Finished Spring Data repository scanning in 61 ms. Found 2 JPA repository interfaces.
11:42:33 [main] INFO  o.s.b.w.e.tomcat.TomcatWebServer         -: Tomcat initialized with port(s): 8080 (http)
11:42:33 [main] INFO  o.a.coyote.http11.Http11NioProtocol      -: Initializing ProtocolHandler ["http-nio-8080"]
11:42:33 [main] INFO  o.a.catalina.core.StandardService        -: Starting service [Tomcat]
11:42:33 [main] INFO  o.a.catalina.core.StandardEngine         -: Starting Servlet engine: [Apache Tomcat/10.1.13]
11:42:34 [main] INFO  o.a.c.c.C.[Tomcat].[localhost].[/]       -: Initializing Spring embedded WebApplicationContext
11:42:34 [main] INFO  o.s.b.w.s.c.ServletWebServerApplicationContext -: Root WebApplicationContext: initialization completed in 1776 ms
11:42:34 [main] INFO  o.h.jpa.internal.util.LogHelper          -: HHH000204: Processing PersistenceUnitInfo [name: default]
11:42:34 [main] INFO  org.hibernate.Version                    -: HHH000412: Hibernate ORM core version 6.2.9.Final
11:42:34 [main] INFO  org.hibernate.cfg.Environment            -: HHH000406: Using bytecode reflection optimizer
11:42:34 [main] INFO  o.h.b.i.BytecodeProviderInitiator        -: HHH000021: Bytecode provider name : bytebuddy
11:42:34 [main] INFO  o.s.o.j.p.SpringPersistenceUnitInfo      -: No LoadTimeWeaver setup: ignoring JPA class transformer
11:42:34 [main] INFO  com.zaxxer.hikari.HikariDataSource       -: HikariPool-1 - Starting...
11:42:35 [main] INFO  com.zaxxer.hikari.pool.HikariPool        -: HikariPool-1 - Added connection com.mysql.cj.jdbc.ConnectionImpl@3a70575
11:42:35 [main] INFO  com.zaxxer.hikari.HikariDataSource       -: HikariPool-1 - Start completed.
11:42:35 [main] INFO  o.h.b.i.BytecodeProviderInitiator        -: HHH000021: Bytecode provider name : bytebuddy
11:42:36 [main] INFO  o.h.e.t.j.p.i.JtaPlatformInitiator       -: HHH000490: Using JtaPlatform implementation: [org.hibernate.engine.transaction.jta.platform.internal.NoJtaPlatform]
11:42:36 [main] INFO  o.s.o.j.LocalContainerEntityManagerFactoryBean -: Initialized JPA EntityManagerFactory for persistence unit 'default'
11:42:36 [main] WARN  o.s.b.a.o.j.JpaBaseConfiguration$JpaWebConfiguration -: spring.jpa.open-in-view is enabled by default. Therefore, database queries may be performed during view rendering. Explicitly configure spring.jpa.open-in-view to disable this warning
11:42:37 [main] INFO  o.s.s.web.DefaultSecurityFilterChain     -: Will secure any request with [org.springframework.security.web.session.DisableEncodeUrlFilter@1e86b2d1, org.springframework.security.web.context.request.async.WebAsyncManagerIntegrationFilter@65029fc, org.springframework.security.web.context.SecurityContextHolderFilter@235d46b2, org.springframework.security.web.header.HeaderWriterFilter@3390621a, org.springframework.security.web.authentication.logout.LogoutFilter@5e97da56, com.diatoz.task1.security.JwtAuthenticationFilter@1eb9a3ef, org.springframework.security.web.savedrequest.RequestCacheAwareFilter@f83616, org.springframework.security.web.servletapi.SecurityContextHolderAwareRequestFilter@2e17a9e6, org.springframework.security.web.authentication.AnonymousAuthenticationFilter@4865434e, org.springframework.security.web.session.SessionManagementFilter@413e8246, org.springframework.security.web.access.ExceptionTranslationFilter@44ec6637, org.springframework.security.web.access.intercept.AuthorizationFilter@443b9ebb]
11:42:37 [main] INFO  o.a.coyote.http11.Http11NioProtocol      -: Starting ProtocolHandler ["http-nio-8080"]
11:42:37 [main] INFO  o.s.b.w.e.tomcat.TomcatWebServer         -: Tomcat started on port(s): 8080 (http) with context path ''
11:42:37 [main] INFO  com.diatoz.task1.Task1Application        -: Started Task1Application in 5.514 seconds (process running for 6.225)
11:42:46 [http-nio-8080-exec-1] INFO  o.a.c.c.C.[Tomcat].[localhost].[/]       -: Initializing Spring DispatcherServlet 'dispatcherServlet'
11:42:46 [http-nio-8080-exec-1] INFO  o.s.web.servlet.DispatcherServlet        -: Initializing Servlet 'dispatcherServlet'
11:42:46 [http-nio-8080-exec-1] INFO  o.s.web.servlet.DispatcherServlet        -: Completed initialization in 2 ms
11:42:46 [http-nio-8080-exec-1] DEBUG o.s.security.web.FilterChainProxy        -: Securing POST /auth/login
11:42:46 [http-nio-8080-exec-1] INFO  o.s.web.filter.OncePerRequestFilter      -:  Header :  null
11:42:46 [http-nio-8080-exec-1] INFO  o.s.web.filter.OncePerRequestFilter      -: Invalid Header Value !! 
11:42:46 [http-nio-8080-exec-1] DEBUG o.s.s.w.a.AnonymousAuthenticationFilter  -: Set SecurityContextHolder to anonymous SecurityContext
11:42:46 [http-nio-8080-exec-1] DEBUG o.s.security.web.FilterChainProxy        -: Secured POST /auth/login
11:42:46 [http-nio-8080-exec-1] INFO  c.d.t.c.EntryPointController             -: Ready to authenticate  the data is UsernamePasswordAuthenticationToken [Principal=abc, Credentials=[PROTECTED], Authenticated=false, Details=null, Granted Authorities=[]]
11:42:46 [http-nio-8080-exec-1] DEBUG o.s.s.a.d.DaoAuthenticationProvider      -: Authenticated user
11:42:46 [http-nio-8080-exec-1] INFO  c.d.t.c.EntryPointController             -: UserDetails = org.springframework.security.core.userdetails.User [Username=abc, Password=[PROTECTED], Enabled=true, AccountNonExpired=true, credentialsNonExpired=true, AccountNonLocked=true, Granted Authorities=[ROLE_User]]
