18:49:47 [SpringApplicationShutdownHook] INFO  o.s.o.j.LocalContainerEntityManagerFactoryBean -: Closing JPA EntityManagerFactory for persistence unit 'default'
18:49:47 [SpringApplicationShutdownHook] INFO  com.zaxxer.hikari.HikariDataSource       -: HikariPool-1 - Shutdown initiated...
18:49:47 [SpringApplicationShutdownHook] INFO  com.zaxxer.hikari.HikariDataSource       -: HikariPool-1 - Shutdown completed.
18:49:53 [background-preinit] INFO  o.h.validator.internal.util.Version      -: HV000001: Hibernate Validator 8.0.1.Final
18:49:53 [main] INFO  com.diatoz.task1.Task1Application        -: Starting Task1Application using Java 21 with PID 18880 (C:\Users\prath\OneDrive\Desktop\Project\task1\target\classes started by prath in C:\Users\prath\OneDrive\Desktop\Project\task1)
18:49:53 [main] INFO  com.diatoz.task1.Task1Application        -: No active profile set, falling back to 1 default profile: "default"
18:49:55 [main] INFO  o.s.d.r.c.RepositoryConfigurationDelegate -: Bootstrapping Spring Data JPA repositories in DEFAULT mode.
18:49:55 [main] INFO  o.s.d.r.c.RepositoryConfigurationDelegate -: Finished Spring Data repository scanning in 70 ms. Found 3 JPA repository interfaces.
18:49:55 [main] INFO  o.s.b.w.e.tomcat.TomcatWebServer         -: Tomcat initialized with port(s): 8080 (http)
18:49:55 [main] INFO  o.a.coyote.http11.Http11NioProtocol      -: Initializing ProtocolHandler ["http-nio-8080"]
18:49:55 [main] INFO  o.a.catalina.core.StandardService        -: Starting service [Tomcat]
18:49:55 [main] INFO  o.a.catalina.core.StandardEngine         -: Starting Servlet engine: [Apache Tomcat/10.1.13]
18:49:56 [main] INFO  o.a.c.c.C.[Tomcat].[localhost].[/]       -: Initializing Spring embedded WebApplicationContext
18:49:56 [main] INFO  o.s.b.w.s.c.ServletWebServerApplicationContext -: Root WebApplicationContext: initialization completed in 2016 ms
18:49:56 [main] INFO  o.h.jpa.internal.util.LogHelper          -: HHH000204: Processing PersistenceUnitInfo [name: default]
18:49:56 [main] INFO  org.hibernate.Version                    -: HHH000412: Hibernate ORM core version 6.2.9.Final
18:49:56 [main] INFO  org.hibernate.cfg.Environment            -: HHH000406: Using bytecode reflection optimizer
18:49:56 [main] INFO  o.h.b.i.BytecodeProviderInitiator        -: HHH000021: Bytecode provider name : bytebuddy
18:49:56 [main] INFO  o.s.o.j.p.SpringPersistenceUnitInfo      -: No LoadTimeWeaver setup: ignoring JPA class transformer
18:49:56 [main] INFO  com.zaxxer.hikari.HikariDataSource       -: HikariPool-1 - Starting...
18:49:57 [main] INFO  com.zaxxer.hikari.pool.HikariPool        -: HikariPool-1 - Added connection com.mysql.cj.jdbc.ConnectionImpl@ff4b223
18:49:57 [main] INFO  com.zaxxer.hikari.HikariDataSource       -: HikariPool-1 - Start completed.
18:49:57 [main] INFO  o.h.b.i.BytecodeProviderInitiator        -: HHH000021: Bytecode provider name : bytebuddy
18:49:58 [main] INFO  o.h.e.t.j.p.i.JtaPlatformInitiator       -: HHH000490: Using JtaPlatform implementation: [org.hibernate.engine.transaction.jta.platform.internal.NoJtaPlatform]
18:49:58 [main] INFO  o.s.o.j.LocalContainerEntityManagerFactoryBean -: Initialized JPA EntityManagerFactory for persistence unit 'default'
18:49:58 [main] WARN  o.s.b.a.o.j.JpaBaseConfiguration$JpaWebConfiguration -: spring.jpa.open-in-view is enabled by default. Therefore, database queries may be performed during view rendering. Explicitly configure spring.jpa.open-in-view to disable this warning
18:49:59 [main] INFO  o.s.s.web.DefaultSecurityFilterChain     -: Will secure any request with [org.springframework.security.web.session.DisableEncodeUrlFilter@2b68c59b, org.springframework.security.web.context.request.async.WebAsyncManagerIntegrationFilter@326d39fd, org.springframework.security.web.context.SecurityContextHolderFilter@2e4262d2, org.springframework.security.web.header.HeaderWriterFilter@48064a5a, org.springframework.security.web.csrf.CsrfFilter@240c626d, org.springframework.security.web.authentication.logout.LogoutFilter@73ba3c4b, org.springframework.security.web.authentication.UsernamePasswordAuthenticationFilter@64faf3d, org.springframework.security.web.authentication.ui.DefaultLoginPageGeneratingFilter@308d8de8, org.springframework.security.web.authentication.ui.DefaultLogoutPageGeneratingFilter@403f6c04, org.springframework.security.web.authentication.www.BasicAuthenticationFilter@5b395ee, org.springframework.security.web.savedrequest.RequestCacheAwareFilter@257e8c43, org.springframework.security.web.servletapi.SecurityContextHolderAwareRequestFilter@49522bdf, org.springframework.security.web.authentication.AnonymousAuthenticationFilter@2693e39c, org.springframework.security.web.access.ExceptionTranslationFilter@5889e697, org.springframework.security.web.access.intercept.AuthorizationFilter@b1d7b09]
18:49:59 [main] INFO  o.a.coyote.http11.Http11NioProtocol      -: Starting ProtocolHandler ["http-nio-8080"]
18:49:59 [main] INFO  o.s.b.w.e.tomcat.TomcatWebServer         -: Tomcat started on port(s): 8080 (http) with context path ''
18:49:59 [main] INFO  com.diatoz.task1.Task1Application        -: Started Task1Application in 5.622 seconds (process running for 6.416)
18:50:21 [SpringApplicationShutdownHook] INFO  o.s.o.j.LocalContainerEntityManagerFactoryBean -: Closing JPA EntityManagerFactory for persistence unit 'default'
18:50:21 [SpringApplicationShutdownHook] INFO  com.zaxxer.hikari.HikariDataSource       -: HikariPool-1 - Shutdown initiated...
18:50:21 [SpringApplicationShutdownHook] INFO  com.zaxxer.hikari.HikariDataSource       -: HikariPool-1 - Shutdown completed.
18:50:26 [background-preinit] INFO  o.h.validator.internal.util.Version      -: HV000001: Hibernate Validator 8.0.1.Final
18:50:26 [main] INFO  com.diatoz.task1.Task1Application        -: Starting Task1Application using Java 21 with PID 10328 (C:\Users\prath\OneDrive\Desktop\Project\task1\target\classes started by prath in C:\Users\prath\OneDrive\Desktop\Project\task1)
18:50:26 [main] INFO  com.diatoz.task1.Task1Application        -: No active profile set, falling back to 1 default profile: "default"
18:50:27 [main] INFO  o.s.d.r.c.RepositoryConfigurationDelegate -: Bootstrapping Spring Data JPA repositories in DEFAULT mode.
18:50:27 [main] INFO  o.s.d.r.c.RepositoryConfigurationDelegate -: Finished Spring Data repository scanning in 62 ms. Found 3 JPA repository interfaces.
18:50:28 [main] INFO  o.s.b.w.e.tomcat.TomcatWebServer         -: Tomcat initialized with port(s): 8080 (http)
18:50:28 [main] INFO  o.a.coyote.http11.Http11NioProtocol      -: Initializing ProtocolHandler ["http-nio-8080"]
18:50:28 [main] INFO  o.a.catalina.core.StandardService        -: Starting service [Tomcat]
18:50:28 [main] INFO  o.a.catalina.core.StandardEngine         -: Starting Servlet engine: [Apache Tomcat/10.1.13]
18:50:28 [main] INFO  o.a.c.c.C.[Tomcat].[localhost].[/]       -: Initializing Spring embedded WebApplicationContext
18:50:28 [main] INFO  o.s.b.w.s.c.ServletWebServerApplicationContext -: Root WebApplicationContext: initialization completed in 1991 ms
18:50:29 [main] INFO  o.h.jpa.internal.util.LogHelper          -: HHH000204: Processing PersistenceUnitInfo [name: default]
18:50:29 [main] INFO  org.hibernate.Version                    -: HHH000412: Hibernate ORM core version 6.2.9.Final
18:50:29 [main] INFO  org.hibernate.cfg.Environment            -: HHH000406: Using bytecode reflection optimizer
18:50:29 [main] INFO  o.h.b.i.BytecodeProviderInitiator        -: HHH000021: Bytecode provider name : bytebuddy
18:50:29 [main] INFO  o.s.o.j.p.SpringPersistenceUnitInfo      -: No LoadTimeWeaver setup: ignoring JPA class transformer
18:50:29 [main] INFO  com.zaxxer.hikari.HikariDataSource       -: HikariPool-1 - Starting...
18:50:30 [main] INFO  com.zaxxer.hikari.pool.HikariPool        -: HikariPool-1 - Added connection com.mysql.cj.jdbc.ConnectionImpl@6a6e9289
18:50:30 [main] INFO  com.zaxxer.hikari.HikariDataSource       -: HikariPool-1 - Start completed.
18:50:30 [main] INFO  o.h.b.i.BytecodeProviderInitiator        -: HHH000021: Bytecode provider name : bytebuddy
18:50:31 [main] INFO  o.h.e.t.j.p.i.JtaPlatformInitiator       -: HHH000490: Using JtaPlatform implementation: [org.hibernate.engine.transaction.jta.platform.internal.NoJtaPlatform]
18:50:31 [main] INFO  o.s.o.j.LocalContainerEntityManagerFactoryBean -: Initialized JPA EntityManagerFactory for persistence unit 'default'
18:50:31 [main] WARN  o.s.b.a.o.j.JpaBaseConfiguration$JpaWebConfiguration -: spring.jpa.open-in-view is enabled by default. Therefore, database queries may be performed during view rendering. Explicitly configure spring.jpa.open-in-view to disable this warning
18:50:32 [main] INFO  o.s.s.web.DefaultSecurityFilterChain     -: Will secure any request with [org.springframework.security.web.session.DisableEncodeUrlFilter@5b9c74a, org.springframework.security.web.context.request.async.WebAsyncManagerIntegrationFilter@5b395ee, org.springframework.security.web.context.SecurityContextHolderFilter@2c3d1214, org.springframework.security.web.header.HeaderWriterFilter@2e895acb, org.springframework.security.web.csrf.CsrfFilter@68e6856c, org.springframework.security.web.authentication.logout.LogoutFilter@309b6768, org.springframework.security.web.authentication.UsernamePasswordAuthenticationFilter@42c9f2cd, org.springframework.security.web.authentication.ui.DefaultLoginPageGeneratingFilter@77587422, org.springframework.security.web.authentication.ui.DefaultLogoutPageGeneratingFilter@24facb47, org.springframework.security.web.authentication.www.BasicAuthenticationFilter@648c80cb, org.springframework.security.web.savedrequest.RequestCacheAwareFilter@7d018c58, org.springframework.security.web.servletapi.SecurityContextHolderAwareRequestFilter@257e8c43, org.springframework.security.web.authentication.AnonymousAuthenticationFilter@6020cd42, org.springframework.security.web.access.ExceptionTranslationFilter@665c79a2, org.springframework.security.web.access.intercept.AuthorizationFilter@3431cb1f]
18:50:32 [main] INFO  o.a.coyote.http11.Http11NioProtocol      -: Starting ProtocolHandler ["http-nio-8080"]
18:50:32 [main] INFO  o.s.b.w.e.tomcat.TomcatWebServer         -: Tomcat started on port(s): 8080 (http) with context path ''
18:50:32 [main] INFO  com.diatoz.task1.Task1Application        -: Started Task1Application in 5.873 seconds (process running for 6.505)
18:50:45 [http-nio-8080-exec-1] INFO  o.a.c.c.C.[Tomcat].[localhost].[/]       -: Initializing Spring DispatcherServlet 'dispatcherServlet'
18:50:45 [http-nio-8080-exec-1] INFO  o.s.web.servlet.DispatcherServlet        -: Initializing Servlet 'dispatcherServlet'
18:50:45 [http-nio-8080-exec-1] INFO  o.s.web.servlet.DispatcherServlet        -: Completed initialization in 0 ms
18:50:45 [http-nio-8080-exec-1] DEBUG o.s.security.web.FilterChainProxy        -: Securing POST /login
18:50:45 [http-nio-8080-exec-1] DEBUG o.s.security.web.csrf.CsrfFilter         -: Invalid CSRF token found for http://localhost:8080/login
18:50:45 [http-nio-8080-exec-1] DEBUG o.s.s.w.a.AccessDeniedHandlerImpl        -: Responding with 403 status code
18:50:45 [http-nio-8080-exec-1] DEBUG o.s.security.web.FilterChainProxy        -: Securing POST /error
18:50:45 [http-nio-8080-exec-1] DEBUG o.s.s.w.a.AnonymousAuthenticationFilter  -: Set SecurityContextHolder to anonymous SecurityContext
18:50:45 [http-nio-8080-exec-1] DEBUG o.s.s.w.a.DelegatingAuthenticationEntryPoint -: Trying to match using And [Not [RequestHeaderRequestMatcher [expectedHeaderName=X-Requested-With, expectedHeaderValue=XMLHttpRequest]], MediaTypeRequestMatcher [contentNegotiationStrategy=org.springframework.web.accept.ContentNegotiationManager@6d96a895, matchingMediaTypes=[application/xhtml+xml, image/*, text/html, text/plain], useEquals=false, ignoredMediaTypes=[*/*]]]
18:50:45 [http-nio-8080-exec-1] DEBUG o.s.s.w.a.DelegatingAuthenticationEntryPoint -: Match found! Executing org.springframework.security.web.authentication.LoginUrlAuthenticationEntryPoint@52e5ad71
18:50:45 [http-nio-8080-exec-1] DEBUG o.s.s.web.DefaultRedirectStrategy        -: Redirecting to http://localhost:8080/login
18:50:45 [http-nio-8080-exec-2] DEBUG o.s.security.web.FilterChainProxy        -: Securing GET /login
18:50:45 [http-nio-8080-exec-3] DEBUG o.s.security.web.FilterChainProxy        -: Securing GET /favicon.ico
18:50:45 [http-nio-8080-exec-3] DEBUG o.s.s.w.a.AnonymousAuthenticationFilter  -: Set SecurityContextHolder to anonymous SecurityContext
18:50:45 [http-nio-8080-exec-3] DEBUG o.s.s.w.a.DelegatingAuthenticationEntryPoint -: Trying to match using And [Not [RequestHeaderRequestMatcher [expectedHeaderName=X-Requested-With, expectedHeaderValue=XMLHttpRequest]], MediaTypeRequestMatcher [contentNegotiationStrategy=org.springframework.web.accept.ContentNegotiationManager@6d96a895, matchingMediaTypes=[application/xhtml+xml, image/*, text/html, text/plain], useEquals=false, ignoredMediaTypes=[*/*]]]
18:50:45 [http-nio-8080-exec-3] DEBUG o.s.s.w.a.DelegatingAuthenticationEntryPoint -: Match found! Executing org.springframework.security.web.authentication.LoginUrlAuthenticationEntryPoint@52e5ad71
18:50:45 [http-nio-8080-exec-3] DEBUG o.s.s.web.DefaultRedirectStrategy        -: Redirecting to http://localhost:8080/login
18:50:45 [http-nio-8080-exec-4] DEBUG o.s.security.web.FilterChainProxy        -: Securing GET /login
18:52:07 [http-nio-8080-exec-7] DEBUG o.s.security.web.FilterChainProxy        -: Securing POST /login
18:52:07 [http-nio-8080-exec-7] INFO  o.s.s.c.u.UserDetailsService             -: load the user by user name for user Pratheesh 
18:52:07 [http-nio-8080-exec-7] INFO  o.s.s.c.u.UserDetailsService             -: loaded user data is com.diatoz.task1.entity.AccountDetails@4f418032
18:52:07 [http-nio-8080-exec-7] INFO  o.s.s.core.userdetails.UserDetails       -: Authentication on UserDetails 
18:52:07 [http-nio-8080-exec-7] INFO  o.s.s.c.u.UserDetailsService             -: prath@123
18:52:07 [http-nio-8080-exec-7] DEBUG o.s.s.a.d.DaoAuthenticationProvider      -: Authenticated user
18:52:07 [http-nio-8080-exec-7] DEBUG o.s.s.w.a.s.ChangeSessionIdAuthenticationStrategy -: Changed session id from A149F15031747C0D28E4F740E8023E34
18:52:07 [http-nio-8080-exec-7] DEBUG o.s.s.w.c.CsrfAuthenticationStrategy     -: Replaced CSRF Token
18:52:07 [http-nio-8080-exec-7] DEBUG o.s.s.w.c.HttpSessionSecurityContextRepository -: Stored SecurityContextImpl [Authentication=UsernamePasswordAuthenticationToken [Principal=com.diatoz.task1.securitydb.AccountUserDetails@74af954e, Credentials=[PROTECTED], Authenticated=true, Details=WebAuthenticationDetails [RemoteIpAddress=0:0:0:0:0:0:0:1, SessionId=A149F15031747C0D28E4F740E8023E34], Granted Authorities=[USER]]] to HttpSession [org.apache.catalina.session.StandardSessionFacade@7069f9e9]
18:52:07 [http-nio-8080-exec-7] DEBUG o.s.s.w.a.UsernamePasswordAuthenticationFilter -: Set SecurityContextHolder to UsernamePasswordAuthenticationToken [Principal=com.diatoz.task1.securitydb.AccountUserDetails@74af954e, Credentials=[PROTECTED], Authenticated=true, Details=WebAuthenticationDetails [RemoteIpAddress=0:0:0:0:0:0:0:1, SessionId=A149F15031747C0D28E4F740E8023E34], Granted Authorities=[USER]]
18:52:07 [http-nio-8080-exec-7] DEBUG o.s.s.web.DefaultRedirectStrategy        -: Redirecting to /
18:52:07 [http-nio-8080-exec-8] DEBUG o.s.security.web.FilterChainProxy        -: Securing GET /
18:52:07 [http-nio-8080-exec-8] DEBUG o.s.s.w.c.HttpSessionSecurityContextRepository -: Retrieved SecurityContextImpl [Authentication=UsernamePasswordAuthenticationToken [Principal=com.diatoz.task1.securitydb.AccountUserDetails@74af954e, Credentials=[PROTECTED], Authenticated=true, Details=WebAuthenticationDetails [RemoteIpAddress=0:0:0:0:0:0:0:1, SessionId=A149F15031747C0D28E4F740E8023E34], Granted Authorities=[USER]]]
18:52:07 [http-nio-8080-exec-8] DEBUG o.s.security.web.FilterChainProxy        -: Secured GET /
18:52:07 [http-nio-8080-exec-8] INFO  o.s.web.filter.OncePerRequestFilter      -:  Header :  null
18:52:07 [http-nio-8080-exec-8] INFO  o.s.web.filter.OncePerRequestFilter      -: Invalid Header Value !! 
18:52:07 [http-nio-8080-exec-8] DEBUG o.s.security.web.FilterChainProxy        -: Securing GET /error
18:52:07 [http-nio-8080-exec-8] DEBUG o.s.s.w.c.HttpSessionSecurityContextRepository -: Retrieved SecurityContextImpl [Authentication=UsernamePasswordAuthenticationToken [Principal=com.diatoz.task1.securitydb.AccountUserDetails@74af954e, Credentials=[PROTECTED], Authenticated=true, Details=WebAuthenticationDetails [RemoteIpAddress=0:0:0:0:0:0:0:1, SessionId=A149F15031747C0D28E4F740E8023E34], Granted Authorities=[USER]]]
18:52:07 [http-nio-8080-exec-8] DEBUG o.s.security.web.FilterChainProxy        -: Secured GET /error
18:52:07 [http-nio-8080-exec-9] DEBUG o.s.security.web.FilterChainProxy        -: Securing GET /favicon.ico
18:52:07 [http-nio-8080-exec-9] DEBUG o.s.s.w.c.HttpSessionSecurityContextRepository -: Retrieved SecurityContextImpl [Authentication=UsernamePasswordAuthenticationToken [Principal=com.diatoz.task1.securitydb.AccountUserDetails@74af954e, Credentials=[PROTECTED], Authenticated=true, Details=WebAuthenticationDetails [RemoteIpAddress=0:0:0:0:0:0:0:1, SessionId=A149F15031747C0D28E4F740E8023E34], Granted Authorities=[USER]]]
18:52:07 [http-nio-8080-exec-9] DEBUG o.s.security.web.FilterChainProxy        -: Secured GET /favicon.ico
18:52:07 [http-nio-8080-exec-9] INFO  o.s.web.filter.OncePerRequestFilter      -:  Header :  null
18:52:07 [http-nio-8080-exec-9] INFO  o.s.web.filter.OncePerRequestFilter      -: Invalid Header Value !! 
18:52:07 [http-nio-8080-exec-9] DEBUG o.s.security.web.FilterChainProxy        -: Securing GET /error
18:52:07 [http-nio-8080-exec-9] DEBUG o.s.s.w.c.HttpSessionSecurityContextRepository -: Retrieved SecurityContextImpl [Authentication=UsernamePasswordAuthenticationToken [Principal=com.diatoz.task1.securitydb.AccountUserDetails@74af954e, Credentials=[PROTECTED], Authenticated=true, Details=WebAuthenticationDetails [RemoteIpAddress=0:0:0:0:0:0:0:1, SessionId=A149F15031747C0D28E4F740E8023E34], Granted Authorities=[USER]]]
18:52:07 [http-nio-8080-exec-9] DEBUG o.s.security.web.FilterChainProxy        -: Secured GET /error
18:52:21 [http-nio-8080-exec-10] DEBUG o.s.s.w.f.HttpStatusRequestRejectedHandler -: Rejecting request due to: The request was rejected because the URL contained a potentially malicious String "//"
org.springframework.security.web.firewall.RequestRejectedException: The request was rejected because the URL contained a potentially malicious String "//"
	at org.springframework.security.web.firewall.StrictHttpFirewall.rejectedBlocklistedUrls(StrictHttpFirewall.java:535)
	at org.springframework.security.web.firewall.StrictHttpFirewall.getFirewalledRequest(StrictHttpFirewall.java:505)
	at org.springframework.security.web.FilterChainProxy.doFilterInternal(FilterChainProxy.java:211)
	at org.springframework.security.web.FilterChainProxy.doFilter(FilterChainProxy.java:191)
	at org.springframework.web.filter.DelegatingFilterProxy.invokeDelegate(DelegatingFilterProxy.java:352)
	at org.springframework.web.filter.DelegatingFilterProxy.doFilter(DelegatingFilterProxy.java:268)
	at org.apache.catalina.core.ApplicationFilterChain.internalDoFilter(ApplicationFilterChain.java:174)
	at org.apache.catalina.core.ApplicationFilterChain.doFilter(ApplicationFilterChain.java:149)
	at org.springframework.web.filter.RequestContextFilter.doFilterInternal(RequestContextFilter.java:100)
	at org.springframework.web.filter.OncePerRequestFilter.doFilter(OncePerRequestFilter.java:116)
	at org.apache.catalina.core.ApplicationFilterChain.internalDoFilter(ApplicationFilterChain.java:174)
	at org.apache.catalina.core.ApplicationFilterChain.doFilter(ApplicationFilterChain.java:149)
	at org.springframework.web.filter.FormContentFilter.doFilterInternal(FormContentFilter.java:93)
	at org.springframework.web.filter.OncePerRequestFilter.doFilter(OncePerRequestFilter.java:116)
	at org.apache.catalina.core.ApplicationFilterChain.internalDoFilter(ApplicationFilterChain.java:174)
	at org.apache.catalina.core.ApplicationFilterChain.doFilter(ApplicationFilterChain.java:149)
	at org.springframework.web.filter.CharacterEncodingFilter.doFilterInternal(CharacterEncodingFilter.java:201)
	at org.springframework.web.filter.OncePerRequestFilter.doFilter(OncePerRequestFilter.java:116)
	at org.apache.catalina.core.ApplicationFilterChain.internalDoFilter(ApplicationFilterChain.java:174)
	at org.apache.catalina.core.ApplicationFilterChain.doFilter(ApplicationFilterChain.java:149)
	at org.apache.catalina.core.StandardWrapperValve.invoke(StandardWrapperValve.java:167)
	at org.apache.catalina.core.StandardContextValve.invoke(StandardContextValve.java:90)
	at org.apache.catalina.authenticator.AuthenticatorBase.invoke(AuthenticatorBase.java:482)
	at org.apache.catalina.core.StandardHostValve.invoke(StandardHostValve.java:115)
	at org.apache.catalina.valves.ErrorReportValve.invoke(ErrorReportValve.java:93)
	at org.apache.catalina.core.StandardEngineValve.invoke(StandardEngineValve.java:74)
	at org.apache.catalina.connector.CoyoteAdapter.service(CoyoteAdapter.java:341)
	at org.apache.coyote.http11.Http11Processor.service(Http11Processor.java:391)
	at org.apache.coyote.AbstractProcessorLight.process(AbstractProcessorLight.java:63)
	at org.apache.coyote.AbstractProtocol$ConnectionHandler.process(AbstractProtocol.java:894)
	at org.apache.tomcat.util.net.NioEndpoint$SocketProcessor.doRun(NioEndpoint.java:1740)
	at org.apache.tomcat.util.net.SocketProcessorBase.run(SocketProcessorBase.java:52)
	at org.apache.tomcat.util.threads.ThreadPoolExecutor.runWorker(ThreadPoolExecutor.java:1191)
	at org.apache.tomcat.util.threads.ThreadPoolExecutor$Worker.run(ThreadPoolExecutor.java:659)
	at org.apache.tomcat.util.threads.TaskThread$WrappingRunnable.run(TaskThread.java:61)
	at java.base/java.lang.Thread.run(Thread.java:1583)
18:52:21 [http-nio-8080-exec-10] DEBUG o.s.security.web.FilterChainProxy        -: Securing GET /error
18:52:21 [http-nio-8080-exec-10] DEBUG o.s.s.w.c.HttpSessionSecurityContextRepository -: Retrieved SecurityContextImpl [Authentication=UsernamePasswordAuthenticationToken [Principal=com.diatoz.task1.securitydb.AccountUserDetails@74af954e, Credentials=[PROTECTED], Authenticated=true, Details=WebAuthenticationDetails [RemoteIpAddress=0:0:0:0:0:0:0:1, SessionId=A149F15031747C0D28E4F740E8023E34], Granted Authorities=[USER]]]
18:52:21 [http-nio-8080-exec-10] DEBUG o.s.security.web.FilterChainProxy        -: Secured GET /error
18:52:29 [http-nio-8080-exec-1] DEBUG o.s.security.web.FilterChainProxy        -: Securing GET /student/getStudent
18:52:29 [http-nio-8080-exec-1] DEBUG o.s.s.w.c.HttpSessionSecurityContextRepository -: Retrieved SecurityContextImpl [Authentication=UsernamePasswordAuthenticationToken [Principal=com.diatoz.task1.securitydb.AccountUserDetails@74af954e, Credentials=[PROTECTED], Authenticated=true, Details=WebAuthenticationDetails [RemoteIpAddress=0:0:0:0:0:0:0:1, SessionId=A149F15031747C0D28E4F740E8023E34], Granted Authorities=[USER]]]
18:52:29 [http-nio-8080-exec-1] DEBUG o.s.security.web.FilterChainProxy        -: Secured GET /student/getStudent
18:52:29 [http-nio-8080-exec-1] INFO  o.s.web.filter.OncePerRequestFilter      -:  Header :  null
18:52:29 [http-nio-8080-exec-1] INFO  o.s.web.filter.OncePerRequestFilter      -: Invalid Header Value !! 
18:52:29 [http-nio-8080-exec-1] INFO  c.d.t.controller.StudentController       -: User made a call to fetch the all Student
18:54:07 [http-nio-8080-exec-4] DEBUG o.s.security.web.FilterChainProxy        -: Securing POST /login
18:54:07 [http-nio-8080-exec-4] DEBUG o.s.security.web.csrf.CsrfFilter         -: Invalid CSRF token found for http://localhost:8080/login
18:54:07 [http-nio-8080-exec-4] DEBUG o.s.s.w.a.AccessDeniedHandlerImpl        -: Responding with 403 status code
18:54:07 [http-nio-8080-exec-4] DEBUG o.s.security.web.FilterChainProxy        -: Securing POST /error
18:54:07 [http-nio-8080-exec-4] DEBUG o.s.s.w.c.HttpSessionSecurityContextRepository -: Retrieved SecurityContextImpl [Authentication=UsernamePasswordAuthenticationToken [Principal=com.diatoz.task1.securitydb.AccountUserDetails@74af954e, Credentials=[PROTECTED], Authenticated=true, Details=WebAuthenticationDetails [RemoteIpAddress=0:0:0:0:0:0:0:1, SessionId=A149F15031747C0D28E4F740E8023E34], Granted Authorities=[USER]]]
18:54:07 [http-nio-8080-exec-4] DEBUG o.s.security.web.FilterChainProxy        -: Secured POST /error
18:54:20 [http-nio-8080-exec-6] DEBUG o.s.security.web.FilterChainProxy        -: Securing GET /login
18:54:27 [http-nio-8080-exec-5] DEBUG o.s.security.web.FilterChainProxy        -: Securing GET /logout
18:54:30 [http-nio-8080-exec-7] DEBUG o.s.security.web.FilterChainProxy        -: Securing POST /logout
18:54:30 [http-nio-8080-exec-7] DEBUG o.s.s.w.c.HttpSessionSecurityContextRepository -: Retrieved SecurityContextImpl [Authentication=UsernamePasswordAuthenticationToken [Principal=com.diatoz.task1.securitydb.AccountUserDetails@74af954e, Credentials=[PROTECTED], Authenticated=true, Details=WebAuthenticationDetails [RemoteIpAddress=0:0:0:0:0:0:0:1, SessionId=A149F15031747C0D28E4F740E8023E34], Granted Authorities=[USER]]]
18:54:30 [http-nio-8080-exec-7] DEBUG o.s.s.w.a.logout.LogoutFilter            -: Logging out [UsernamePasswordAuthenticationToken [Principal=com.diatoz.task1.securitydb.AccountUserDetails@74af954e, Credentials=[PROTECTED], Authenticated=true, Details=WebAuthenticationDetails [RemoteIpAddress=0:0:0:0:0:0:0:1, SessionId=A149F15031747C0D28E4F740E8023E34], Granted Authorities=[USER]]]
18:54:30 [http-nio-8080-exec-7] DEBUG o.s.s.w.a.l.SecurityContextLogoutHandler -: Invalidated session 2157F3CF574E392DC9E2EBD2033A5360
18:54:30 [http-nio-8080-exec-7] DEBUG o.s.s.web.DefaultRedirectStrategy        -: Redirecting to /login?logout
18:54:30 [http-nio-8080-exec-8] DEBUG o.s.security.web.FilterChainProxy        -: Securing GET /login?logout
18:54:34 [http-nio-8080-exec-9] DEBUG o.s.security.web.FilterChainProxy        -: Securing GET /student/getStudent
18:54:34 [http-nio-8080-exec-9] DEBUG o.s.s.w.a.AnonymousAuthenticationFilter  -: Set SecurityContextHolder to anonymous SecurityContext
18:54:34 [http-nio-8080-exec-9] DEBUG o.s.s.w.s.HttpSessionRequestCache        -: Saved request http://localhost:8080/student/getStudent?continue to session
18:54:34 [http-nio-8080-exec-9] DEBUG o.s.s.w.a.DelegatingAuthenticationEntryPoint -: Trying to match using And [Not [RequestHeaderRequestMatcher [expectedHeaderName=X-Requested-With, expectedHeaderValue=XMLHttpRequest]], MediaTypeRequestMatcher [contentNegotiationStrategy=org.springframework.web.accept.ContentNegotiationManager@6d96a895, matchingMediaTypes=[application/xhtml+xml, image/*, text/html, text/plain], useEquals=false, ignoredMediaTypes=[*/*]]]
18:54:34 [http-nio-8080-exec-9] DEBUG o.s.s.w.a.DelegatingAuthenticationEntryPoint -: Match found! Executing org.springframework.security.web.authentication.LoginUrlAuthenticationEntryPoint@52e5ad71
18:54:34 [http-nio-8080-exec-9] DEBUG o.s.s.web.DefaultRedirectStrategy        -: Redirecting to http://localhost:8080/login
18:54:34 [http-nio-8080-exec-10] DEBUG o.s.security.web.FilterChainProxy        -: Securing GET /login
18:54:41 [http-nio-8080-exec-1] DEBUG o.s.security.web.FilterChainProxy        -: Securing POST /login
18:54:41 [http-nio-8080-exec-1] INFO  o.s.s.c.u.UserDetailsService             -: load the user by user name for user Pratheesh 
18:54:41 [http-nio-8080-exec-1] INFO  o.s.s.c.u.UserDetailsService             -: loaded user data is com.diatoz.task1.entity.AccountDetails@62bcba5d
18:54:41 [http-nio-8080-exec-1] INFO  o.s.s.core.userdetails.UserDetails       -: Authentication on UserDetails 
18:54:41 [http-nio-8080-exec-1] INFO  o.s.s.c.u.UserDetailsService             -: prath@123
18:54:41 [http-nio-8080-exec-1] DEBUG o.s.s.a.d.DaoAuthenticationProvider      -: Failed to authenticate since password does not match stored value
18:54:41 [http-nio-8080-exec-1] DEBUG o.s.s.web.DefaultRedirectStrategy        -: Redirecting to /login?error
18:54:41 [http-nio-8080-exec-2] DEBUG o.s.security.web.FilterChainProxy        -: Securing GET /login?error
18:54:48 [http-nio-8080-exec-3] DEBUG o.s.security.web.FilterChainProxy        -: Securing POST /login
18:54:48 [http-nio-8080-exec-3] INFO  o.s.s.c.u.UserDetailsService             -: load the user by user name for user Pratheesh 
18:54:48 [http-nio-8080-exec-3] INFO  o.s.s.c.u.UserDetailsService             -: loaded user data is com.diatoz.task1.entity.AccountDetails@7ef5fb8d
18:54:48 [http-nio-8080-exec-3] INFO  o.s.s.core.userdetails.UserDetails       -: Authentication on UserDetails 
18:54:48 [http-nio-8080-exec-3] INFO  o.s.s.c.u.UserDetailsService             -: prath@123
18:54:48 [http-nio-8080-exec-3] DEBUG o.s.s.a.d.DaoAuthenticationProvider      -: Failed to authenticate since password does not match stored value
18:54:48 [http-nio-8080-exec-3] DEBUG o.s.s.web.DefaultRedirectStrategy        -: Redirecting to /login?error
18:54:48 [http-nio-8080-exec-4] DEBUG o.s.security.web.FilterChainProxy        -: Securing GET /login?error
18:54:57 [http-nio-8080-exec-6] DEBUG o.s.security.web.FilterChainProxy        -: Securing POST /login
18:54:57 [http-nio-8080-exec-6] INFO  o.s.s.c.u.UserDetailsService             -: load the user by user name for user Prattheesh 
18:54:57 [http-nio-8080-exec-6] ERROR o.s.s.c.u.UserDetailsService             -: Username is not found in database
18:54:57 [http-nio-8080-exec-6] DEBUG o.s.s.a.d.DaoAuthenticationProvider      -: Failed to find user 'Prattheesh'
18:54:57 [http-nio-8080-exec-6] DEBUG o.s.s.web.DefaultRedirectStrategy        -: Redirecting to /login?error
18:54:57 [http-nio-8080-exec-5] DEBUG o.s.security.web.FilterChainProxy        -: Securing GET /login?error
18:55:09 [http-nio-8080-exec-8] DEBUG o.s.security.web.FilterChainProxy        -: Securing POST /login
18:55:09 [http-nio-8080-exec-8] INFO  o.s.s.c.u.UserDetailsService             -: load the user by user name for user Pratheesh 
18:55:09 [http-nio-8080-exec-8] INFO  o.s.s.c.u.UserDetailsService             -: loaded user data is com.diatoz.task1.entity.AccountDetails@586f4096
18:55:09 [http-nio-8080-exec-8] INFO  o.s.s.core.userdetails.UserDetails       -: Authentication on UserDetails 
18:55:09 [http-nio-8080-exec-8] INFO  o.s.s.c.u.UserDetailsService             -: prath@123
18:55:09 [http-nio-8080-exec-8] DEBUG o.s.s.a.d.DaoAuthenticationProvider      -: Authenticated user
18:55:09 [http-nio-8080-exec-8] DEBUG o.s.s.w.a.s.ChangeSessionIdAuthenticationStrategy -: Changed session id from 6713CE5A4436C5F87BAE17D8843661D8
18:55:09 [http-nio-8080-exec-8] DEBUG o.s.s.w.c.CsrfAuthenticationStrategy     -: Replaced CSRF Token
18:55:09 [http-nio-8080-exec-8] DEBUG o.s.s.w.c.HttpSessionSecurityContextRepository -: Stored SecurityContextImpl [Authentication=UsernamePasswordAuthenticationToken [Principal=com.diatoz.task1.securitydb.AccountUserDetails@7cd127c, Credentials=[PROTECTED], Authenticated=true, Details=WebAuthenticationDetails [RemoteIpAddress=0:0:0:0:0:0:0:1, SessionId=6713CE5A4436C5F87BAE17D8843661D8], Granted Authorities=[USER]]] to HttpSession [org.apache.catalina.session.StandardSessionFacade@eb29b]
18:55:09 [http-nio-8080-exec-8] DEBUG o.s.s.w.a.UsernamePasswordAuthenticationFilter -: Set SecurityContextHolder to UsernamePasswordAuthenticationToken [Principal=com.diatoz.task1.securitydb.AccountUserDetails@7cd127c, Credentials=[PROTECTED], Authenticated=true, Details=WebAuthenticationDetails [RemoteIpAddress=0:0:0:0:0:0:0:1, SessionId=6713CE5A4436C5F87BAE17D8843661D8], Granted Authorities=[USER]]
18:55:09 [http-nio-8080-exec-8] DEBUG o.s.s.web.DefaultRedirectStrategy        -: Redirecting to http://localhost:8080/student/getStudent?continue
18:55:09 [http-nio-8080-exec-9] DEBUG o.s.security.web.FilterChainProxy        -: Securing GET /student/getStudent?continue
18:55:09 [http-nio-8080-exec-9] DEBUG o.s.s.w.s.HttpSessionRequestCache        -: Loaded matching saved request http://localhost:8080/student/getStudent?continue
18:55:09 [http-nio-8080-exec-9] DEBUG o.s.s.w.c.HttpSessionSecurityContextRepository -: Retrieved SecurityContextImpl [Authentication=UsernamePasswordAuthenticationToken [Principal=com.diatoz.task1.securitydb.AccountUserDetails@7cd127c, Credentials=[PROTECTED], Authenticated=true, Details=WebAuthenticationDetails [RemoteIpAddress=0:0:0:0:0:0:0:1, SessionId=6713CE5A4436C5F87BAE17D8843661D8], Granted Authorities=[USER]]]
18:55:09 [http-nio-8080-exec-9] DEBUG o.s.security.web.FilterChainProxy        -: Secured GET /student/getStudent?continue
18:55:09 [http-nio-8080-exec-9] INFO  o.s.web.filter.OncePerRequestFilter      -:  Header :  null
18:55:09 [http-nio-8080-exec-9] INFO  o.s.web.filter.OncePerRequestFilter      -: Invalid Header Value !! 
18:55:09 [http-nio-8080-exec-9] INFO  c.d.t.controller.StudentController       -: User made a call to fetch the all Student
18:56:13 [SpringApplicationShutdownHook] INFO  o.s.o.j.LocalContainerEntityManagerFactoryBean -: Closing JPA EntityManagerFactory for persistence unit 'default'
18:56:13 [SpringApplicationShutdownHook] INFO  com.zaxxer.hikari.HikariDataSource       -: HikariPool-1 - Shutdown initiated...
18:56:14 [SpringApplicationShutdownHook] INFO  com.zaxxer.hikari.HikariDataSource       -: HikariPool-1 - Shutdown completed.
18:56:19 [background-preinit] INFO  o.h.validator.internal.util.Version      -: HV000001: Hibernate Validator 8.0.1.Final
18:56:19 [main] INFO  com.diatoz.task1.Task1Application        -: Starting Task1Application using Java 21 with PID 21196 (C:\Users\prath\OneDrive\Desktop\Project\task1\target\classes started by prath in C:\Users\prath\OneDrive\Desktop\Project\task1)
18:56:19 [main] INFO  com.diatoz.task1.Task1Application        -: No active profile set, falling back to 1 default profile: "default"
18:56:20 [main] INFO  o.s.d.r.c.RepositoryConfigurationDelegate -: Bootstrapping Spring Data JPA repositories in DEFAULT mode.
18:56:20 [main] INFO  o.s.d.r.c.RepositoryConfigurationDelegate -: Finished Spring Data repository scanning in 58 ms. Found 3 JPA repository interfaces.
18:56:20 [main] INFO  o.s.b.w.e.tomcat.TomcatWebServer         -: Tomcat initialized with port(s): 8080 (http)
18:56:20 [main] INFO  o.a.coyote.http11.Http11NioProtocol      -: Initializing ProtocolHandler ["http-nio-8080"]
18:56:20 [main] INFO  o.a.catalina.core.StandardService        -: Starting service [Tomcat]
18:56:20 [main] INFO  o.a.catalina.core.StandardEngine         -: Starting Servlet engine: [Apache Tomcat/10.1.13]
18:56:21 [main] INFO  o.a.c.c.C.[Tomcat].[localhost].[/]       -: Initializing Spring embedded WebApplicationContext
18:56:21 [main] INFO  o.s.b.w.s.c.ServletWebServerApplicationContext -: Root WebApplicationContext: initialization completed in 1642 ms
18:56:21 [main] INFO  o.h.jpa.internal.util.LogHelper          -: HHH000204: Processing PersistenceUnitInfo [name: default]
18:56:21 [main] INFO  org.hibernate.Version                    -: HHH000412: Hibernate ORM core version 6.2.9.Final
18:56:21 [main] INFO  org.hibernate.cfg.Environment            -: HHH000406: Using bytecode reflection optimizer
18:56:21 [main] INFO  o.h.b.i.BytecodeProviderInitiator        -: HHH000021: Bytecode provider name : bytebuddy
18:56:21 [main] INFO  o.s.o.j.p.SpringPersistenceUnitInfo      -: No LoadTimeWeaver setup: ignoring JPA class transformer
18:56:21 [main] INFO  com.zaxxer.hikari.HikariDataSource       -: HikariPool-1 - Starting...
18:56:22 [main] INFO  com.zaxxer.hikari.pool.HikariPool        -: HikariPool-1 - Added connection com.mysql.cj.jdbc.ConnectionImpl@34e990cc
18:56:22 [main] INFO  com.zaxxer.hikari.HikariDataSource       -: HikariPool-1 - Start completed.
18:56:22 [main] INFO  o.h.b.i.BytecodeProviderInitiator        -: HHH000021: Bytecode provider name : bytebuddy
18:56:23 [main] INFO  o.h.e.t.j.p.i.JtaPlatformInitiator       -: HHH000490: Using JtaPlatform implementation: [org.hibernate.engine.transaction.jta.platform.internal.NoJtaPlatform]
18:56:23 [main] INFO  o.s.o.j.LocalContainerEntityManagerFactoryBean -: Initialized JPA EntityManagerFactory for persistence unit 'default'
18:56:23 [main] WARN  o.s.b.a.o.j.JpaBaseConfiguration$JpaWebConfiguration -: spring.jpa.open-in-view is enabled by default. Therefore, database queries may be performed during view rendering. Explicitly configure spring.jpa.open-in-view to disable this warning
18:56:23 [main] INFO  o.s.s.web.DefaultSecurityFilterChain     -: Will secure any request with [org.springframework.security.web.session.DisableEncodeUrlFilter@130ad58d, org.springframework.security.web.context.request.async.WebAsyncManagerIntegrationFilter@648bfebe, org.springframework.security.web.context.SecurityContextHolderFilter@304cad3a, org.springframework.security.web.header.HeaderWriterFilter@16718e1b, org.springframework.security.web.authentication.logout.LogoutFilter@714a4ba2, com.diatoz.task1.security.JwtAuthenticationFilter@24e31f06, org.springframework.security.web.savedrequest.RequestCacheAwareFilter@19f9404d, org.springframework.security.web.servletapi.SecurityContextHolderAwareRequestFilter@55159007, org.springframework.security.web.authentication.AnonymousAuthenticationFilter@383a5260, org.springframework.security.web.session.SessionManagementFilter@321c01c2, org.springframework.security.web.access.ExceptionTranslationFilter@78de0f6f, org.springframework.security.web.access.intercept.AuthorizationFilter@24ea71d]
18:56:24 [main] INFO  o.a.coyote.http11.Http11NioProtocol      -: Starting ProtocolHandler ["http-nio-8080"]
18:56:24 [main] INFO  o.s.b.w.e.tomcat.TomcatWebServer         -: Tomcat started on port(s): 8080 (http) with context path ''
18:56:24 [main] INFO  com.diatoz.task1.Task1Application        -: Started Task1Application in 5.194 seconds (process running for 5.707)
18:56:45 [http-nio-8080-exec-2] INFO  o.a.c.c.C.[Tomcat].[localhost].[/]       -: Initializing Spring DispatcherServlet 'dispatcherServlet'
18:56:45 [http-nio-8080-exec-2] INFO  o.s.web.servlet.DispatcherServlet        -: Initializing Servlet 'dispatcherServlet'
18:56:45 [http-nio-8080-exec-2] INFO  o.s.web.servlet.DispatcherServlet        -: Completed initialization in 1 ms
18:56:45 [http-nio-8080-exec-2] DEBUG o.s.security.web.FilterChainProxy        -: Securing POST /auth/login
18:56:45 [http-nio-8080-exec-2] INFO  o.s.web.filter.OncePerRequestFilter      -:  Header :  null
18:56:45 [http-nio-8080-exec-2] INFO  o.s.web.filter.OncePerRequestFilter      -: Invalid Header Value !! 
18:56:45 [http-nio-8080-exec-2] DEBUG o.s.s.w.a.AnonymousAuthenticationFilter  -: Set SecurityContextHolder to anonymous SecurityContext
18:56:45 [http-nio-8080-exec-2] DEBUG o.s.security.web.FilterChainProxy        -: Secured POST /auth/login
18:56:45 [http-nio-8080-exec-2] INFO  c.d.t.c.EntryPointController             -: User data is inside  authentication method UsernamePasswordAuthenticationToken [Principal=Pratheesh, Credentials=[PROTECTED], Authenticated=true, Details=null, Granted Authorities=[USER]]
18:56:45 [http-nio-8080-exec-2] INFO  o.s.s.c.u.UserDetailsService             -: load the user by user name for user Pratheesh 
18:56:45 [http-nio-8080-exec-2] INFO  o.s.s.c.u.UserDetailsService             -: loaded user data is com.diatoz.task1.entity.AccountDetails@56f05e7c
18:56:45 [http-nio-8080-exec-2] INFO  o.s.s.core.userdetails.UserDetails       -: Authentication on UserDetails 
18:56:45 [http-nio-8080-exec-2] INFO  o.s.s.c.u.UserDetailsService             -: prath@123
18:56:45 [http-nio-8080-exec-2] DEBUG o.s.s.a.d.DaoAuthenticationProvider      -: Failed to authenticate since no credentials provided
18:57:28 [http-nio-8080-exec-4] DEBUG o.s.security.web.FilterChainProxy        -: Securing GET /auth/getAllUser
18:57:28 [http-nio-8080-exec-4] INFO  o.s.web.filter.OncePerRequestFilter      -:  Header :  null
18:57:28 [http-nio-8080-exec-4] INFO  o.s.web.filter.OncePerRequestFilter      -: Invalid Header Value !! 
18:57:28 [http-nio-8080-exec-4] DEBUG o.s.s.w.a.AnonymousAuthenticationFilter  -: Set SecurityContextHolder to anonymous SecurityContext
18:57:28 [http-nio-8080-exec-4] DEBUG o.s.security.web.FilterChainProxy        -: Secured GET /auth/getAllUser
18:57:28 [http-nio-8080-exec-4] INFO  org.slf4j.LoggerFactory                  -: Fetching the all the data
18:57:42 [http-nio-8080-exec-3] DEBUG o.s.security.web.FilterChainProxy        -: Securing POST /auth/login
18:57:42 [http-nio-8080-exec-3] INFO  o.s.web.filter.OncePerRequestFilter      -:  Header :  null
18:57:42 [http-nio-8080-exec-3] INFO  o.s.web.filter.OncePerRequestFilter      -: Invalid Header Value !! 
18:57:42 [http-nio-8080-exec-3] DEBUG o.s.s.w.a.AnonymousAuthenticationFilter  -: Set SecurityContextHolder to anonymous SecurityContext
18:57:42 [http-nio-8080-exec-3] DEBUG o.s.security.web.FilterChainProxy        -: Secured POST /auth/login
18:57:42 [http-nio-8080-exec-3] INFO  c.d.t.c.EntryPointController             -: User data is inside  authentication method UsernamePasswordAuthenticationToken [Principal=Pratheesh, Credentials=[PROTECTED], Authenticated=true, Details=null, Granted Authorities=[USER]]
18:57:42 [http-nio-8080-exec-3] INFO  o.s.s.c.u.UserDetailsService             -: load the user by user name for user Pratheesh 
18:57:42 [http-nio-8080-exec-3] INFO  o.s.s.c.u.UserDetailsService             -: loaded user data is com.diatoz.task1.entity.AccountDetails@44732bec
18:57:42 [http-nio-8080-exec-3] INFO  o.s.s.core.userdetails.UserDetails       -: Authentication on UserDetails 
18:57:42 [http-nio-8080-exec-3] INFO  o.s.s.c.u.UserDetailsService             -: prath@123
18:57:42 [http-nio-8080-exec-3] DEBUG o.s.s.a.d.DaoAuthenticationProvider      -: Failed to authenticate since no credentials provided
18:58:19 [SpringApplicationShutdownHook] INFO  o.s.o.j.LocalContainerEntityManagerFactoryBean -: Closing JPA EntityManagerFactory for persistence unit 'default'
18:58:19 [SpringApplicationShutdownHook] INFO  com.zaxxer.hikari.HikariDataSource       -: HikariPool-1 - Shutdown initiated...
18:58:19 [SpringApplicationShutdownHook] INFO  com.zaxxer.hikari.HikariDataSource       -: HikariPool-1 - Shutdown completed.
18:58:23 [background-preinit] INFO  o.h.validator.internal.util.Version      -: HV000001: Hibernate Validator 8.0.1.Final
18:58:23 [main] INFO  com.diatoz.task1.Task1Application        -: Starting Task1Application using Java 21 with PID 12844 (C:\Users\prath\OneDrive\Desktop\Project\task1\target\classes started by prath in C:\Users\prath\OneDrive\Desktop\Project\task1)
18:58:23 [main] INFO  com.diatoz.task1.Task1Application        -: No active profile set, falling back to 1 default profile: "default"
18:58:24 [main] INFO  o.s.d.r.c.RepositoryConfigurationDelegate -: Bootstrapping Spring Data JPA repositories in DEFAULT mode.
18:58:24 [main] INFO  o.s.d.r.c.RepositoryConfigurationDelegate -: Finished Spring Data repository scanning in 58 ms. Found 3 JPA repository interfaces.
18:58:25 [main] INFO  o.s.b.w.e.tomcat.TomcatWebServer         -: Tomcat initialized with port(s): 8080 (http)
18:58:25 [main] INFO  o.a.coyote.http11.Http11NioProtocol      -: Initializing ProtocolHandler ["http-nio-8080"]
18:58:25 [main] INFO  o.a.catalina.core.StandardService        -: Starting service [Tomcat]
18:58:25 [main] INFO  o.a.catalina.core.StandardEngine         -: Starting Servlet engine: [Apache Tomcat/10.1.13]
18:58:25 [main] INFO  o.a.c.c.C.[Tomcat].[localhost].[/]       -: Initializing Spring embedded WebApplicationContext
18:58:25 [main] INFO  o.s.b.w.s.c.ServletWebServerApplicationContext -: Root WebApplicationContext: initialization completed in 1689 ms
18:58:25 [main] INFO  o.h.jpa.internal.util.LogHelper          -: HHH000204: Processing PersistenceUnitInfo [name: default]
18:58:25 [main] INFO  org.hibernate.Version                    -: HHH000412: Hibernate ORM core version 6.2.9.Final
18:58:25 [main] INFO  org.hibernate.cfg.Environment            -: HHH000406: Using bytecode reflection optimizer
18:58:25 [main] INFO  o.h.b.i.BytecodeProviderInitiator        -: HHH000021: Bytecode provider name : bytebuddy
18:58:26 [main] INFO  o.s.o.j.p.SpringPersistenceUnitInfo      -: No LoadTimeWeaver setup: ignoring JPA class transformer
18:58:26 [main] INFO  com.zaxxer.hikari.HikariDataSource       -: HikariPool-1 - Starting...
18:58:26 [main] INFO  com.zaxxer.hikari.pool.HikariPool        -: HikariPool-1 - Added connection com.mysql.cj.jdbc.ConnectionImpl@34e990cc
18:58:26 [main] INFO  com.zaxxer.hikari.HikariDataSource       -: HikariPool-1 - Start completed.
18:58:26 [main] INFO  o.h.b.i.BytecodeProviderInitiator        -: HHH000021: Bytecode provider name : bytebuddy
18:58:27 [main] INFO  o.h.e.t.j.p.i.JtaPlatformInitiator       -: HHH000490: Using JtaPlatform implementation: [org.hibernate.engine.transaction.jta.platform.internal.NoJtaPlatform]
18:58:27 [main] INFO  o.s.o.j.LocalContainerEntityManagerFactoryBean -: Initialized JPA EntityManagerFactory for persistence unit 'default'
18:58:27 [main] WARN  o.s.b.a.o.j.JpaBaseConfiguration$JpaWebConfiguration -: spring.jpa.open-in-view is enabled by default. Therefore, database queries may be performed during view rendering. Explicitly configure spring.jpa.open-in-view to disable this warning
18:58:28 [main] INFO  o.s.s.web.DefaultSecurityFilterChain     -: Will secure any request with [org.springframework.security.web.session.DisableEncodeUrlFilter@76055d02, org.springframework.security.web.context.request.async.WebAsyncManagerIntegrationFilter@31c800a5, org.springframework.security.web.context.SecurityContextHolderFilter@d5eca06, org.springframework.security.web.header.HeaderWriterFilter@78de0f6f, org.springframework.security.web.authentication.logout.LogoutFilter@401b7226, com.diatoz.task1.security.JwtAuthenticationFilter@33478a2f, org.springframework.security.web.savedrequest.RequestCacheAwareFilter@304cad3a, org.springframework.security.web.servletapi.SecurityContextHolderAwareRequestFilter@171b0d3, org.springframework.security.web.authentication.AnonymousAuthenticationFilter@130ad58d, org.springframework.security.web.session.SessionManagementFilter@5825932c, org.springframework.security.web.access.ExceptionTranslationFilter@117be84a, org.springframework.security.web.access.intercept.AuthorizationFilter@7ec729be]
18:58:28 [main] INFO  o.a.coyote.http11.Http11NioProtocol      -: Starting ProtocolHandler ["http-nio-8080"]
18:58:28 [main] INFO  o.s.b.w.e.tomcat.TomcatWebServer         -: Tomcat started on port(s): 8080 (http) with context path ''
18:58:28 [main] INFO  com.diatoz.task1.Task1Application        -: Started Task1Application in 5.041 seconds (process running for 5.585)
18:58:34 [http-nio-8080-exec-2] INFO  o.a.c.c.C.[Tomcat].[localhost].[/]       -: Initializing Spring DispatcherServlet 'dispatcherServlet'
18:58:34 [http-nio-8080-exec-2] INFO  o.s.web.servlet.DispatcherServlet        -: Initializing Servlet 'dispatcherServlet'
18:58:34 [http-nio-8080-exec-2] INFO  o.s.web.servlet.DispatcherServlet        -: Completed initialization in 1 ms
18:58:34 [http-nio-8080-exec-2] DEBUG o.s.security.web.FilterChainProxy        -: Securing POST /auth/login
18:58:34 [http-nio-8080-exec-2] INFO  o.s.web.filter.OncePerRequestFilter      -:  Header :  null
18:58:34 [http-nio-8080-exec-2] INFO  o.s.web.filter.OncePerRequestFilter      -: Invalid Header Value !! 
18:58:34 [http-nio-8080-exec-2] DEBUG o.s.s.w.a.AnonymousAuthenticationFilter  -: Set SecurityContextHolder to anonymous SecurityContext
18:58:34 [http-nio-8080-exec-2] DEBUG o.s.security.web.FilterChainProxy        -: Secured POST /auth/login
18:58:34 [http-nio-8080-exec-2] INFO  c.d.t.c.EntryPointController             -: User data is inside  authentication method UsernamePasswordAuthenticationToken [Principal=Pratheesh, Credentials=[PROTECTED], Authenticated=true, Details=null, Granted Authorities=[USER]]
18:58:34 [http-nio-8080-exec-2] INFO  o.s.s.c.u.UserDetailsService             -: load the user by user name for user Pratheesh 
18:58:34 [http-nio-8080-exec-2] INFO  o.s.s.c.u.UserDetailsService             -: loaded user data is AccountDetails{userName='Pratheesh', passWord='prath@123'}
18:58:34 [http-nio-8080-exec-2] INFO  o.s.s.core.userdetails.UserDetails       -: Authentication on UserDetails 
18:58:34 [http-nio-8080-exec-2] INFO  o.s.s.c.u.UserDetailsService             -: prath@123
18:58:34 [http-nio-8080-exec-2] DEBUG o.s.s.a.d.DaoAuthenticationProvider      -: Failed to authenticate since no credentials provided
19:10:20 [SpringApplicationShutdownHook] INFO  o.s.o.j.LocalContainerEntityManagerFactoryBean -: Closing JPA EntityManagerFactory for persistence unit 'default'
19:10:20 [SpringApplicationShutdownHook] INFO  com.zaxxer.hikari.HikariDataSource       -: HikariPool-1 - Shutdown initiated...
19:10:20 [SpringApplicationShutdownHook] INFO  com.zaxxer.hikari.HikariDataSource       -: HikariPool-1 - Shutdown completed.
19:10:25 [background-preinit] INFO  o.h.validator.internal.util.Version      -: HV000001: Hibernate Validator 8.0.1.Final
19:10:25 [main] INFO  com.diatoz.task1.Task1Application        -: Starting Task1Application using Java 21 with PID 23368 (C:\Users\prath\OneDrive\Desktop\Project\task1\target\classes started by prath in C:\Users\prath\OneDrive\Desktop\Project\task1)
19:10:25 [main] INFO  com.diatoz.task1.Task1Application        -: No active profile set, falling back to 1 default profile: "default"
19:10:26 [main] INFO  o.s.d.r.c.RepositoryConfigurationDelegate -: Bootstrapping Spring Data JPA repositories in DEFAULT mode.
19:10:26 [main] INFO  o.s.d.r.c.RepositoryConfigurationDelegate -: Finished Spring Data repository scanning in 62 ms. Found 3 JPA repository interfaces.
19:10:26 [main] INFO  o.s.b.w.e.tomcat.TomcatWebServer         -: Tomcat initialized with port(s): 8080 (http)
19:10:27 [main] INFO  o.a.coyote.http11.Http11NioProtocol      -: Initializing ProtocolHandler ["http-nio-8080"]
19:10:27 [main] INFO  o.a.catalina.core.StandardService        -: Starting service [Tomcat]
19:10:27 [main] INFO  o.a.catalina.core.StandardEngine         -: Starting Servlet engine: [Apache Tomcat/10.1.13]
19:10:27 [main] INFO  o.a.c.c.C.[Tomcat].[localhost].[/]       -: Initializing Spring embedded WebApplicationContext
19:10:27 [main] INFO  o.s.b.w.s.c.ServletWebServerApplicationContext -: Root WebApplicationContext: initialization completed in 1737 ms
19:10:27 [main] INFO  o.h.jpa.internal.util.LogHelper          -: HHH000204: Processing PersistenceUnitInfo [name: default]
19:10:27 [main] INFO  org.hibernate.Version                    -: HHH000412: Hibernate ORM core version 6.2.9.Final
19:10:27 [main] INFO  org.hibernate.cfg.Environment            -: HHH000406: Using bytecode reflection optimizer
19:10:27 [main] INFO  o.h.b.i.BytecodeProviderInitiator        -: HHH000021: Bytecode provider name : bytebuddy
19:10:27 [main] INFO  o.s.o.j.p.SpringPersistenceUnitInfo      -: No LoadTimeWeaver setup: ignoring JPA class transformer
19:10:27 [main] INFO  com.zaxxer.hikari.HikariDataSource       -: HikariPool-1 - Starting...
19:10:28 [main] INFO  com.zaxxer.hikari.pool.HikariPool        -: HikariPool-1 - Added connection com.mysql.cj.jdbc.ConnectionImpl@2d5ae78e
19:10:28 [main] INFO  com.zaxxer.hikari.HikariDataSource       -: HikariPool-1 - Start completed.
19:10:28 [main] INFO  o.h.b.i.BytecodeProviderInitiator        -: HHH000021: Bytecode provider name : bytebuddy
19:10:29 [main] INFO  o.h.e.t.j.p.i.JtaPlatformInitiator       -: HHH000490: Using JtaPlatform implementation: [org.hibernate.engine.transaction.jta.platform.internal.NoJtaPlatform]
19:10:29 [main] INFO  o.s.o.j.LocalContainerEntityManagerFactoryBean -: Initialized JPA EntityManagerFactory for persistence unit 'default'
19:10:29 [main] WARN  o.s.b.a.o.j.JpaBaseConfiguration$JpaWebConfiguration -: spring.jpa.open-in-view is enabled by default. Therefore, database queries may be performed during view rendering. Explicitly configure spring.jpa.open-in-view to disable this warning
19:10:29 [main] INFO  o.s.s.web.DefaultSecurityFilterChain     -: Will secure any request with [org.springframework.security.web.session.DisableEncodeUrlFilter@76055d02, org.springframework.security.web.context.request.async.WebAsyncManagerIntegrationFilter@31c800a5, org.springframework.security.web.context.SecurityContextHolderFilter@d5eca06, org.springframework.security.web.header.HeaderWriterFilter@78de0f6f, org.springframework.security.web.authentication.logout.LogoutFilter@401b7226, com.diatoz.task1.security.JwtAuthenticationFilter@d43f205, org.springframework.security.web.savedrequest.RequestCacheAwareFilter@304cad3a, org.springframework.security.web.servletapi.SecurityContextHolderAwareRequestFilter@171b0d3, org.springframework.security.web.authentication.AnonymousAuthenticationFilter@130ad58d, org.springframework.security.web.session.SessionManagementFilter@5825932c, org.springframework.security.web.access.ExceptionTranslationFilter@117be84a, org.springframework.security.web.access.intercept.AuthorizationFilter@7ec729be]
19:10:30 [main] INFO  o.a.coyote.http11.Http11NioProtocol      -: Starting ProtocolHandler ["http-nio-8080"]
19:10:30 [main] INFO  o.s.b.w.e.tomcat.TomcatWebServer         -: Tomcat started on port(s): 8080 (http) with context path ''
19:10:30 [main] INFO  com.diatoz.task1.Task1Application        -: Started Task1Application in 5.206 seconds (process running for 5.728)
