18:30:37 [SpringApplicationShutdownHook] INFO  o.s.o.j.LocalContainerEntityManagerFactoryBean -: Closing JPA EntityManagerFactory for persistence unit 'default'
18:30:37 [SpringApplicationShutdownHook] INFO  com.zaxxer.hikari.HikariDataSource       -: HikariPool-1 - Shutdown initiated...
18:30:37 [SpringApplicationShutdownHook] INFO  com.zaxxer.hikari.HikariDataSource       -: HikariPool-1 - Shutdown completed.
18:30:42 [background-preinit] INFO  o.h.validator.internal.util.Version      -: HV000001: Hibernate Validator 8.0.1.Final
18:30:42 [main] INFO  com.diatoz.task1.Task1Application        -: Starting Task1Application using Java 21 with PID 21148 (C:\Users\prath\OneDrive\Desktop\Project\task1\target\classes started by prath in C:\Users\prath\OneDrive\Desktop\Project\task1)
18:30:42 [main] INFO  com.diatoz.task1.Task1Application        -: No active profile set, falling back to 1 default profile: "default"
18:30:43 [main] INFO  o.s.d.r.c.RepositoryConfigurationDelegate -: Bootstrapping Spring Data JPA repositories in DEFAULT mode.
18:30:43 [main] INFO  o.s.d.r.c.RepositoryConfigurationDelegate -: Finished Spring Data repository scanning in 104 ms. Found 3 JPA repository interfaces.
18:30:44 [main] INFO  o.s.b.w.e.tomcat.TomcatWebServer         -: Tomcat initialized with port(s): 8080 (http)
18:30:44 [main] INFO  o.a.coyote.http11.Http11NioProtocol      -: Initializing ProtocolHandler ["http-nio-8080"]
18:30:44 [main] INFO  o.a.catalina.core.StandardService        -: Starting service [Tomcat]
18:30:44 [main] INFO  o.a.catalina.core.StandardEngine         -: Starting Servlet engine: [Apache Tomcat/10.1.13]
18:30:44 [main] INFO  o.a.c.c.C.[Tomcat].[localhost].[/]       -: Initializing Spring embedded WebApplicationContext
18:30:44 [main] INFO  o.s.b.w.s.c.ServletWebServerApplicationContext -: Root WebApplicationContext: initialization completed in 1889 ms
18:30:44 [main] INFO  o.h.jpa.internal.util.LogHelper          -: HHH000204: Processing PersistenceUnitInfo [name: default]
18:30:44 [main] INFO  org.hibernate.Version                    -: HHH000412: Hibernate ORM core version 6.2.9.Final
18:30:44 [main] INFO  org.hibernate.cfg.Environment            -: HHH000406: Using bytecode reflection optimizer
18:30:44 [main] INFO  o.h.b.i.BytecodeProviderInitiator        -: HHH000021: Bytecode provider name : bytebuddy
18:30:44 [main] INFO  o.s.o.j.p.SpringPersistenceUnitInfo      -: No LoadTimeWeaver setup: ignoring JPA class transformer
18:30:44 [main] INFO  com.zaxxer.hikari.HikariDataSource       -: HikariPool-1 - Starting...
18:30:45 [main] INFO  com.zaxxer.hikari.pool.HikariPool        -: HikariPool-1 - Added connection com.mysql.cj.jdbc.ConnectionImpl@139089a4
18:30:45 [main] INFO  com.zaxxer.hikari.HikariDataSource       -: HikariPool-1 - Start completed.
18:30:45 [main] INFO  o.h.b.i.BytecodeProviderInitiator        -: HHH000021: Bytecode provider name : bytebuddy
18:30:46 [main] INFO  o.h.e.t.j.p.i.JtaPlatformInitiator       -: HHH000490: Using JtaPlatform implementation: [org.hibernate.engine.transaction.jta.platform.internal.NoJtaPlatform]
18:30:46 [main] INFO  o.s.o.j.LocalContainerEntityManagerFactoryBean -: Initialized JPA EntityManagerFactory for persistence unit 'default'
18:30:46 [main] WARN  o.s.b.a.o.j.JpaBaseConfiguration$JpaWebConfiguration -: spring.jpa.open-in-view is enabled by default. Therefore, database queries may be performed during view rendering. Explicitly configure spring.jpa.open-in-view to disable this warning
18:30:47 [main] INFO  o.s.s.web.DefaultSecurityFilterChain     -: Will secure any request with [org.springframework.security.web.session.DisableEncodeUrlFilter@2b68c59b, org.springframework.security.web.context.request.async.WebAsyncManagerIntegrationFilter@326d39fd, org.springframework.security.web.context.SecurityContextHolderFilter@2e4262d2, org.springframework.security.web.header.HeaderWriterFilter@48064a5a, org.springframework.security.web.csrf.CsrfFilter@240c626d, org.springframework.security.web.authentication.logout.LogoutFilter@73ba3c4b, org.springframework.security.web.authentication.UsernamePasswordAuthenticationFilter@64faf3d, org.springframework.security.web.authentication.ui.DefaultLoginPageGeneratingFilter@308d8de8, org.springframework.security.web.authentication.ui.DefaultLogoutPageGeneratingFilter@403f6c04, org.springframework.security.web.authentication.www.BasicAuthenticationFilter@5b395ee, org.springframework.security.web.savedrequest.RequestCacheAwareFilter@257e8c43, org.springframework.security.web.servletapi.SecurityContextHolderAwareRequestFilter@49522bdf, org.springframework.security.web.authentication.AnonymousAuthenticationFilter@2693e39c, org.springframework.security.web.access.ExceptionTranslationFilter@5889e697, org.springframework.security.web.access.intercept.AuthorizationFilter@b1d7b09]
18:30:47 [main] INFO  o.a.coyote.http11.Http11NioProtocol      -: Starting ProtocolHandler ["http-nio-8080"]
18:30:47 [main] INFO  o.s.b.w.e.tomcat.TomcatWebServer         -: Tomcat started on port(s): 8080 (http) with context path ''
18:30:47 [main] INFO  com.diatoz.task1.Task1Application        -: Started Task1Application in 5.129 seconds (process running for 5.783)
18:31:02 [http-nio-8080-exec-1] INFO  o.a.c.c.C.[Tomcat].[localhost].[/]       -: Initializing Spring DispatcherServlet 'dispatcherServlet'
18:31:02 [http-nio-8080-exec-1] INFO  o.s.web.servlet.DispatcherServlet        -: Initializing Servlet 'dispatcherServlet'
18:31:02 [http-nio-8080-exec-1] INFO  o.s.web.servlet.DispatcherServlet        -: Completed initialization in 1 ms
18:31:02 [http-nio-8080-exec-1] DEBUG o.s.security.web.FilterChainProxy        -: Securing GET /auth/getAllUser
18:31:02 [http-nio-8080-exec-1] DEBUG o.s.s.w.a.AnonymousAuthenticationFilter  -: Set SecurityContextHolder to anonymous SecurityContext
18:31:02 [http-nio-8080-exec-1] DEBUG o.s.s.w.s.HttpSessionRequestCache        -: Saved request http://localhost:8080/auth/getAllUser?continue to session
18:31:02 [http-nio-8080-exec-1] DEBUG o.s.s.w.a.DelegatingAuthenticationEntryPoint -: Trying to match using And [Not [RequestHeaderRequestMatcher [expectedHeaderName=X-Requested-With, expectedHeaderValue=XMLHttpRequest]], MediaTypeRequestMatcher [contentNegotiationStrategy=org.springframework.web.accept.ContentNegotiationManager@61c644fe, matchingMediaTypes=[application/xhtml+xml, image/*, text/html, text/plain], useEquals=false, ignoredMediaTypes=[*/*]]]
18:31:02 [http-nio-8080-exec-1] DEBUG o.s.s.w.a.DelegatingAuthenticationEntryPoint -: Match found! Executing org.springframework.security.web.authentication.LoginUrlAuthenticationEntryPoint@534c3b9d
18:31:02 [http-nio-8080-exec-1] DEBUG o.s.s.web.DefaultRedirectStrategy        -: Redirecting to http://localhost:8080/login
18:31:02 [http-nio-8080-exec-2] DEBUG o.s.security.web.FilterChainProxy        -: Securing GET /login
18:31:02 [http-nio-8080-exec-3] DEBUG o.s.security.web.FilterChainProxy        -: Securing GET /favicon.ico
18:31:02 [http-nio-8080-exec-3] DEBUG o.s.s.w.a.AnonymousAuthenticationFilter  -: Set SecurityContextHolder to anonymous SecurityContext
18:31:02 [http-nio-8080-exec-3] DEBUG o.s.s.w.a.DelegatingAuthenticationEntryPoint -: Trying to match using And [Not [RequestHeaderRequestMatcher [expectedHeaderName=X-Requested-With, expectedHeaderValue=XMLHttpRequest]], MediaTypeRequestMatcher [contentNegotiationStrategy=org.springframework.web.accept.ContentNegotiationManager@61c644fe, matchingMediaTypes=[application/xhtml+xml, image/*, text/html, text/plain], useEquals=false, ignoredMediaTypes=[*/*]]]
18:31:02 [http-nio-8080-exec-3] DEBUG o.s.s.w.a.DelegatingAuthenticationEntryPoint -: Match found! Executing org.springframework.security.web.authentication.LoginUrlAuthenticationEntryPoint@534c3b9d
18:31:02 [http-nio-8080-exec-3] DEBUG o.s.s.web.DefaultRedirectStrategy        -: Redirecting to http://localhost:8080/login
18:31:02 [http-nio-8080-exec-4] DEBUG o.s.security.web.FilterChainProxy        -: Securing GET /login
18:31:17 [http-nio-8080-exec-5] DEBUG o.s.security.web.FilterChainProxy        -: Securing POST /login
18:31:17 [http-nio-8080-exec-5] INFO  o.s.s.c.u.UserDetailsService             -: load the user by user name for user Pratheesh 
18:31:17 [http-nio-8080-exec-5] INFO  o.s.s.c.u.UserDetailsService             -: loaded user data is com.diatoz.task1.entity.AccountDetails@739fd593
18:31:17 [http-nio-8080-exec-5] INFO  o.s.s.core.userdetails.UserDetails       -: Authentication on UserDetails 
18:31:17 [http-nio-8080-exec-5] INFO  o.s.s.c.u.UserDetailsService             -: prath@123
18:31:17 [http-nio-8080-exec-5] ERROR o.a.c.c.C.[.[.[.[dispatcherServlet]      -: Servlet.service() for servlet [dispatcherServlet] in context with path [] threw exception
java.lang.IllegalArgumentException: There is no PasswordEncoder mapped for the id "null"
	at org.springframework.security.crypto.password.DelegatingPasswordEncoder$UnmappedIdPasswordEncoder.matches(DelegatingPasswordEncoder.java:289)
	at org.springframework.security.crypto.password.DelegatingPasswordEncoder.matches(DelegatingPasswordEncoder.java:237)
	at org.springframework.security.authentication.dao.DaoAuthenticationProvider.additionalAuthenticationChecks(DaoAuthenticationProvider.java:86)
	at org.springframework.security.authentication.dao.AbstractUserDetailsAuthenticationProvider.authenticate(AbstractUserDetailsAuthenticationProvider.java:147)
	at org.springframework.security.authentication.ProviderManager.authenticate(ProviderManager.java:182)
	at org.springframework.security.authentication.ProviderManager.authenticate(ProviderManager.java:201)
	at org.springframework.security.web.authentication.UsernamePasswordAuthenticationFilter.attemptAuthentication(UsernamePasswordAuthenticationFilter.java:85)
	at org.springframework.security.web.authentication.AbstractAuthenticationProcessingFilter.doFilter(AbstractAuthenticationProcessingFilter.java:231)
	at org.springframework.security.web.authentication.AbstractAuthenticationProcessingFilter.doFilter(AbstractAuthenticationProcessingFilter.java:221)
	at org.springframework.security.web.FilterChainProxy$VirtualFilterChain.doFilter(FilterChainProxy.java:374)
	at org.springframework.security.web.authentication.logout.LogoutFilter.doFilter(LogoutFilter.java:107)
	at org.springframework.security.web.authentication.logout.LogoutFilter.doFilter(LogoutFilter.java:93)
	at org.springframework.security.web.FilterChainProxy$VirtualFilterChain.doFilter(FilterChainProxy.java:374)
	at org.springframework.security.web.csrf.CsrfFilter.doFilterInternal(CsrfFilter.java:131)
	at org.springframework.web.filter.OncePerRequestFilter.doFilter(OncePerRequestFilter.java:116)
	at org.springframework.security.web.FilterChainProxy$VirtualFilterChain.doFilter(FilterChainProxy.java:374)
	at org.springframework.security.web.header.HeaderWriterFilter.doHeadersAfter(HeaderWriterFilter.java:90)
	at org.springframework.security.web.header.HeaderWriterFilter.doFilterInternal(HeaderWriterFilter.java:75)
	at org.springframework.web.filter.OncePerRequestFilter.doFilter(OncePerRequestFilter.java:116)
	at org.springframework.security.web.FilterChainProxy$VirtualFilterChain.doFilter(FilterChainProxy.java:374)
	at org.springframework.security.web.context.SecurityContextHolderFilter.doFilter(SecurityContextHolderFilter.java:82)
	at org.springframework.security.web.context.SecurityContextHolderFilter.doFilter(SecurityContextHolderFilter.java:69)
	at org.springframework.security.web.FilterChainProxy$VirtualFilterChain.doFilter(FilterChainProxy.java:374)
	at org.springframework.security.web.context.request.async.WebAsyncManagerIntegrationFilter.doFilterInternal(WebAsyncManagerIntegrationFilter.java:62)
	at org.springframework.web.filter.OncePerRequestFilter.doFilter(OncePerRequestFilter.java:116)
	at org.springframework.security.web.FilterChainProxy$VirtualFilterChain.doFilter(FilterChainProxy.java:374)
	at org.springframework.security.web.session.DisableEncodeUrlFilter.doFilterInternal(DisableEncodeUrlFilter.java:42)
	at org.springframework.web.filter.OncePerRequestFilter.doFilter(OncePerRequestFilter.java:116)
	at org.springframework.security.web.FilterChainProxy$VirtualFilterChain.doFilter(FilterChainProxy.java:374)
	at org.springframework.security.web.FilterChainProxy.doFilterInternal(FilterChainProxy.java:233)
	at org.springframework.security.web.FilterChainProxy.doFilter(FilterChainProxy.java:191)
	at org.springframework.web.filter.DelegatingFilterProxy.invokeDelegate(DelegatingFilterProxy.java:352)
	at org.springframework.web.filter.DelegatingFilterProxy.doFilter(DelegatingFilterProxy.java:268)
	at org.apache.catalina.core.ApplicationFilterChain.internalDoFilter(ApplicationFilterChain.java:174)
	at org.apache.catalina.core.ApplicationFilterChain.doFilter(ApplicationFilterChain.java:149)
	at org.springframework.web.filter.RequestContextFilter.doFilterInternal(RequestContextFilter.java:100)
	at org.springframework.web.filter.OncePerRequestFilter.doFilter(OncePerRequestFilter.java:116)
	at org.apache.catalina.core.ApplicationFilterChain.internalDoFilter(ApplicationFilterChain.java:174)
	at org.apache.catalina.core.ApplicationFilterChain.doFilter(ApplicationFilterChain.java:149)
	at org.springframework.web.filter.FormContentFilter.doFilterInternal(FormContentFilter.java:93)
	at org.springframework.web.filter.OncePerRequestFilter.doFilter(OncePerRequestFilter.java:116)
	at org.apache.catalina.core.ApplicationFilterChain.internalDoFilter(ApplicationFilterChain.java:174)
	at org.apache.catalina.core.ApplicationFilterChain.doFilter(ApplicationFilterChain.java:149)
	at org.springframework.web.filter.CharacterEncodingFilter.doFilterInternal(CharacterEncodingFilter.java:201)
	at org.springframework.web.filter.OncePerRequestFilter.doFilter(OncePerRequestFilter.java:116)
	at org.apache.catalina.core.ApplicationFilterChain.internalDoFilter(ApplicationFilterChain.java:174)
	at org.apache.catalina.core.ApplicationFilterChain.doFilter(ApplicationFilterChain.java:149)
	at org.apache.catalina.core.StandardWrapperValve.invoke(StandardWrapperValve.java:167)
	at org.apache.catalina.core.StandardContextValve.invoke(StandardContextValve.java:90)
	at org.apache.catalina.authenticator.AuthenticatorBase.invoke(AuthenticatorBase.java:482)
	at org.apache.catalina.core.StandardHostValve.invoke(StandardHostValve.java:115)
	at org.apache.catalina.valves.ErrorReportValve.invoke(ErrorReportValve.java:93)
	at org.apache.catalina.core.StandardEngineValve.invoke(StandardEngineValve.java:74)
	at org.apache.catalina.connector.CoyoteAdapter.service(CoyoteAdapter.java:341)
	at org.apache.coyote.http11.Http11Processor.service(Http11Processor.java:391)
	at org.apache.coyote.AbstractProcessorLight.process(AbstractProcessorLight.java:63)
	at org.apache.coyote.AbstractProtocol$ConnectionHandler.process(AbstractProtocol.java:894)
	at org.apache.tomcat.util.net.NioEndpoint$SocketProcessor.doRun(NioEndpoint.java:1740)
	at org.apache.tomcat.util.net.SocketProcessorBase.run(SocketProcessorBase.java:52)
	at org.apache.tomcat.util.threads.ThreadPoolExecutor.runWorker(ThreadPoolExecutor.java:1191)
	at org.apache.tomcat.util.threads.ThreadPoolExecutor$Worker.run(ThreadPoolExecutor.java:659)
	at org.apache.tomcat.util.threads.TaskThread$WrappingRunnable.run(TaskThread.java:61)
	at java.base/java.lang.Thread.run(Thread.java:1583)
18:31:17 [http-nio-8080-exec-5] DEBUG o.s.security.web.FilterChainProxy        -: Securing POST /error
18:31:17 [http-nio-8080-exec-5] DEBUG o.s.s.w.a.AnonymousAuthenticationFilter  -: Set SecurityContextHolder to anonymous SecurityContext
18:31:17 [http-nio-8080-exec-5] DEBUG o.s.s.w.a.DelegatingAuthenticationEntryPoint -: Trying to match using And [Not [RequestHeaderRequestMatcher [expectedHeaderName=X-Requested-With, expectedHeaderValue=XMLHttpRequest]], MediaTypeRequestMatcher [contentNegotiationStrategy=org.springframework.web.accept.ContentNegotiationManager@61c644fe, matchingMediaTypes=[application/xhtml+xml, image/*, text/html, text/plain], useEquals=false, ignoredMediaTypes=[*/*]]]
18:31:17 [http-nio-8080-exec-5] DEBUG o.s.s.w.a.DelegatingAuthenticationEntryPoint -: Match found! Executing org.springframework.security.web.authentication.LoginUrlAuthenticationEntryPoint@534c3b9d
18:31:17 [http-nio-8080-exec-5] DEBUG o.s.s.web.DefaultRedirectStrategy        -: Redirecting to http://localhost:8080/login
18:31:17 [http-nio-8080-exec-6] DEBUG o.s.security.web.FilterChainProxy        -: Securing GET /login
18:31:17 [http-nio-8080-exec-7] DEBUG o.s.security.web.FilterChainProxy        -: Securing GET /favicon.ico
18:31:17 [http-nio-8080-exec-7] DEBUG o.s.s.w.a.AnonymousAuthenticationFilter  -: Set SecurityContextHolder to anonymous SecurityContext
18:31:17 [http-nio-8080-exec-7] DEBUG o.s.s.w.a.DelegatingAuthenticationEntryPoint -: Trying to match using And [Not [RequestHeaderRequestMatcher [expectedHeaderName=X-Requested-With, expectedHeaderValue=XMLHttpRequest]], MediaTypeRequestMatcher [contentNegotiationStrategy=org.springframework.web.accept.ContentNegotiationManager@61c644fe, matchingMediaTypes=[application/xhtml+xml, image/*, text/html, text/plain], useEquals=false, ignoredMediaTypes=[*/*]]]
18:31:17 [http-nio-8080-exec-7] DEBUG o.s.s.w.a.DelegatingAuthenticationEntryPoint -: Match found! Executing org.springframework.security.web.authentication.LoginUrlAuthenticationEntryPoint@534c3b9d
18:31:17 [http-nio-8080-exec-7] DEBUG o.s.s.web.DefaultRedirectStrategy        -: Redirecting to http://localhost:8080/login
18:31:17 [http-nio-8080-exec-8] DEBUG o.s.security.web.FilterChainProxy        -: Securing GET /login
18:31:29 [http-nio-8080-exec-9] DEBUG o.s.security.web.FilterChainProxy        -: Securing POST /login
18:31:29 [http-nio-8080-exec-9] INFO  o.s.s.c.u.UserDetailsService             -: load the user by user name for user Pratheesh 
18:31:29 [http-nio-8080-exec-9] INFO  o.s.s.c.u.UserDetailsService             -: loaded user data is com.diatoz.task1.entity.AccountDetails@4368ff67
18:31:29 [http-nio-8080-exec-9] INFO  o.s.s.core.userdetails.UserDetails       -: Authentication on UserDetails 
18:31:29 [http-nio-8080-exec-9] INFO  o.s.s.c.u.UserDetailsService             -: prath@123
18:31:29 [http-nio-8080-exec-9] ERROR o.a.c.c.C.[.[.[.[dispatcherServlet]      -: Servlet.service() for servlet [dispatcherServlet] in context with path [] threw exception
java.lang.IllegalArgumentException: There is no PasswordEncoder mapped for the id "null"
	at org.springframework.security.crypto.password.DelegatingPasswordEncoder$UnmappedIdPasswordEncoder.matches(DelegatingPasswordEncoder.java:289)
	at org.springframework.security.crypto.password.DelegatingPasswordEncoder.matches(DelegatingPasswordEncoder.java:237)
	at org.springframework.security.authentication.dao.DaoAuthenticationProvider.additionalAuthenticationChecks(DaoAuthenticationProvider.java:86)
	at org.springframework.security.authentication.dao.AbstractUserDetailsAuthenticationProvider.authenticate(AbstractUserDetailsAuthenticationProvider.java:147)
	at org.springframework.security.authentication.ProviderManager.authenticate(ProviderManager.java:182)
	at org.springframework.security.authentication.ProviderManager.authenticate(ProviderManager.java:201)
	at org.springframework.security.web.authentication.UsernamePasswordAuthenticationFilter.attemptAuthentication(UsernamePasswordAuthenticationFilter.java:85)
	at org.springframework.security.web.authentication.AbstractAuthenticationProcessingFilter.doFilter(AbstractAuthenticationProcessingFilter.java:231)
	at org.springframework.security.web.authentication.AbstractAuthenticationProcessingFilter.doFilter(AbstractAuthenticationProcessingFilter.java:221)
	at org.springframework.security.web.FilterChainProxy$VirtualFilterChain.doFilter(FilterChainProxy.java:374)
	at org.springframework.security.web.authentication.logout.LogoutFilter.doFilter(LogoutFilter.java:107)
	at org.springframework.security.web.authentication.logout.LogoutFilter.doFilter(LogoutFilter.java:93)
	at org.springframework.security.web.FilterChainProxy$VirtualFilterChain.doFilter(FilterChainProxy.java:374)
	at org.springframework.security.web.csrf.CsrfFilter.doFilterInternal(CsrfFilter.java:131)
	at org.springframework.web.filter.OncePerRequestFilter.doFilter(OncePerRequestFilter.java:116)
	at org.springframework.security.web.FilterChainProxy$VirtualFilterChain.doFilter(FilterChainProxy.java:374)
	at org.springframework.security.web.header.HeaderWriterFilter.doHeadersAfter(HeaderWriterFilter.java:90)
	at org.springframework.security.web.header.HeaderWriterFilter.doFilterInternal(HeaderWriterFilter.java:75)
	at org.springframework.web.filter.OncePerRequestFilter.doFilter(OncePerRequestFilter.java:116)
	at org.springframework.security.web.FilterChainProxy$VirtualFilterChain.doFilter(FilterChainProxy.java:374)
	at org.springframework.security.web.context.SecurityContextHolderFilter.doFilter(SecurityContextHolderFilter.java:82)
	at org.springframework.security.web.context.SecurityContextHolderFilter.doFilter(SecurityContextHolderFilter.java:69)
	at org.springframework.security.web.FilterChainProxy$VirtualFilterChain.doFilter(FilterChainProxy.java:374)
	at org.springframework.security.web.context.request.async.WebAsyncManagerIntegrationFilter.doFilterInternal(WebAsyncManagerIntegrationFilter.java:62)
	at org.springframework.web.filter.OncePerRequestFilter.doFilter(OncePerRequestFilter.java:116)
	at org.springframework.security.web.FilterChainProxy$VirtualFilterChain.doFilter(FilterChainProxy.java:374)
	at org.springframework.security.web.session.DisableEncodeUrlFilter.doFilterInternal(DisableEncodeUrlFilter.java:42)
	at org.springframework.web.filter.OncePerRequestFilter.doFilter(OncePerRequestFilter.java:116)
	at org.springframework.security.web.FilterChainProxy$VirtualFilterChain.doFilter(FilterChainProxy.java:374)
	at org.springframework.security.web.FilterChainProxy.doFilterInternal(FilterChainProxy.java:233)
	at org.springframework.security.web.FilterChainProxy.doFilter(FilterChainProxy.java:191)
	at org.springframework.web.filter.DelegatingFilterProxy.invokeDelegate(DelegatingFilterProxy.java:352)
	at org.springframework.web.filter.DelegatingFilterProxy.doFilter(DelegatingFilterProxy.java:268)
	at org.apache.catalina.core.ApplicationFilterChain.internalDoFilter(ApplicationFilterChain.java:174)
	at org.apache.catalina.core.ApplicationFilterChain.doFilter(ApplicationFilterChain.java:149)
	at org.springframework.web.filter.RequestContextFilter.doFilterInternal(RequestContextFilter.java:100)
	at org.springframework.web.filter.OncePerRequestFilter.doFilter(OncePerRequestFilter.java:116)
	at org.apache.catalina.core.ApplicationFilterChain.internalDoFilter(ApplicationFilterChain.java:174)
	at org.apache.catalina.core.ApplicationFilterChain.doFilter(ApplicationFilterChain.java:149)
	at org.springframework.web.filter.FormContentFilter.doFilterInternal(FormContentFilter.java:93)
	at org.springframework.web.filter.OncePerRequestFilter.doFilter(OncePerRequestFilter.java:116)
	at org.apache.catalina.core.ApplicationFilterChain.internalDoFilter(ApplicationFilterChain.java:174)
	at org.apache.catalina.core.ApplicationFilterChain.doFilter(ApplicationFilterChain.java:149)
	at org.springframework.web.filter.CharacterEncodingFilter.doFilterInternal(CharacterEncodingFilter.java:201)
	at org.springframework.web.filter.OncePerRequestFilter.doFilter(OncePerRequestFilter.java:116)
	at org.apache.catalina.core.ApplicationFilterChain.internalDoFilter(ApplicationFilterChain.java:174)
	at org.apache.catalina.core.ApplicationFilterChain.doFilter(ApplicationFilterChain.java:149)
	at org.apache.catalina.core.StandardWrapperValve.invoke(StandardWrapperValve.java:167)
	at org.apache.catalina.core.StandardContextValve.invoke(StandardContextValve.java:90)
	at org.apache.catalina.authenticator.AuthenticatorBase.invoke(AuthenticatorBase.java:482)
	at org.apache.catalina.core.StandardHostValve.invoke(StandardHostValve.java:115)
	at org.apache.catalina.valves.ErrorReportValve.invoke(ErrorReportValve.java:93)
	at org.apache.catalina.core.StandardEngineValve.invoke(StandardEngineValve.java:74)
	at org.apache.catalina.connector.CoyoteAdapter.service(CoyoteAdapter.java:341)
	at org.apache.coyote.http11.Http11Processor.service(Http11Processor.java:391)
	at org.apache.coyote.AbstractProcessorLight.process(AbstractProcessorLight.java:63)
	at org.apache.coyote.AbstractProtocol$ConnectionHandler.process(AbstractProtocol.java:894)
	at org.apache.tomcat.util.net.NioEndpoint$SocketProcessor.doRun(NioEndpoint.java:1740)
	at org.apache.tomcat.util.net.SocketProcessorBase.run(SocketProcessorBase.java:52)
	at org.apache.tomcat.util.threads.ThreadPoolExecutor.runWorker(ThreadPoolExecutor.java:1191)
	at org.apache.tomcat.util.threads.ThreadPoolExecutor$Worker.run(ThreadPoolExecutor.java:659)
	at org.apache.tomcat.util.threads.TaskThread$WrappingRunnable.run(TaskThread.java:61)
	at java.base/java.lang.Thread.run(Thread.java:1583)
18:31:29 [http-nio-8080-exec-9] DEBUG o.s.security.web.FilterChainProxy        -: Securing POST /error
18:31:29 [http-nio-8080-exec-9] DEBUG o.s.s.w.a.AnonymousAuthenticationFilter  -: Set SecurityContextHolder to anonymous SecurityContext
18:31:29 [http-nio-8080-exec-9] DEBUG o.s.s.w.a.DelegatingAuthenticationEntryPoint -: Trying to match using And [Not [RequestHeaderRequestMatcher [expectedHeaderName=X-Requested-With, expectedHeaderValue=XMLHttpRequest]], MediaTypeRequestMatcher [contentNegotiationStrategy=org.springframework.web.accept.ContentNegotiationManager@61c644fe, matchingMediaTypes=[application/xhtml+xml, image/*, text/html, text/plain], useEquals=false, ignoredMediaTypes=[*/*]]]
18:31:29 [http-nio-8080-exec-9] DEBUG o.s.s.w.a.DelegatingAuthenticationEntryPoint -: Match found! Executing org.springframework.security.web.authentication.LoginUrlAuthenticationEntryPoint@534c3b9d
18:31:29 [http-nio-8080-exec-9] DEBUG o.s.s.web.DefaultRedirectStrategy        -: Redirecting to http://localhost:8080/login
18:31:29 [http-nio-8080-exec-10] DEBUG o.s.security.web.FilterChainProxy        -: Securing GET /login
18:31:29 [http-nio-8080-exec-1] DEBUG o.s.security.web.FilterChainProxy        -: Securing GET /favicon.ico
18:31:29 [http-nio-8080-exec-1] DEBUG o.s.s.w.a.AnonymousAuthenticationFilter  -: Set SecurityContextHolder to anonymous SecurityContext
18:31:29 [http-nio-8080-exec-1] DEBUG o.s.s.w.a.DelegatingAuthenticationEntryPoint -: Trying to match using And [Not [RequestHeaderRequestMatcher [expectedHeaderName=X-Requested-With, expectedHeaderValue=XMLHttpRequest]], MediaTypeRequestMatcher [contentNegotiationStrategy=org.springframework.web.accept.ContentNegotiationManager@61c644fe, matchingMediaTypes=[application/xhtml+xml, image/*, text/html, text/plain], useEquals=false, ignoredMediaTypes=[*/*]]]
18:31:29 [http-nio-8080-exec-1] DEBUG o.s.s.w.a.DelegatingAuthenticationEntryPoint -: Match found! Executing org.springframework.security.web.authentication.LoginUrlAuthenticationEntryPoint@534c3b9d
18:31:29 [http-nio-8080-exec-1] DEBUG o.s.s.web.DefaultRedirectStrategy        -: Redirecting to http://localhost:8080/login
18:31:29 [http-nio-8080-exec-2] DEBUG o.s.security.web.FilterChainProxy        -: Securing GET /login
18:46:37 [SpringApplicationShutdownHook] INFO  o.s.o.j.LocalContainerEntityManagerFactoryBean -: Closing JPA EntityManagerFactory for persistence unit 'default'
18:46:37 [SpringApplicationShutdownHook] INFO  com.zaxxer.hikari.HikariDataSource       -: HikariPool-1 - Shutdown initiated...
18:46:37 [SpringApplicationShutdownHook] INFO  com.zaxxer.hikari.HikariDataSource       -: HikariPool-1 - Shutdown completed.
18:46:44 [background-preinit] INFO  o.h.validator.internal.util.Version      -: HV000001: Hibernate Validator 8.0.1.Final
18:46:44 [main] INFO  com.diatoz.task1.Task1Application        -: Starting Task1Application using Java 21 with PID 18932 (C:\Users\prath\OneDrive\Desktop\Project\task1\target\classes started by prath in C:\Users\prath\OneDrive\Desktop\Project\task1)
18:46:44 [main] INFO  com.diatoz.task1.Task1Application        -: No active profile set, falling back to 1 default profile: "default"
18:46:45 [main] INFO  o.s.d.r.c.RepositoryConfigurationDelegate -: Bootstrapping Spring Data JPA repositories in DEFAULT mode.
18:46:45 [main] INFO  o.s.d.r.c.RepositoryConfigurationDelegate -: Finished Spring Data repository scanning in 69 ms. Found 3 JPA repository interfaces.
18:46:46 [main] INFO  o.s.b.w.e.tomcat.TomcatWebServer         -: Tomcat initialized with port(s): 8080 (http)
18:46:46 [main] INFO  o.a.coyote.http11.Http11NioProtocol      -: Initializing ProtocolHandler ["http-nio-8080"]
18:46:46 [main] INFO  o.a.catalina.core.StandardService        -: Starting service [Tomcat]
18:46:46 [main] INFO  o.a.catalina.core.StandardEngine         -: Starting Servlet engine: [Apache Tomcat/10.1.13]
18:46:46 [main] INFO  o.a.c.c.C.[Tomcat].[localhost].[/]       -: Initializing Spring embedded WebApplicationContext
18:46:46 [main] INFO  o.s.b.w.s.c.ServletWebServerApplicationContext -: Root WebApplicationContext: initialization completed in 1836 ms
18:46:46 [main] INFO  o.h.jpa.internal.util.LogHelper          -: HHH000204: Processing PersistenceUnitInfo [name: default]
18:46:47 [main] INFO  org.hibernate.Version                    -: HHH000412: Hibernate ORM core version 6.2.9.Final
18:46:47 [main] INFO  org.hibernate.cfg.Environment            -: HHH000406: Using bytecode reflection optimizer
18:46:47 [main] INFO  o.h.b.i.BytecodeProviderInitiator        -: HHH000021: Bytecode provider name : bytebuddy
18:46:47 [main] INFO  o.s.o.j.p.SpringPersistenceUnitInfo      -: No LoadTimeWeaver setup: ignoring JPA class transformer
18:46:47 [main] INFO  com.zaxxer.hikari.HikariDataSource       -: HikariPool-1 - Starting...
18:46:47 [main] INFO  com.zaxxer.hikari.pool.HikariPool        -: HikariPool-1 - Added connection com.mysql.cj.jdbc.ConnectionImpl@20890a1a
18:46:47 [main] INFO  com.zaxxer.hikari.HikariDataSource       -: HikariPool-1 - Start completed.
18:46:48 [main] INFO  o.h.b.i.BytecodeProviderInitiator        -: HHH000021: Bytecode provider name : bytebuddy
18:46:48 [main] INFO  o.h.e.t.j.p.i.JtaPlatformInitiator       -: HHH000490: Using JtaPlatform implementation: [org.hibernate.engine.transaction.jta.platform.internal.NoJtaPlatform]
18:46:48 [main] INFO  o.s.o.j.LocalContainerEntityManagerFactoryBean -: Initialized JPA EntityManagerFactory for persistence unit 'default'
18:46:49 [main] WARN  o.s.b.a.o.j.JpaBaseConfiguration$JpaWebConfiguration -: spring.jpa.open-in-view is enabled by default. Therefore, database queries may be performed during view rendering. Explicitly configure spring.jpa.open-in-view to disable this warning
18:46:50 [main] INFO  o.s.s.web.DefaultSecurityFilterChain     -: Will secure any request with [org.springframework.security.web.session.DisableEncodeUrlFilter@42c9f2cd, org.springframework.security.web.context.request.async.WebAsyncManagerIntegrationFilter@797c67c, org.springframework.security.web.context.SecurityContextHolderFilter@285b63eb, org.springframework.security.web.header.HeaderWriterFilter@59f56892, org.springframework.security.web.csrf.CsrfFilter@1aa64998, org.springframework.security.web.authentication.logout.LogoutFilter@2060df8, org.springframework.security.web.authentication.UsernamePasswordAuthenticationFilter@1e5921ec, org.springframework.security.web.authentication.ui.DefaultLoginPageGeneratingFilter@2c3d1214, org.springframework.security.web.authentication.ui.DefaultLogoutPageGeneratingFilter@31ce271c, org.springframework.security.web.authentication.www.BasicAuthenticationFilter@6fe55fcf, org.springframework.security.web.savedrequest.RequestCacheAwareFilter@1fa8a4f7, org.springframework.security.web.servletapi.SecurityContextHolderAwareRequestFilter@665c79a2, org.springframework.security.web.authentication.AnonymousAuthenticationFilter@b1d7b09, org.springframework.security.web.access.ExceptionTranslationFilter@c8d20bb, org.springframework.security.web.access.intercept.AuthorizationFilter@36e95b7b]
18:46:50 [main] INFO  o.a.coyote.http11.Http11NioProtocol      -: Starting ProtocolHandler ["http-nio-8080"]
18:46:50 [main] INFO  o.s.b.w.e.tomcat.TomcatWebServer         -: Tomcat started on port(s): 8080 (http) with context path ''
18:46:50 [main] INFO  com.diatoz.task1.Task1Application        -: Started Task1Application in 5.694 seconds (process running for 6.323)
18:47:15 [http-nio-8080-exec-1] INFO  o.a.c.c.C.[Tomcat].[localhost].[/]       -: Initializing Spring DispatcherServlet 'dispatcherServlet'
18:47:15 [http-nio-8080-exec-1] INFO  o.s.web.servlet.DispatcherServlet        -: Initializing Servlet 'dispatcherServlet'
18:47:15 [http-nio-8080-exec-1] INFO  o.s.web.servlet.DispatcherServlet        -: Completed initialization in 2 ms
18:47:15 [http-nio-8080-exec-1] DEBUG o.s.s.w.f.HttpStatusRequestRejectedHandler -: Rejecting request due to: The request was rejected because the URL contained a potentially malicious String "//"
org.springframework.security.web.firewall.RequestRejectedException: The request was rejected because the URL contained a potentially malicious String "//"
	at org.springframework.security.web.firewall.StrictHttpFirewall.rejectedBlocklistedUrls(StrictHttpFirewall.java:535)
	at org.springframework.security.web.firewall.StrictHttpFirewall.getFirewalledRequest(StrictHttpFirewall.java:505)
	at org.springframework.security.web.FilterChainProxy.doFilterInternal(FilterChainProxy.java:211)
	at org.springframework.security.web.FilterChainProxy.doFilter(FilterChainProxy.java:191)
	at org.springframework.web.filter.DelegatingFilterProxy.invokeDelegate(DelegatingFilterProxy.java:352)
	at org.springframework.web.filter.DelegatingFilterProxy.doFilter(DelegatingFilterProxy.java:268)
	at org.apache.catalina.core.ApplicationFilterChain.internalDoFilter(ApplicationFilterChain.java:174)
	at org.apache.catalina.core.ApplicationFilterChain.doFilter(ApplicationFilterChain.java:149)
	at org.springframework.web.filter.RequestContextFilter.doFilterInternal(RequestContextFilter.java:100)
	at org.springframework.web.filter.OncePerRequestFilter.doFilter(OncePerRequestFilter.java:116)
	at org.apache.catalina.core.ApplicationFilterChain.internalDoFilter(ApplicationFilterChain.java:174)
	at org.apache.catalina.core.ApplicationFilterChain.doFilter(ApplicationFilterChain.java:149)
	at org.springframework.web.filter.FormContentFilter.doFilterInternal(FormContentFilter.java:93)
	at org.springframework.web.filter.OncePerRequestFilter.doFilter(OncePerRequestFilter.java:116)
	at org.apache.catalina.core.ApplicationFilterChain.internalDoFilter(ApplicationFilterChain.java:174)
	at org.apache.catalina.core.ApplicationFilterChain.doFilter(ApplicationFilterChain.java:149)
	at org.springframework.web.filter.CharacterEncodingFilter.doFilterInternal(CharacterEncodingFilter.java:201)
	at org.springframework.web.filter.OncePerRequestFilter.doFilter(OncePerRequestFilter.java:116)
	at org.apache.catalina.core.ApplicationFilterChain.internalDoFilter(ApplicationFilterChain.java:174)
	at org.apache.catalina.core.ApplicationFilterChain.doFilter(ApplicationFilterChain.java:149)
	at org.apache.catalina.core.StandardWrapperValve.invoke(StandardWrapperValve.java:167)
	at org.apache.catalina.core.StandardContextValve.invoke(StandardContextValve.java:90)
	at org.apache.catalina.authenticator.AuthenticatorBase.invoke(AuthenticatorBase.java:482)
	at org.apache.catalina.core.StandardHostValve.invoke(StandardHostValve.java:115)
	at org.apache.catalina.valves.ErrorReportValve.invoke(ErrorReportValve.java:93)
	at org.apache.catalina.core.StandardEngineValve.invoke(StandardEngineValve.java:74)
	at org.apache.catalina.connector.CoyoteAdapter.service(CoyoteAdapter.java:341)
	at org.apache.coyote.http11.Http11Processor.service(Http11Processor.java:391)
	at org.apache.coyote.AbstractProcessorLight.process(AbstractProcessorLight.java:63)
	at org.apache.coyote.AbstractProtocol$ConnectionHandler.process(AbstractProtocol.java:894)
	at org.apache.tomcat.util.net.NioEndpoint$SocketProcessor.doRun(NioEndpoint.java:1740)
	at org.apache.tomcat.util.net.SocketProcessorBase.run(SocketProcessorBase.java:52)
	at org.apache.tomcat.util.threads.ThreadPoolExecutor.runWorker(ThreadPoolExecutor.java:1191)
	at org.apache.tomcat.util.threads.ThreadPoolExecutor$Worker.run(ThreadPoolExecutor.java:659)
	at org.apache.tomcat.util.threads.TaskThread$WrappingRunnable.run(TaskThread.java:61)
	at java.base/java.lang.Thread.run(Thread.java:1583)
18:47:15 [http-nio-8080-exec-1] DEBUG o.s.security.web.FilterChainProxy        -: Securing GET /error
18:47:15 [http-nio-8080-exec-1] DEBUG o.s.s.w.a.AnonymousAuthenticationFilter  -: Set SecurityContextHolder to anonymous SecurityContext
18:47:15 [http-nio-8080-exec-1] DEBUG o.s.s.w.s.HttpSessionRequestCache        -: Saved request http://localhost:8080/error?continue to session
18:47:15 [http-nio-8080-exec-1] DEBUG o.s.s.w.a.DelegatingAuthenticationEntryPoint -: Trying to match using And [Not [RequestHeaderRequestMatcher [expectedHeaderName=X-Requested-With, expectedHeaderValue=XMLHttpRequest]], MediaTypeRequestMatcher [contentNegotiationStrategy=org.springframework.web.accept.ContentNegotiationManager@463746eb, matchingMediaTypes=[application/xhtml+xml, image/*, text/html, text/plain], useEquals=false, ignoredMediaTypes=[*/*]]]
18:47:15 [http-nio-8080-exec-1] DEBUG o.s.s.w.a.DelegatingAuthenticationEntryPoint -: Match found! Executing org.springframework.security.web.authentication.LoginUrlAuthenticationEntryPoint@30623109
18:47:15 [http-nio-8080-exec-1] DEBUG o.s.s.web.DefaultRedirectStrategy        -: Redirecting to http://localhost:8080/login
18:47:15 [http-nio-8080-exec-2] DEBUG o.s.security.web.FilterChainProxy        -: Securing GET /login
18:47:15 [http-nio-8080-exec-3] DEBUG o.s.security.web.FilterChainProxy        -: Securing GET /favicon.ico
18:47:15 [http-nio-8080-exec-3] DEBUG o.s.s.w.a.AnonymousAuthenticationFilter  -: Set SecurityContextHolder to anonymous SecurityContext
18:47:15 [http-nio-8080-exec-3] DEBUG o.s.s.w.a.DelegatingAuthenticationEntryPoint -: Trying to match using And [Not [RequestHeaderRequestMatcher [expectedHeaderName=X-Requested-With, expectedHeaderValue=XMLHttpRequest]], MediaTypeRequestMatcher [contentNegotiationStrategy=org.springframework.web.accept.ContentNegotiationManager@463746eb, matchingMediaTypes=[application/xhtml+xml, image/*, text/html, text/plain], useEquals=false, ignoredMediaTypes=[*/*]]]
18:47:15 [http-nio-8080-exec-3] DEBUG o.s.s.w.a.DelegatingAuthenticationEntryPoint -: Match found! Executing org.springframework.security.web.authentication.LoginUrlAuthenticationEntryPoint@30623109
18:47:15 [http-nio-8080-exec-3] DEBUG o.s.s.web.DefaultRedirectStrategy        -: Redirecting to http://localhost:8080/login
18:47:15 [http-nio-8080-exec-4] DEBUG o.s.security.web.FilterChainProxy        -: Securing GET /login
18:47:32 [http-nio-8080-exec-7] DEBUG o.s.security.web.FilterChainProxy        -: Securing POST /login
18:47:32 [http-nio-8080-exec-7] INFO  o.s.s.c.u.UserDetailsService             -: load the user by user name for user Pratheesh 
18:47:32 [http-nio-8080-exec-7] INFO  o.s.s.c.u.UserDetailsService             -: loaded user data is com.diatoz.task1.entity.AccountDetails@1b691b60
18:47:32 [http-nio-8080-exec-7] INFO  o.s.s.core.userdetails.UserDetails       -: Authentication on UserDetails 
18:47:32 [http-nio-8080-exec-7] INFO  o.s.s.c.u.UserDetailsService             -: prath@123
18:47:32 [http-nio-8080-exec-7] ERROR o.a.c.c.C.[.[.[.[dispatcherServlet]      -: Servlet.service() for servlet [dispatcherServlet] in context with path [] threw exception
java.lang.IllegalArgumentException: There is no PasswordEncoder mapped for the id "null"
	at org.springframework.security.crypto.password.DelegatingPasswordEncoder$UnmappedIdPasswordEncoder.matches(DelegatingPasswordEncoder.java:289)
	at org.springframework.security.crypto.password.DelegatingPasswordEncoder.matches(DelegatingPasswordEncoder.java:237)
	at org.springframework.security.authentication.dao.DaoAuthenticationProvider.additionalAuthenticationChecks(DaoAuthenticationProvider.java:86)
	at org.springframework.security.authentication.dao.AbstractUserDetailsAuthenticationProvider.authenticate(AbstractUserDetailsAuthenticationProvider.java:147)
	at org.springframework.security.authentication.ProviderManager.authenticate(ProviderManager.java:182)
	at org.springframework.security.authentication.ProviderManager.authenticate(ProviderManager.java:201)
	at org.springframework.security.web.authentication.UsernamePasswordAuthenticationFilter.attemptAuthentication(UsernamePasswordAuthenticationFilter.java:85)
	at org.springframework.security.web.authentication.AbstractAuthenticationProcessingFilter.doFilter(AbstractAuthenticationProcessingFilter.java:231)
	at org.springframework.security.web.authentication.AbstractAuthenticationProcessingFilter.doFilter(AbstractAuthenticationProcessingFilter.java:221)
	at org.springframework.security.web.FilterChainProxy$VirtualFilterChain.doFilter(FilterChainProxy.java:374)
	at org.springframework.security.web.authentication.logout.LogoutFilter.doFilter(LogoutFilter.java:107)
	at org.springframework.security.web.authentication.logout.LogoutFilter.doFilter(LogoutFilter.java:93)
	at org.springframework.security.web.FilterChainProxy$VirtualFilterChain.doFilter(FilterChainProxy.java:374)
	at org.springframework.security.web.csrf.CsrfFilter.doFilterInternal(CsrfFilter.java:131)
	at org.springframework.web.filter.OncePerRequestFilter.doFilter(OncePerRequestFilter.java:116)
	at org.springframework.security.web.FilterChainProxy$VirtualFilterChain.doFilter(FilterChainProxy.java:374)
	at org.springframework.security.web.header.HeaderWriterFilter.doHeadersAfter(HeaderWriterFilter.java:90)
	at org.springframework.security.web.header.HeaderWriterFilter.doFilterInternal(HeaderWriterFilter.java:75)
	at org.springframework.web.filter.OncePerRequestFilter.doFilter(OncePerRequestFilter.java:116)
	at org.springframework.security.web.FilterChainProxy$VirtualFilterChain.doFilter(FilterChainProxy.java:374)
	at org.springframework.security.web.context.SecurityContextHolderFilter.doFilter(SecurityContextHolderFilter.java:82)
	at org.springframework.security.web.context.SecurityContextHolderFilter.doFilter(SecurityContextHolderFilter.java:69)
	at org.springframework.security.web.FilterChainProxy$VirtualFilterChain.doFilter(FilterChainProxy.java:374)
	at org.springframework.security.web.context.request.async.WebAsyncManagerIntegrationFilter.doFilterInternal(WebAsyncManagerIntegrationFilter.java:62)
	at org.springframework.web.filter.OncePerRequestFilter.doFilter(OncePerRequestFilter.java:116)
	at org.springframework.security.web.FilterChainProxy$VirtualFilterChain.doFilter(FilterChainProxy.java:374)
	at org.springframework.security.web.session.DisableEncodeUrlFilter.doFilterInternal(DisableEncodeUrlFilter.java:42)
	at org.springframework.web.filter.OncePerRequestFilter.doFilter(OncePerRequestFilter.java:116)
	at org.springframework.security.web.FilterChainProxy$VirtualFilterChain.doFilter(FilterChainProxy.java:374)
	at org.springframework.security.web.FilterChainProxy.doFilterInternal(FilterChainProxy.java:233)
	at org.springframework.security.web.FilterChainProxy.doFilter(FilterChainProxy.java:191)
	at org.springframework.web.filter.DelegatingFilterProxy.invokeDelegate(DelegatingFilterProxy.java:352)
	at org.springframework.web.filter.DelegatingFilterProxy.doFilter(DelegatingFilterProxy.java:268)
	at org.apache.catalina.core.ApplicationFilterChain.internalDoFilter(ApplicationFilterChain.java:174)
	at org.apache.catalina.core.ApplicationFilterChain.doFilter(ApplicationFilterChain.java:149)
	at org.springframework.web.filter.RequestContextFilter.doFilterInternal(RequestContextFilter.java:100)
	at org.springframework.web.filter.OncePerRequestFilter.doFilter(OncePerRequestFilter.java:116)
	at org.apache.catalina.core.ApplicationFilterChain.internalDoFilter(ApplicationFilterChain.java:174)
	at org.apache.catalina.core.ApplicationFilterChain.doFilter(ApplicationFilterChain.java:149)
	at org.springframework.web.filter.FormContentFilter.doFilterInternal(FormContentFilter.java:93)
	at org.springframework.web.filter.OncePerRequestFilter.doFilter(OncePerRequestFilter.java:116)
	at org.apache.catalina.core.ApplicationFilterChain.internalDoFilter(ApplicationFilterChain.java:174)
	at org.apache.catalina.core.ApplicationFilterChain.doFilter(ApplicationFilterChain.java:149)
	at org.springframework.web.filter.CharacterEncodingFilter.doFilterInternal(CharacterEncodingFilter.java:201)
	at org.springframework.web.filter.OncePerRequestFilter.doFilter(OncePerRequestFilter.java:116)
	at org.apache.catalina.core.ApplicationFilterChain.internalDoFilter(ApplicationFilterChain.java:174)
	at org.apache.catalina.core.ApplicationFilterChain.doFilter(ApplicationFilterChain.java:149)
	at org.apache.catalina.core.StandardWrapperValve.invoke(StandardWrapperValve.java:167)
	at org.apache.catalina.core.StandardContextValve.invoke(StandardContextValve.java:90)
	at org.apache.catalina.authenticator.AuthenticatorBase.invoke(AuthenticatorBase.java:482)
	at org.apache.catalina.core.StandardHostValve.invoke(StandardHostValve.java:115)
	at org.apache.catalina.valves.ErrorReportValve.invoke(ErrorReportValve.java:93)
	at org.apache.catalina.core.StandardEngineValve.invoke(StandardEngineValve.java:74)
	at org.apache.catalina.connector.CoyoteAdapter.service(CoyoteAdapter.java:341)
	at org.apache.coyote.http11.Http11Processor.service(Http11Processor.java:391)
	at org.apache.coyote.AbstractProcessorLight.process(AbstractProcessorLight.java:63)
	at org.apache.coyote.AbstractProtocol$ConnectionHandler.process(AbstractProtocol.java:894)
	at org.apache.tomcat.util.net.NioEndpoint$SocketProcessor.doRun(NioEndpoint.java:1740)
	at org.apache.tomcat.util.net.SocketProcessorBase.run(SocketProcessorBase.java:52)
	at org.apache.tomcat.util.threads.ThreadPoolExecutor.runWorker(ThreadPoolExecutor.java:1191)
	at org.apache.tomcat.util.threads.ThreadPoolExecutor$Worker.run(ThreadPoolExecutor.java:659)
	at org.apache.tomcat.util.threads.TaskThread$WrappingRunnable.run(TaskThread.java:61)
	at java.base/java.lang.Thread.run(Thread.java:1583)
18:47:32 [http-nio-8080-exec-7] DEBUG o.s.security.web.FilterChainProxy        -: Securing POST /error
18:47:32 [http-nio-8080-exec-7] DEBUG o.s.s.w.a.AnonymousAuthenticationFilter  -: Set SecurityContextHolder to anonymous SecurityContext
18:47:32 [http-nio-8080-exec-7] DEBUG o.s.s.w.a.DelegatingAuthenticationEntryPoint -: Trying to match using And [Not [RequestHeaderRequestMatcher [expectedHeaderName=X-Requested-With, expectedHeaderValue=XMLHttpRequest]], MediaTypeRequestMatcher [contentNegotiationStrategy=org.springframework.web.accept.ContentNegotiationManager@463746eb, matchingMediaTypes=[application/xhtml+xml, image/*, text/html, text/plain], useEquals=false, ignoredMediaTypes=[*/*]]]
18:47:32 [http-nio-8080-exec-7] DEBUG o.s.s.w.a.DelegatingAuthenticationEntryPoint -: Match found! Executing org.springframework.security.web.authentication.LoginUrlAuthenticationEntryPoint@30623109
18:47:32 [http-nio-8080-exec-7] DEBUG o.s.s.web.DefaultRedirectStrategy        -: Redirecting to http://localhost:8080/login
18:47:32 [http-nio-8080-exec-8] DEBUG o.s.security.web.FilterChainProxy        -: Securing GET /login
18:47:32 [http-nio-8080-exec-9] DEBUG o.s.security.web.FilterChainProxy        -: Securing GET /favicon.ico
18:47:32 [http-nio-8080-exec-9] DEBUG o.s.s.w.a.AnonymousAuthenticationFilter  -: Set SecurityContextHolder to anonymous SecurityContext
18:47:32 [http-nio-8080-exec-9] DEBUG o.s.s.w.a.DelegatingAuthenticationEntryPoint -: Trying to match using And [Not [RequestHeaderRequestMatcher [expectedHeaderName=X-Requested-With, expectedHeaderValue=XMLHttpRequest]], MediaTypeRequestMatcher [contentNegotiationStrategy=org.springframework.web.accept.ContentNegotiationManager@463746eb, matchingMediaTypes=[application/xhtml+xml, image/*, text/html, text/plain], useEquals=false, ignoredMediaTypes=[*/*]]]
18:47:32 [http-nio-8080-exec-9] DEBUG o.s.s.w.a.DelegatingAuthenticationEntryPoint -: Match found! Executing org.springframework.security.web.authentication.LoginUrlAuthenticationEntryPoint@30623109
18:47:32 [http-nio-8080-exec-9] DEBUG o.s.s.web.DefaultRedirectStrategy        -: Redirecting to http://localhost:8080/login
18:47:32 [http-nio-8080-exec-10] DEBUG o.s.security.web.FilterChainProxy        -: Securing GET /login
18:47:51 [http-nio-8080-exec-3] DEBUG o.s.security.web.FilterChainProxy        -: Securing POST /login
18:47:51 [http-nio-8080-exec-3] INFO  o.s.s.c.u.UserDetailsService             -: load the user by user name for user jjj 
18:47:51 [http-nio-8080-exec-3] ERROR o.s.s.c.u.UserDetailsService             -: Username is not found in database
18:47:51 [http-nio-8080-exec-3] DEBUG o.s.s.a.d.DaoAuthenticationProvider      -: Failed to find user 'jjj'
18:47:51 [http-nio-8080-exec-3] DEBUG o.s.s.web.DefaultRedirectStrategy        -: Redirecting to /login?error
18:47:51 [http-nio-8080-exec-4] DEBUG o.s.security.web.FilterChainProxy        -: Securing GET /login?error
18:47:51 [http-nio-8080-exec-6] DEBUG o.s.security.web.FilterChainProxy        -: Securing GET /favicon.ico
18:47:51 [http-nio-8080-exec-6] DEBUG o.s.s.w.a.AnonymousAuthenticationFilter  -: Set SecurityContextHolder to anonymous SecurityContext
18:47:51 [http-nio-8080-exec-6] DEBUG o.s.s.w.a.DelegatingAuthenticationEntryPoint -: Trying to match using And [Not [RequestHeaderRequestMatcher [expectedHeaderName=X-Requested-With, expectedHeaderValue=XMLHttpRequest]], MediaTypeRequestMatcher [contentNegotiationStrategy=org.springframework.web.accept.ContentNegotiationManager@463746eb, matchingMediaTypes=[application/xhtml+xml, image/*, text/html, text/plain], useEquals=false, ignoredMediaTypes=[*/*]]]
18:47:51 [http-nio-8080-exec-6] DEBUG o.s.s.w.a.DelegatingAuthenticationEntryPoint -: Match found! Executing org.springframework.security.web.authentication.LoginUrlAuthenticationEntryPoint@30623109
18:47:51 [http-nio-8080-exec-6] DEBUG o.s.s.web.DefaultRedirectStrategy        -: Redirecting to http://localhost:8080/login
18:47:51 [http-nio-8080-exec-5] DEBUG o.s.security.web.FilterChainProxy        -: Securing GET /login
18:48:07 [http-nio-8080-exec-9] DEBUG o.s.security.web.FilterChainProxy        -: Securing POST /login
18:48:07 [http-nio-8080-exec-9] INFO  o.s.s.c.u.UserDetailsService             -: load the user by user name for user Prathees 
18:48:07 [http-nio-8080-exec-9] ERROR o.s.s.c.u.UserDetailsService             -: Username is not found in database
18:48:07 [http-nio-8080-exec-9] DEBUG o.s.s.a.d.DaoAuthenticationProvider      -: Failed to find user 'Prathees'
18:48:07 [http-nio-8080-exec-9] DEBUG o.s.s.web.DefaultRedirectStrategy        -: Redirecting to /login?error
18:48:07 [http-nio-8080-exec-10] DEBUG o.s.security.web.FilterChainProxy        -: Securing GET /login?error
18:48:07 [http-nio-8080-exec-2] DEBUG o.s.security.web.FilterChainProxy        -: Securing GET /favicon.ico
18:48:07 [http-nio-8080-exec-2] DEBUG o.s.s.w.a.AnonymousAuthenticationFilter  -: Set SecurityContextHolder to anonymous SecurityContext
18:48:07 [http-nio-8080-exec-2] DEBUG o.s.s.w.a.DelegatingAuthenticationEntryPoint -: Trying to match using And [Not [RequestHeaderRequestMatcher [expectedHeaderName=X-Requested-With, expectedHeaderValue=XMLHttpRequest]], MediaTypeRequestMatcher [contentNegotiationStrategy=org.springframework.web.accept.ContentNegotiationManager@463746eb, matchingMediaTypes=[application/xhtml+xml, image/*, text/html, text/plain], useEquals=false, ignoredMediaTypes=[*/*]]]
18:48:07 [http-nio-8080-exec-2] DEBUG o.s.s.w.a.DelegatingAuthenticationEntryPoint -: Match found! Executing org.springframework.security.web.authentication.LoginUrlAuthenticationEntryPoint@30623109
18:48:07 [http-nio-8080-exec-2] DEBUG o.s.s.web.DefaultRedirectStrategy        -: Redirecting to http://localhost:8080/login
18:48:07 [http-nio-8080-exec-1] DEBUG o.s.security.web.FilterChainProxy        -: Securing GET /login
18:48:14 [http-nio-8080-exec-6] DEBUG o.s.security.web.FilterChainProxy        -: Securing POST /login
18:48:14 [http-nio-8080-exec-6] INFO  o.s.s.c.u.UserDetailsService             -: load the user by user name for user Pratheesh 
18:48:14 [http-nio-8080-exec-6] INFO  o.s.s.c.u.UserDetailsService             -: loaded user data is com.diatoz.task1.entity.AccountDetails@7c895f35
18:48:14 [http-nio-8080-exec-6] INFO  o.s.s.core.userdetails.UserDetails       -: Authentication on UserDetails 
18:48:14 [http-nio-8080-exec-6] INFO  o.s.s.c.u.UserDetailsService             -: prath@123
18:48:14 [http-nio-8080-exec-6] ERROR o.a.c.c.C.[.[.[.[dispatcherServlet]      -: Servlet.service() for servlet [dispatcherServlet] in context with path [] threw exception
java.lang.IllegalArgumentException: There is no PasswordEncoder mapped for the id "null"
	at org.springframework.security.crypto.password.DelegatingPasswordEncoder$UnmappedIdPasswordEncoder.matches(DelegatingPasswordEncoder.java:289)
	at org.springframework.security.crypto.password.DelegatingPasswordEncoder.matches(DelegatingPasswordEncoder.java:237)
	at org.springframework.security.authentication.dao.DaoAuthenticationProvider.additionalAuthenticationChecks(DaoAuthenticationProvider.java:86)
	at org.springframework.security.authentication.dao.AbstractUserDetailsAuthenticationProvider.authenticate(AbstractUserDetailsAuthenticationProvider.java:147)
	at org.springframework.security.authentication.ProviderManager.authenticate(ProviderManager.java:182)
	at org.springframework.security.authentication.ProviderManager.authenticate(ProviderManager.java:201)
	at org.springframework.security.web.authentication.UsernamePasswordAuthenticationFilter.attemptAuthentication(UsernamePasswordAuthenticationFilter.java:85)
	at org.springframework.security.web.authentication.AbstractAuthenticationProcessingFilter.doFilter(AbstractAuthenticationProcessingFilter.java:231)
	at org.springframework.security.web.authentication.AbstractAuthenticationProcessingFilter.doFilter(AbstractAuthenticationProcessingFilter.java:221)
	at org.springframework.security.web.FilterChainProxy$VirtualFilterChain.doFilter(FilterChainProxy.java:374)
	at org.springframework.security.web.authentication.logout.LogoutFilter.doFilter(LogoutFilter.java:107)
	at org.springframework.security.web.authentication.logout.LogoutFilter.doFilter(LogoutFilter.java:93)
	at org.springframework.security.web.FilterChainProxy$VirtualFilterChain.doFilter(FilterChainProxy.java:374)
	at org.springframework.security.web.csrf.CsrfFilter.doFilterInternal(CsrfFilter.java:131)
	at org.springframework.web.filter.OncePerRequestFilter.doFilter(OncePerRequestFilter.java:116)
	at org.springframework.security.web.FilterChainProxy$VirtualFilterChain.doFilter(FilterChainProxy.java:374)
	at org.springframework.security.web.header.HeaderWriterFilter.doHeadersAfter(HeaderWriterFilter.java:90)
	at org.springframework.security.web.header.HeaderWriterFilter.doFilterInternal(HeaderWriterFilter.java:75)
	at org.springframework.web.filter.OncePerRequestFilter.doFilter(OncePerRequestFilter.java:116)
	at org.springframework.security.web.FilterChainProxy$VirtualFilterChain.doFilter(FilterChainProxy.java:374)
	at org.springframework.security.web.context.SecurityContextHolderFilter.doFilter(SecurityContextHolderFilter.java:82)
	at org.springframework.security.web.context.SecurityContextHolderFilter.doFilter(SecurityContextHolderFilter.java:69)
	at org.springframework.security.web.FilterChainProxy$VirtualFilterChain.doFilter(FilterChainProxy.java:374)
	at org.springframework.security.web.context.request.async.WebAsyncManagerIntegrationFilter.doFilterInternal(WebAsyncManagerIntegrationFilter.java:62)
	at org.springframework.web.filter.OncePerRequestFilter.doFilter(OncePerRequestFilter.java:116)
	at org.springframework.security.web.FilterChainProxy$VirtualFilterChain.doFilter(FilterChainProxy.java:374)
	at org.springframework.security.web.session.DisableEncodeUrlFilter.doFilterInternal(DisableEncodeUrlFilter.java:42)
	at org.springframework.web.filter.OncePerRequestFilter.doFilter(OncePerRequestFilter.java:116)
	at org.springframework.security.web.FilterChainProxy$VirtualFilterChain.doFilter(FilterChainProxy.java:374)
	at org.springframework.security.web.FilterChainProxy.doFilterInternal(FilterChainProxy.java:233)
	at org.springframework.security.web.FilterChainProxy.doFilter(FilterChainProxy.java:191)
	at org.springframework.web.filter.DelegatingFilterProxy.invokeDelegate(DelegatingFilterProxy.java:352)
	at org.springframework.web.filter.DelegatingFilterProxy.doFilter(DelegatingFilterProxy.java:268)
	at org.apache.catalina.core.ApplicationFilterChain.internalDoFilter(ApplicationFilterChain.java:174)
	at org.apache.catalina.core.ApplicationFilterChain.doFilter(ApplicationFilterChain.java:149)
	at org.springframework.web.filter.RequestContextFilter.doFilterInternal(RequestContextFilter.java:100)
	at org.springframework.web.filter.OncePerRequestFilter.doFilter(OncePerRequestFilter.java:116)
	at org.apache.catalina.core.ApplicationFilterChain.internalDoFilter(ApplicationFilterChain.java:174)
	at org.apache.catalina.core.ApplicationFilterChain.doFilter(ApplicationFilterChain.java:149)
	at org.springframework.web.filter.FormContentFilter.doFilterInternal(FormContentFilter.java:93)
	at org.springframework.web.filter.OncePerRequestFilter.doFilter(OncePerRequestFilter.java:116)
	at org.apache.catalina.core.ApplicationFilterChain.internalDoFilter(ApplicationFilterChain.java:174)
	at org.apache.catalina.core.ApplicationFilterChain.doFilter(ApplicationFilterChain.java:149)
	at org.springframework.web.filter.CharacterEncodingFilter.doFilterInternal(CharacterEncodingFilter.java:201)
	at org.springframework.web.filter.OncePerRequestFilter.doFilter(OncePerRequestFilter.java:116)
	at org.apache.catalina.core.ApplicationFilterChain.internalDoFilter(ApplicationFilterChain.java:174)
	at org.apache.catalina.core.ApplicationFilterChain.doFilter(ApplicationFilterChain.java:149)
	at org.apache.catalina.core.StandardWrapperValve.invoke(StandardWrapperValve.java:167)
	at org.apache.catalina.core.StandardContextValve.invoke(StandardContextValve.java:90)
	at org.apache.catalina.authenticator.AuthenticatorBase.invoke(AuthenticatorBase.java:482)
	at org.apache.catalina.core.StandardHostValve.invoke(StandardHostValve.java:115)
	at org.apache.catalina.valves.ErrorReportValve.invoke(ErrorReportValve.java:93)
	at org.apache.catalina.core.StandardEngineValve.invoke(StandardEngineValve.java:74)
	at org.apache.catalina.connector.CoyoteAdapter.service(CoyoteAdapter.java:341)
	at org.apache.coyote.http11.Http11Processor.service(Http11Processor.java:391)
	at org.apache.coyote.AbstractProcessorLight.process(AbstractProcessorLight.java:63)
	at org.apache.coyote.AbstractProtocol$ConnectionHandler.process(AbstractProtocol.java:894)
	at org.apache.tomcat.util.net.NioEndpoint$SocketProcessor.doRun(NioEndpoint.java:1740)
	at org.apache.tomcat.util.net.SocketProcessorBase.run(SocketProcessorBase.java:52)
	at org.apache.tomcat.util.threads.ThreadPoolExecutor.runWorker(ThreadPoolExecutor.java:1191)
	at org.apache.tomcat.util.threads.ThreadPoolExecutor$Worker.run(ThreadPoolExecutor.java:659)
	at org.apache.tomcat.util.threads.TaskThread$WrappingRunnable.run(TaskThread.java:61)
	at java.base/java.lang.Thread.run(Thread.java:1583)
18:48:14 [http-nio-8080-exec-6] DEBUG o.s.security.web.FilterChainProxy        -: Securing POST /error
18:48:14 [http-nio-8080-exec-6] DEBUG o.s.s.w.a.AnonymousAuthenticationFilter  -: Set SecurityContextHolder to anonymous SecurityContext
18:48:14 [http-nio-8080-exec-6] DEBUG o.s.s.w.a.DelegatingAuthenticationEntryPoint -: Trying to match using And [Not [RequestHeaderRequestMatcher [expectedHeaderName=X-Requested-With, expectedHeaderValue=XMLHttpRequest]], MediaTypeRequestMatcher [contentNegotiationStrategy=org.springframework.web.accept.ContentNegotiationManager@463746eb, matchingMediaTypes=[application/xhtml+xml, image/*, text/html, text/plain], useEquals=false, ignoredMediaTypes=[*/*]]]
18:48:14 [http-nio-8080-exec-6] DEBUG o.s.s.w.a.DelegatingAuthenticationEntryPoint -: Match found! Executing org.springframework.security.web.authentication.LoginUrlAuthenticationEntryPoint@30623109
18:48:14 [http-nio-8080-exec-6] DEBUG o.s.s.web.DefaultRedirectStrategy        -: Redirecting to http://localhost:8080/login
18:48:14 [http-nio-8080-exec-5] DEBUG o.s.security.web.FilterChainProxy        -: Securing GET /login
18:48:14 [http-nio-8080-exec-7] DEBUG o.s.security.web.FilterChainProxy        -: Securing GET /favicon.ico
18:48:14 [http-nio-8080-exec-7] DEBUG o.s.s.w.a.AnonymousAuthenticationFilter  -: Set SecurityContextHolder to anonymous SecurityContext
18:48:14 [http-nio-8080-exec-7] DEBUG o.s.s.w.a.DelegatingAuthenticationEntryPoint -: Trying to match using And [Not [RequestHeaderRequestMatcher [expectedHeaderName=X-Requested-With, expectedHeaderValue=XMLHttpRequest]], MediaTypeRequestMatcher [contentNegotiationStrategy=org.springframework.web.accept.ContentNegotiationManager@463746eb, matchingMediaTypes=[application/xhtml+xml, image/*, text/html, text/plain], useEquals=false, ignoredMediaTypes=[*/*]]]
18:48:14 [http-nio-8080-exec-7] DEBUG o.s.s.w.a.DelegatingAuthenticationEntryPoint -: Match found! Executing org.springframework.security.web.authentication.LoginUrlAuthenticationEntryPoint@30623109
18:48:14 [http-nio-8080-exec-7] DEBUG o.s.s.web.DefaultRedirectStrategy        -: Redirecting to http://localhost:8080/login
18:48:14 [http-nio-8080-exec-8] DEBUG o.s.security.web.FilterChainProxy        -: Securing GET /login
