18:30:37 [SpringApplicationShutdownHook] INFO  o.s.o.j.LocalContainerEntityManagerFactoryBean -: Closing JPA EntityManagerFactory for persistence unit 'default'
18:30:37 [SpringApplicationShutdownHook] INFO  com.zaxxer.hikari.HikariDataSource       -: HikariPool-1 - Shutdown initiated...
18:30:37 [SpringApplicationShutdownHook] INFO  com.zaxxer.hikari.HikariDataSource       -: HikariPool-1 - Shutdown completed.
18:30:42 [background-preinit] INFO  o.h.validator.internal.util.Version      -: HV000001: Hibernate Validator 8.0.1.Final
18:30:42 [main] INFO  com.diatoz.task1.Task1Application        -: Starting Task1Application using Java 21 with PID 21148 (C:\Users\prath\OneDrive\Desktop\Project\task1\target\classes started by prath in C:\Users\prath\OneDrive\Desktop\Project\task1)
18:30:42 [main] INFO  com.diatoz.task1.Task1Application        -: No active profile set, falling back to 1 default profile: "default"
18:30:43 [main] INFO  o.s.d.r.c.RepositoryConfigurationDelegate -: Bootstrapping Spring Data JPA repositories in DEFAULT mode.
18:30:43 [main] INFO  o.s.d.r.c.RepositoryConfigurationDelegate -: Finished Spring Data repository scanning in 104 ms. Found 3 JPA repository interfaces.
18:30:44 [main] INFO  o.s.b.w.e.tomcat.TomcatWebServer         -: Tomcat initialized with port(s): 8080 (http)
18:30:44 [main] INFO  o.a.coyote.http11.Http11NioProtocol      -: Initializing ProtocolHandler ["http-nio-8080"]
18:30:44 [main] INFO  o.a.catalina.core.StandardService        -: Starting service [Tomcat]
18:30:44 [main] INFO  o.a.catalina.core.StandardEngine         -: Starting Servlet engine: [Apache Tomcat/10.1.13]
18:30:44 [main] INFO  o.a.c.c.C.[Tomcat].[localhost].[/]       -: Initializing Spring embedded WebApplicationContext
18:30:44 [main] INFO  o.s.b.w.s.c.ServletWebServerApplicationContext -: Root WebApplicationContext: initialization completed in 1889 ms
18:30:44 [main] INFO  o.h.jpa.internal.util.LogHelper          -: HHH000204: Processing PersistenceUnitInfo [name: default]
18:30:44 [main] INFO  org.hibernate.Version                    -: HHH000412: Hibernate ORM core version 6.2.9.Final
18:30:44 [main] INFO  org.hibernate.cfg.Environment            -: HHH000406: Using bytecode reflection optimizer
18:30:44 [main] INFO  o.h.b.i.BytecodeProviderInitiator        -: HHH000021: Bytecode provider name : bytebuddy
18:30:44 [main] INFO  o.s.o.j.p.SpringPersistenceUnitInfo      -: No LoadTimeWeaver setup: ignoring JPA class transformer
18:30:44 [main] INFO  com.zaxxer.hikari.HikariDataSource       -: HikariPool-1 - Starting...
18:30:45 [main] INFO  com.zaxxer.hikari.pool.HikariPool        -: HikariPool-1 - Added connection com.mysql.cj.jdbc.ConnectionImpl@139089a4
18:30:45 [main] INFO  com.zaxxer.hikari.HikariDataSource       -: HikariPool-1 - Start completed.
18:30:45 [main] INFO  o.h.b.i.BytecodeProviderInitiator        -: HHH000021: Bytecode provider name : bytebuddy
18:30:46 [main] INFO  o.h.e.t.j.p.i.JtaPlatformInitiator       -: HHH000490: Using JtaPlatform implementation: [org.hibernate.engine.transaction.jta.platform.internal.NoJtaPlatform]
18:30:46 [main] INFO  o.s.o.j.LocalContainerEntityManagerFactoryBean -: Initialized JPA EntityManagerFactory for persistence unit 'default'
18:30:46 [main] WARN  o.s.b.a.o.j.JpaBaseConfiguration$JpaWebConfiguration -: spring.jpa.open-in-view is enabled by default. Therefore, database queries may be performed during view rendering. Explicitly configure spring.jpa.open-in-view to disable this warning
18:30:47 [main] INFO  o.s.s.web.DefaultSecurityFilterChain     -: Will secure any request with [org.springframework.security.web.session.DisableEncodeUrlFilter@2b68c59b, org.springframework.security.web.context.request.async.WebAsyncManagerIntegrationFilter@326d39fd, org.springframework.security.web.context.SecurityContextHolderFilter@2e4262d2, org.springframework.security.web.header.HeaderWriterFilter@48064a5a, org.springframework.security.web.csrf.CsrfFilter@240c626d, org.springframework.security.web.authentication.logout.LogoutFilter@73ba3c4b, org.springframework.security.web.authentication.UsernamePasswordAuthenticationFilter@64faf3d, org.springframework.security.web.authentication.ui.DefaultLoginPageGeneratingFilter@308d8de8, org.springframework.security.web.authentication.ui.DefaultLogoutPageGeneratingFilter@403f6c04, org.springframework.security.web.authentication.www.BasicAuthenticationFilter@5b395ee, org.springframework.security.web.savedrequest.RequestCacheAwareFilter@257e8c43, org.springframework.security.web.servletapi.SecurityContextHolderAwareRequestFilter@49522bdf, org.springframework.security.web.authentication.AnonymousAuthenticationFilter@2693e39c, org.springframework.security.web.access.ExceptionTranslationFilter@5889e697, org.springframework.security.web.access.intercept.AuthorizationFilter@b1d7b09]
18:30:47 [main] INFO  o.a.coyote.http11.Http11NioProtocol      -: Starting ProtocolHandler ["http-nio-8080"]
18:30:47 [main] INFO  o.s.b.w.e.tomcat.TomcatWebServer         -: Tomcat started on port(s): 8080 (http) with context path ''
18:30:47 [main] INFO  com.diatoz.task1.Task1Application        -: Started Task1Application in 5.129 seconds (process running for 5.783)
18:31:02 [http-nio-8080-exec-1] INFO  o.a.c.c.C.[Tomcat].[localhost].[/]       -: Initializing Spring DispatcherServlet 'dispatcherServlet'
18:31:02 [http-nio-8080-exec-1] INFO  o.s.web.servlet.DispatcherServlet        -: Initializing Servlet 'dispatcherServlet'
18:31:02 [http-nio-8080-exec-1] INFO  o.s.web.servlet.DispatcherServlet        -: Completed initialization in 1 ms
18:31:02 [http-nio-8080-exec-1] DEBUG o.s.security.web.FilterChainProxy        -: Securing GET /auth/getAllUser
18:31:02 [http-nio-8080-exec-1] DEBUG o.s.s.w.a.AnonymousAuthenticationFilter  -: Set SecurityContextHolder to anonymous SecurityContext
18:31:02 [http-nio-8080-exec-1] DEBUG o.s.s.w.s.HttpSessionRequestCache        -: Saved request http://localhost:8080/auth/getAllUser?continue to session
18:31:02 [http-nio-8080-exec-1] DEBUG o.s.s.w.a.DelegatingAuthenticationEntryPoint -: Trying to match using And [Not [RequestHeaderRequestMatcher [expectedHeaderName=X-Requested-With, expectedHeaderValue=XMLHttpRequest]], MediaTypeRequestMatcher [contentNegotiationStrategy=org.springframework.web.accept.ContentNegotiationManager@61c644fe, matchingMediaTypes=[application/xhtml+xml, image/*, text/html, text/plain], useEquals=false, ignoredMediaTypes=[*/*]]]
18:31:02 [http-nio-8080-exec-1] DEBUG o.s.s.w.a.DelegatingAuthenticationEntryPoint -: Match found! Executing org.springframework.security.web.authentication.LoginUrlAuthenticationEntryPoint@534c3b9d
18:31:02 [http-nio-8080-exec-1] DEBUG o.s.s.web.DefaultRedirectStrategy        -: Redirecting to http://localhost:8080/login
18:31:02 [http-nio-8080-exec-2] DEBUG o.s.security.web.FilterChainProxy        -: Securing GET /login
18:31:02 [http-nio-8080-exec-3] DEBUG o.s.security.web.FilterChainProxy        -: Securing GET /favicon.ico
18:31:02 [http-nio-8080-exec-3] DEBUG o.s.s.w.a.AnonymousAuthenticationFilter  -: Set SecurityContextHolder to anonymous SecurityContext
18:31:02 [http-nio-8080-exec-3] DEBUG o.s.s.w.a.DelegatingAuthenticationEntryPoint -: Trying to match using And [Not [RequestHeaderRequestMatcher [expectedHeaderName=X-Requested-With, expectedHeaderValue=XMLHttpRequest]], MediaTypeRequestMatcher [contentNegotiationStrategy=org.springframework.web.accept.ContentNegotiationManager@61c644fe, matchingMediaTypes=[application/xhtml+xml, image/*, text/html, text/plain], useEquals=false, ignoredMediaTypes=[*/*]]]
18:31:02 [http-nio-8080-exec-3] DEBUG o.s.s.w.a.DelegatingAuthenticationEntryPoint -: Match found! Executing org.springframework.security.web.authentication.LoginUrlAuthenticationEntryPoint@534c3b9d
18:31:02 [http-nio-8080-exec-3] DEBUG o.s.s.web.DefaultRedirectStrategy        -: Redirecting to http://localhost:8080/login
18:31:02 [http-nio-8080-exec-4] DEBUG o.s.security.web.FilterChainProxy        -: Securing GET /login
18:31:17 [http-nio-8080-exec-5] DEBUG o.s.security.web.FilterChainProxy        -: Securing POST /login
18:31:17 [http-nio-8080-exec-5] INFO  o.s.s.c.u.UserDetailsService             -: load the user by user name for user Pratheesh 
18:31:17 [http-nio-8080-exec-5] INFO  o.s.s.c.u.UserDetailsService             -: loaded user data is com.diatoz.task1.entity.AccountDetails@739fd593
18:31:17 [http-nio-8080-exec-5] INFO  o.s.s.core.userdetails.UserDetails       -: Authentication on UserDetails 
18:31:17 [http-nio-8080-exec-5] INFO  o.s.s.c.u.UserDetailsService             -: prath@123
18:31:17 [http-nio-8080-exec-5] ERROR o.a.c.c.C.[.[.[.[dispatcherServlet]      -: Servlet.service() for servlet [dispatcherServlet] in context with path [] threw exception
java.lang.IllegalArgumentException: There is no PasswordEncoder mapped for the id "null"
	at org.springframework.security.crypto.password.DelegatingPasswordEncoder$UnmappedIdPasswordEncoder.matches(DelegatingPasswordEncoder.java:289)
	at org.springframework.security.crypto.password.DelegatingPasswordEncoder.matches(DelegatingPasswordEncoder.java:237)
	at org.springframework.security.authentication.dao.DaoAuthenticationProvider.additionalAuthenticationChecks(DaoAuthenticationProvider.java:86)
	at org.springframework.security.authentication.dao.AbstractUserDetailsAuthenticationProvider.authenticate(AbstractUserDetailsAuthenticationProvider.java:147)
	at org.springframework.security.authentication.ProviderManager.authenticate(ProviderManager.java:182)
	at org.springframework.security.authentication.ProviderManager.authenticate(ProviderManager.java:201)
	at org.springframework.security.web.authentication.UsernamePasswordAuthenticationFilter.attemptAuthentication(UsernamePasswordAuthenticationFilter.java:85)
	at org.springframework.security.web.authentication.AbstractAuthenticationProcessingFilter.doFilter(AbstractAuthenticationProcessingFilter.java:231)
	at org.springframework.security.web.authentication.AbstractAuthenticationProcessingFilter.doFilter(AbstractAuthenticationProcessingFilter.java:221)
	at org.springframework.security.web.FilterChainProxy$VirtualFilterChain.doFilter(FilterChainProxy.java:374)
	at org.springframework.security.web.authentication.logout.LogoutFilter.doFilter(LogoutFilter.java:107)
	at org.springframework.security.web.authentication.logout.LogoutFilter.doFilter(LogoutFilter.java:93)
	at org.springframework.security.web.FilterChainProxy$VirtualFilterChain.doFilter(FilterChainProxy.java:374)
	at org.springframework.security.web.csrf.CsrfFilter.doFilterInternal(CsrfFilter.java:131)
	at org.springframework.web.filter.OncePerRequestFilter.doFilter(OncePerRequestFilter.java:116)
	at org.springframework.security.web.FilterChainProxy$VirtualFilterChain.doFilter(FilterChainProxy.java:374)
	at org.springframework.security.web.header.HeaderWriterFilter.doHeadersAfter(HeaderWriterFilter.java:90)
	at org.springframework.security.web.header.HeaderWriterFilter.doFilterInternal(HeaderWriterFilter.java:75)
	at org.springframework.web.filter.OncePerRequestFilter.doFilter(OncePerRequestFilter.java:116)
	at org.springframework.security.web.FilterChainProxy$VirtualFilterChain.doFilter(FilterChainProxy.java:374)
	at org.springframework.security.web.context.SecurityContextHolderFilter.doFilter(SecurityContextHolderFilter.java:82)
	at org.springframework.security.web.context.SecurityContextHolderFilter.doFilter(SecurityContextHolderFilter.java:69)
	at org.springframework.security.web.FilterChainProxy$VirtualFilterChain.doFilter(FilterChainProxy.java:374)
	at org.springframework.security.web.context.request.async.WebAsyncManagerIntegrationFilter.doFilterInternal(WebAsyncManagerIntegrationFilter.java:62)
	at org.springframework.web.filter.OncePerRequestFilter.doFilter(OncePerRequestFilter.java:116)
	at org.springframework.security.web.FilterChainProxy$VirtualFilterChain.doFilter(FilterChainProxy.java:374)
	at org.springframework.security.web.session.DisableEncodeUrlFilter.doFilterInternal(DisableEncodeUrlFilter.java:42)
	at org.springframework.web.filter.OncePerRequestFilter.doFilter(OncePerRequestFilter.java:116)
	at org.springframework.security.web.FilterChainProxy$VirtualFilterChain.doFilter(FilterChainProxy.java:374)
	at org.springframework.security.web.FilterChainProxy.doFilterInternal(FilterChainProxy.java:233)
	at org.springframework.security.web.FilterChainProxy.doFilter(FilterChainProxy.java:191)
	at org.springframework.web.filter.DelegatingFilterProxy.invokeDelegate(DelegatingFilterProxy.java:352)
	at org.springframework.web.filter.DelegatingFilterProxy.doFilter(DelegatingFilterProxy.java:268)
	at org.apache.catalina.core.ApplicationFilterChain.internalDoFilter(ApplicationFilterChain.java:174)
	at org.apache.catalina.core.ApplicationFilterChain.doFilter(ApplicationFilterChain.java:149)
	at org.springframework.web.filter.RequestContextFilter.doFilterInternal(RequestContextFilter.java:100)
	at org.springframework.web.filter.OncePerRequestFilter.doFilter(OncePerRequestFilter.java:116)
	at org.apache.catalina.core.ApplicationFilterChain.internalDoFilter(ApplicationFilterChain.java:174)
	at org.apache.catalina.core.ApplicationFilterChain.doFilter(ApplicationFilterChain.java:149)
	at org.springframework.web.filter.FormContentFilter.doFilterInternal(FormContentFilter.java:93)
	at org.springframework.web.filter.OncePerRequestFilter.doFilter(OncePerRequestFilter.java:116)
	at org.apache.catalina.core.ApplicationFilterChain.internalDoFilter(ApplicationFilterChain.java:174)
	at org.apache.catalina.core.ApplicationFilterChain.doFilter(ApplicationFilterChain.java:149)
	at org.springframework.web.filter.CharacterEncodingFilter.doFilterInternal(CharacterEncodingFilter.java:201)
	at org.springframework.web.filter.OncePerRequestFilter.doFilter(OncePerRequestFilter.java:116)
	at org.apache.catalina.core.ApplicationFilterChain.internalDoFilter(ApplicationFilterChain.java:174)
	at org.apache.catalina.core.ApplicationFilterChain.doFilter(ApplicationFilterChain.java:149)
	at org.apache.catalina.core.StandardWrapperValve.invoke(StandardWrapperValve.java:167)
	at org.apache.catalina.core.StandardContextValve.invoke(StandardContextValve.java:90)
	at org.apache.catalina.authenticator.AuthenticatorBase.invoke(AuthenticatorBase.java:482)
	at org.apache.catalina.core.StandardHostValve.invoke(StandardHostValve.java:115)
	at org.apache.catalina.valves.ErrorReportValve.invoke(ErrorReportValve.java:93)
	at org.apache.catalina.core.StandardEngineValve.invoke(StandardEngineValve.java:74)
	at org.apache.catalina.connector.CoyoteAdapter.service(CoyoteAdapter.java:341)
	at org.apache.coyote.http11.Http11Processor.service(Http11Processor.java:391)
	at org.apache.coyote.AbstractProcessorLight.process(AbstractProcessorLight.java:63)
	at org.apache.coyote.AbstractProtocol$ConnectionHandler.process(AbstractProtocol.java:894)
	at org.apache.tomcat.util.net.NioEndpoint$SocketProcessor.doRun(NioEndpoint.java:1740)
	at org.apache.tomcat.util.net.SocketProcessorBase.run(SocketProcessorBase.java:52)
	at org.apache.tomcat.util.threads.ThreadPoolExecutor.runWorker(ThreadPoolExecutor.java:1191)
	at org.apache.tomcat.util.threads.ThreadPoolExecutor$Worker.run(ThreadPoolExecutor.java:659)
	at org.apache.tomcat.util.threads.TaskThread$WrappingRunnable.run(TaskThread.java:61)
	at java.base/java.lang.Thread.run(Thread.java:1583)
18:31:17 [http-nio-8080-exec-5] DEBUG o.s.security.web.FilterChainProxy        -: Securing POST /error
18:31:17 [http-nio-8080-exec-5] DEBUG o.s.s.w.a.AnonymousAuthenticationFilter  -: Set SecurityContextHolder to anonymous SecurityContext
18:31:17 [http-nio-8080-exec-5] DEBUG o.s.s.w.a.DelegatingAuthenticationEntryPoint -: Trying to match using And [Not [RequestHeaderRequestMatcher [expectedHeaderName=X-Requested-With, expectedHeaderValue=XMLHttpRequest]], MediaTypeRequestMatcher [contentNegotiationStrategy=org.springframework.web.accept.ContentNegotiationManager@61c644fe, matchingMediaTypes=[application/xhtml+xml, image/*, text/html, text/plain], useEquals=false, ignoredMediaTypes=[*/*]]]
18:31:17 [http-nio-8080-exec-5] DEBUG o.s.s.w.a.DelegatingAuthenticationEntryPoint -: Match found! Executing org.springframework.security.web.authentication.LoginUrlAuthenticationEntryPoint@534c3b9d
18:31:17 [http-nio-8080-exec-5] DEBUG o.s.s.web.DefaultRedirectStrategy        -: Redirecting to http://localhost:8080/login
18:31:17 [http-nio-8080-exec-6] DEBUG o.s.security.web.FilterChainProxy        -: Securing GET /login
18:31:17 [http-nio-8080-exec-7] DEBUG o.s.security.web.FilterChainProxy        -: Securing GET /favicon.ico
18:31:17 [http-nio-8080-exec-7] DEBUG o.s.s.w.a.AnonymousAuthenticationFilter  -: Set SecurityContextHolder to anonymous SecurityContext
18:31:17 [http-nio-8080-exec-7] DEBUG o.s.s.w.a.DelegatingAuthenticationEntryPoint -: Trying to match using And [Not [RequestHeaderRequestMatcher [expectedHeaderName=X-Requested-With, expectedHeaderValue=XMLHttpRequest]], MediaTypeRequestMatcher [contentNegotiationStrategy=org.springframework.web.accept.ContentNegotiationManager@61c644fe, matchingMediaTypes=[application/xhtml+xml, image/*, text/html, text/plain], useEquals=false, ignoredMediaTypes=[*/*]]]
18:31:17 [http-nio-8080-exec-7] DEBUG o.s.s.w.a.DelegatingAuthenticationEntryPoint -: Match found! Executing org.springframework.security.web.authentication.LoginUrlAuthenticationEntryPoint@534c3b9d
18:31:17 [http-nio-8080-exec-7] DEBUG o.s.s.web.DefaultRedirectStrategy        -: Redirecting to http://localhost:8080/login
18:31:17 [http-nio-8080-exec-8] DEBUG o.s.security.web.FilterChainProxy        -: Securing GET /login
18:31:29 [http-nio-8080-exec-9] DEBUG o.s.security.web.FilterChainProxy        -: Securing POST /login
18:31:29 [http-nio-8080-exec-9] INFO  o.s.s.c.u.UserDetailsService             -: load the user by user name for user Pratheesh 
18:31:29 [http-nio-8080-exec-9] INFO  o.s.s.c.u.UserDetailsService             -: loaded user data is com.diatoz.task1.entity.AccountDetails@4368ff67
18:31:29 [http-nio-8080-exec-9] INFO  o.s.s.core.userdetails.UserDetails       -: Authentication on UserDetails 
18:31:29 [http-nio-8080-exec-9] INFO  o.s.s.c.u.UserDetailsService             -: prath@123
18:31:29 [http-nio-8080-exec-9] ERROR o.a.c.c.C.[.[.[.[dispatcherServlet]      -: Servlet.service() for servlet [dispatcherServlet] in context with path [] threw exception
java.lang.IllegalArgumentException: There is no PasswordEncoder mapped for the id "null"
	at org.springframework.security.crypto.password.DelegatingPasswordEncoder$UnmappedIdPasswordEncoder.matches(DelegatingPasswordEncoder.java:289)
	at org.springframework.security.crypto.password.DelegatingPasswordEncoder.matches(DelegatingPasswordEncoder.java:237)
	at org.springframework.security.authentication.dao.DaoAuthenticationProvider.additionalAuthenticationChecks(DaoAuthenticationProvider.java:86)
	at org.springframework.security.authentication.dao.AbstractUserDetailsAuthenticationProvider.authenticate(AbstractUserDetailsAuthenticationProvider.java:147)
	at org.springframework.security.authentication.ProviderManager.authenticate(ProviderManager.java:182)
	at org.springframework.security.authentication.ProviderManager.authenticate(ProviderManager.java:201)
	at org.springframework.security.web.authentication.UsernamePasswordAuthenticationFilter.attemptAuthentication(UsernamePasswordAuthenticationFilter.java:85)
	at org.springframework.security.web.authentication.AbstractAuthenticationProcessingFilter.doFilter(AbstractAuthenticationProcessingFilter.java:231)
	at org.springframework.security.web.authentication.AbstractAuthenticationProcessingFilter.doFilter(AbstractAuthenticationProcessingFilter.java:221)
	at org.springframework.security.web.FilterChainProxy$VirtualFilterChain.doFilter(FilterChainProxy.java:374)
	at org.springframework.security.web.authentication.logout.LogoutFilter.doFilter(LogoutFilter.java:107)
	at org.springframework.security.web.authentication.logout.LogoutFilter.doFilter(LogoutFilter.java:93)
	at org.springframework.security.web.FilterChainProxy$VirtualFilterChain.doFilter(FilterChainProxy.java:374)
	at org.springframework.security.web.csrf.CsrfFilter.doFilterInternal(CsrfFilter.java:131)
	at org.springframework.web.filter.OncePerRequestFilter.doFilter(OncePerRequestFilter.java:116)
	at org.springframework.security.web.FilterChainProxy$VirtualFilterChain.doFilter(FilterChainProxy.java:374)
	at org.springframework.security.web.header.HeaderWriterFilter.doHeadersAfter(HeaderWriterFilter.java:90)
	at org.springframework.security.web.header.HeaderWriterFilter.doFilterInternal(HeaderWriterFilter.java:75)
	at org.springframework.web.filter.OncePerRequestFilter.doFilter(OncePerRequestFilter.java:116)
	at org.springframework.security.web.FilterChainProxy$VirtualFilterChain.doFilter(FilterChainProxy.java:374)
	at org.springframework.security.web.context.SecurityContextHolderFilter.doFilter(SecurityContextHolderFilter.java:82)
	at org.springframework.security.web.context.SecurityContextHolderFilter.doFilter(SecurityContextHolderFilter.java:69)
	at org.springframework.security.web.FilterChainProxy$VirtualFilterChain.doFilter(FilterChainProxy.java:374)
	at org.springframework.security.web.context.request.async.WebAsyncManagerIntegrationFilter.doFilterInternal(WebAsyncManagerIntegrationFilter.java:62)
	at org.springframework.web.filter.OncePerRequestFilter.doFilter(OncePerRequestFilter.java:116)
	at org.springframework.security.web.FilterChainProxy$VirtualFilterChain.doFilter(FilterChainProxy.java:374)
	at org.springframework.security.web.session.DisableEncodeUrlFilter.doFilterInternal(DisableEncodeUrlFilter.java:42)
	at org.springframework.web.filter.OncePerRequestFilter.doFilter(OncePerRequestFilter.java:116)
	at org.springframework.security.web.FilterChainProxy$VirtualFilterChain.doFilter(FilterChainProxy.java:374)
	at org.springframework.security.web.FilterChainProxy.doFilterInternal(FilterChainProxy.java:233)
	at org.springframework.security.web.FilterChainProxy.doFilter(FilterChainProxy.java:191)
	at org.springframework.web.filter.DelegatingFilterProxy.invokeDelegate(DelegatingFilterProxy.java:352)
	at org.springframework.web.filter.DelegatingFilterProxy.doFilter(DelegatingFilterProxy.java:268)
	at org.apache.catalina.core.ApplicationFilterChain.internalDoFilter(ApplicationFilterChain.java:174)
	at org.apache.catalina.core.ApplicationFilterChain.doFilter(ApplicationFilterChain.java:149)
	at org.springframework.web.filter.RequestContextFilter.doFilterInternal(RequestContextFilter.java:100)
	at org.springframework.web.filter.OncePerRequestFilter.doFilter(OncePerRequestFilter.java:116)
	at org.apache.catalina.core.ApplicationFilterChain.internalDoFilter(ApplicationFilterChain.java:174)
	at org.apache.catalina.core.ApplicationFilterChain.doFilter(ApplicationFilterChain.java:149)
	at org.springframework.web.filter.FormContentFilter.doFilterInternal(FormContentFilter.java:93)
	at org.springframework.web.filter.OncePerRequestFilter.doFilter(OncePerRequestFilter.java:116)
	at org.apache.catalina.core.ApplicationFilterChain.internalDoFilter(ApplicationFilterChain.java:174)
	at org.apache.catalina.core.ApplicationFilterChain.doFilter(ApplicationFilterChain.java:149)
	at org.springframework.web.filter.CharacterEncodingFilter.doFilterInternal(CharacterEncodingFilter.java:201)
	at org.springframework.web.filter.OncePerRequestFilter.doFilter(OncePerRequestFilter.java:116)
	at org.apache.catalina.core.ApplicationFilterChain.internalDoFilter(ApplicationFilterChain.java:174)
	at org.apache.catalina.core.ApplicationFilterChain.doFilter(ApplicationFilterChain.java:149)
	at org.apache.catalina.core.StandardWrapperValve.invoke(StandardWrapperValve.java:167)
	at org.apache.catalina.core.StandardContextValve.invoke(StandardContextValve.java:90)
	at org.apache.catalina.authenticator.AuthenticatorBase.invoke(AuthenticatorBase.java:482)
	at org.apache.catalina.core.StandardHostValve.invoke(StandardHostValve.java:115)
	at org.apache.catalina.valves.ErrorReportValve.invoke(ErrorReportValve.java:93)
	at org.apache.catalina.core.StandardEngineValve.invoke(StandardEngineValve.java:74)
	at org.apache.catalina.connector.CoyoteAdapter.service(CoyoteAdapter.java:341)
	at org.apache.coyote.http11.Http11Processor.service(Http11Processor.java:391)
	at org.apache.coyote.AbstractProcessorLight.process(AbstractProcessorLight.java:63)
	at org.apache.coyote.AbstractProtocol$ConnectionHandler.process(AbstractProtocol.java:894)
	at org.apache.tomcat.util.net.NioEndpoint$SocketProcessor.doRun(NioEndpoint.java:1740)
	at org.apache.tomcat.util.net.SocketProcessorBase.run(SocketProcessorBase.java:52)
	at org.apache.tomcat.util.threads.ThreadPoolExecutor.runWorker(ThreadPoolExecutor.java:1191)
	at org.apache.tomcat.util.threads.ThreadPoolExecutor$Worker.run(ThreadPoolExecutor.java:659)
	at org.apache.tomcat.util.threads.TaskThread$WrappingRunnable.run(TaskThread.java:61)
	at java.base/java.lang.Thread.run(Thread.java:1583)
18:31:29 [http-nio-8080-exec-9] DEBUG o.s.security.web.FilterChainProxy        -: Securing POST /error
18:31:29 [http-nio-8080-exec-9] DEBUG o.s.s.w.a.AnonymousAuthenticationFilter  -: Set SecurityContextHolder to anonymous SecurityContext
18:31:29 [http-nio-8080-exec-9] DEBUG o.s.s.w.a.DelegatingAuthenticationEntryPoint -: Trying to match using And [Not [RequestHeaderRequestMatcher [expectedHeaderName=X-Requested-With, expectedHeaderValue=XMLHttpRequest]], MediaTypeRequestMatcher [contentNegotiationStrategy=org.springframework.web.accept.ContentNegotiationManager@61c644fe, matchingMediaTypes=[application/xhtml+xml, image/*, text/html, text/plain], useEquals=false, ignoredMediaTypes=[*/*]]]
18:31:29 [http-nio-8080-exec-9] DEBUG o.s.s.w.a.DelegatingAuthenticationEntryPoint -: Match found! Executing org.springframework.security.web.authentication.LoginUrlAuthenticationEntryPoint@534c3b9d
18:31:29 [http-nio-8080-exec-9] DEBUG o.s.s.web.DefaultRedirectStrategy        -: Redirecting to http://localhost:8080/login
18:31:29 [http-nio-8080-exec-10] DEBUG o.s.security.web.FilterChainProxy        -: Securing GET /login
18:31:29 [http-nio-8080-exec-1] DEBUG o.s.security.web.FilterChainProxy        -: Securing GET /favicon.ico
18:31:29 [http-nio-8080-exec-1] DEBUG o.s.s.w.a.AnonymousAuthenticationFilter  -: Set SecurityContextHolder to anonymous SecurityContext
18:31:29 [http-nio-8080-exec-1] DEBUG o.s.s.w.a.DelegatingAuthenticationEntryPoint -: Trying to match using And [Not [RequestHeaderRequestMatcher [expectedHeaderName=X-Requested-With, expectedHeaderValue=XMLHttpRequest]], MediaTypeRequestMatcher [contentNegotiationStrategy=org.springframework.web.accept.ContentNegotiationManager@61c644fe, matchingMediaTypes=[application/xhtml+xml, image/*, text/html, text/plain], useEquals=false, ignoredMediaTypes=[*/*]]]
18:31:29 [http-nio-8080-exec-1] DEBUG o.s.s.w.a.DelegatingAuthenticationEntryPoint -: Match found! Executing org.springframework.security.web.authentication.LoginUrlAuthenticationEntryPoint@534c3b9d
18:31:29 [http-nio-8080-exec-1] DEBUG o.s.s.web.DefaultRedirectStrategy        -: Redirecting to http://localhost:8080/login
18:31:29 [http-nio-8080-exec-2] DEBUG o.s.security.web.FilterChainProxy        -: Securing GET /login
10:37:38 [background-preinit] INFO  o.h.validator.internal.util.Version      -: HV000001: Hibernate Validator 8.0.1.Final
10:37:38 [main] INFO  com.diatoz.task1.Task1Application        -: Starting Task1Application using Java 21 with PID 14004 (C:\Users\prath\OneDrive\Desktop\Project\task1\target\classes started by prath in C:\Users\prath\OneDrive\Desktop\Project\task1)
10:37:38 [main] INFO  com.diatoz.task1.Task1Application        -: No active profile set, falling back to 1 default profile: "default"
10:37:39 [main] INFO  o.s.d.r.c.RepositoryConfigurationDelegate -: Bootstrapping Spring Data JPA repositories in DEFAULT mode.
10:37:39 [main] INFO  o.s.d.r.c.RepositoryConfigurationDelegate -: Finished Spring Data repository scanning in 62 ms. Found 2 JPA repository interfaces.
10:37:40 [main] INFO  o.s.b.w.e.tomcat.TomcatWebServer         -: Tomcat initialized with port(s): 8080 (http)
10:37:40 [main] INFO  o.a.coyote.http11.Http11NioProtocol      -: Initializing ProtocolHandler ["http-nio-8080"]
10:37:40 [main] INFO  o.a.catalina.core.StandardService        -: Starting service [Tomcat]
10:37:40 [main] INFO  o.a.catalina.core.StandardEngine         -: Starting Servlet engine: [Apache Tomcat/10.1.13]
10:37:40 [main] INFO  o.a.c.c.C.[Tomcat].[localhost].[/]       -: Initializing Spring embedded WebApplicationContext
10:37:40 [main] INFO  o.s.b.w.s.c.ServletWebServerApplicationContext -: Root WebApplicationContext: initialization completed in 1740 ms
10:37:40 [main] INFO  o.h.jpa.internal.util.LogHelper          -: HHH000204: Processing PersistenceUnitInfo [name: default]
10:37:40 [main] INFO  org.hibernate.Version                    -: HHH000412: Hibernate ORM core version 6.2.9.Final
10:37:40 [main] INFO  org.hibernate.cfg.Environment            -: HHH000406: Using bytecode reflection optimizer
10:37:40 [main] INFO  o.h.b.i.BytecodeProviderInitiator        -: HHH000021: Bytecode provider name : bytebuddy
10:37:40 [main] INFO  o.s.o.j.p.SpringPersistenceUnitInfo      -: No LoadTimeWeaver setup: ignoring JPA class transformer
10:37:40 [main] INFO  com.zaxxer.hikari.HikariDataSource       -: HikariPool-1 - Starting...
10:37:41 [main] INFO  com.zaxxer.hikari.pool.HikariPool        -: HikariPool-1 - Added connection com.mysql.cj.jdbc.ConnectionImpl@43fd77d8
10:37:41 [main] INFO  com.zaxxer.hikari.HikariDataSource       -: HikariPool-1 - Start completed.
10:37:41 [main] INFO  o.h.b.i.BytecodeProviderInitiator        -: HHH000021: Bytecode provider name : bytebuddy
10:37:42 [main] INFO  o.h.e.t.j.p.i.JtaPlatformInitiator       -: HHH000490: Using JtaPlatform implementation: [org.hibernate.engine.transaction.jta.platform.internal.NoJtaPlatform]
10:37:42 [main] INFO  o.s.o.j.LocalContainerEntityManagerFactoryBean -: Initialized JPA EntityManagerFactory for persistence unit 'default'
10:37:42 [main] WARN  o.s.b.a.o.j.JpaBaseConfiguration$JpaWebConfiguration -: spring.jpa.open-in-view is enabled by default. Therefore, database queries may be performed during view rendering. Explicitly configure spring.jpa.open-in-view to disable this warning
10:37:43 [main] INFO  o.s.s.web.DefaultSecurityFilterChain     -: Will secure any request with [org.springframework.security.web.session.DisableEncodeUrlFilter@18356d9e, org.springframework.security.web.context.request.async.WebAsyncManagerIntegrationFilter@5e97da56, org.springframework.security.web.context.SecurityContextHolderFilter@4e23ddf0, org.springframework.security.web.header.HeaderWriterFilter@f3c27e9, org.springframework.security.web.authentication.logout.LogoutFilter@2040732f, com.diatoz.task1.security.JwtAuthenticationFilter@e3b0369, org.springframework.security.web.savedrequest.RequestCacheAwareFilter@7e305953, org.springframework.security.web.servletapi.SecurityContextHolderAwareRequestFilter@3811464b, org.springframework.security.web.authentication.AnonymousAuthenticationFilter@6e8f3b76, org.springframework.security.web.session.SessionManagementFilter@5a0b550a, org.springframework.security.web.access.ExceptionTranslationFilter@3df7e309, org.springframework.security.web.access.intercept.AuthorizationFilter@6764201e]
10:37:43 [main] INFO  o.a.coyote.http11.Http11NioProtocol      -: Starting ProtocolHandler ["http-nio-8080"]
10:37:43 [main] INFO  o.s.b.w.e.tomcat.TomcatWebServer         -: Tomcat started on port(s): 8080 (http) with context path ''
10:37:43 [main] INFO  com.diatoz.task1.Task1Application        -: Started Task1Application in 5.396 seconds (process running for 6.323)
10:38:08 [http-nio-8080-exec-1] INFO  o.a.c.c.C.[Tomcat].[localhost].[/]       -: Initializing Spring DispatcherServlet 'dispatcherServlet'
10:38:08 [http-nio-8080-exec-1] INFO  o.s.web.servlet.DispatcherServlet        -: Initializing Servlet 'dispatcherServlet'
10:38:08 [http-nio-8080-exec-1] INFO  o.s.web.servlet.DispatcherServlet        -: Completed initialization in 2 ms
10:38:08 [http-nio-8080-exec-1] INFO  o.s.web.filter.OncePerRequestFilter      -:  Header :  null
10:38:08 [http-nio-8080-exec-1] INFO  o.s.web.filter.OncePerRequestFilter      -: Invalid Header Value !! 
10:38:08 [http-nio-8080-exec-1] INFO  c.d.t.c.EntryPointController             -: Ready to authenticate UsernamePasswordAuthenticationToken [Principal=Pratheesh, Credentials=[PROTECTED], Authenticated=false, Details=null, Granted Authorities=[]]
10:38:46 [http-nio-8080-exec-3] INFO  o.s.web.filter.OncePerRequestFilter      -:  Header :  null
10:38:46 [http-nio-8080-exec-3] INFO  o.s.web.filter.OncePerRequestFilter      -: Invalid Header Value !! 
10:38:46 [http-nio-8080-exec-3] INFO  c.d.t.c.EntryPointController             -: Ready to authenticate UsernamePasswordAuthenticationToken [Principal=abc, Credentials=[PROTECTED], Authenticated=false, Details=null, Granted Authorities=[]]
10:40:01 [http-nio-8080-exec-6] INFO  o.s.web.filter.OncePerRequestFilter      -:  Header :  null
10:40:01 [http-nio-8080-exec-6] INFO  o.s.web.filter.OncePerRequestFilter      -: Invalid Header Value !! 
10:40:01 [http-nio-8080-exec-6] INFO  c.d.t.c.EntryPointController             -: Ready to authenticate UsernamePasswordAuthenticationToken [Principal=abc, Credentials=[PROTECTED], Authenticated=false, Details=null, Granted Authorities=[]]
10:40:03 [http-nio-8080-exec-7] INFO  o.s.web.filter.OncePerRequestFilter      -:  Header :  null
10:40:03 [http-nio-8080-exec-7] INFO  o.s.web.filter.OncePerRequestFilter      -: Invalid Header Value !! 
10:40:03 [http-nio-8080-exec-7] INFO  c.d.t.c.EntryPointController             -: Ready to authenticate UsernamePasswordAuthenticationToken [Principal=abc, Credentials=[PROTECTED], Authenticated=false, Details=null, Granted Authorities=[]]
10:41:09 [http-nio-8080-exec-10] INFO  o.s.web.filter.OncePerRequestFilter      -:  Header :  null
10:41:09 [http-nio-8080-exec-10] INFO  o.s.web.filter.OncePerRequestFilter      -: Invalid Header Value !! 
10:41:09 [http-nio-8080-exec-10] INFO  c.d.t.c.EntryPointController             -: Ready to authenticate UsernamePasswordAuthenticationToken [Principal=abc, Credentials=[PROTECTED], Authenticated=false, Details=null, Granted Authorities=[]]
10:42:28 [http-nio-8080-exec-3] INFO  o.s.web.filter.OncePerRequestFilter      -:  Header :  null
10:42:28 [http-nio-8080-exec-3] INFO  o.s.web.filter.OncePerRequestFilter      -: Invalid Header Value !! 
10:42:28 [http-nio-8080-exec-3] INFO  c.d.t.c.EntryPointController             -: Ready to authenticate UsernamePasswordAuthenticationToken [Principal=Pratheesh, Credentials=[PROTECTED], Authenticated=false, Details=null, Granted Authorities=[]]
10:43:13 [SpringApplicationShutdownHook] INFO  o.s.o.j.LocalContainerEntityManagerFactoryBean -: Closing JPA EntityManagerFactory for persistence unit 'default'
10:43:13 [SpringApplicationShutdownHook] INFO  com.zaxxer.hikari.HikariDataSource       -: HikariPool-1 - Shutdown initiated...
10:43:13 [SpringApplicationShutdownHook] INFO  com.zaxxer.hikari.HikariDataSource       -: HikariPool-1 - Shutdown completed.
10:43:17 [background-preinit] INFO  o.h.validator.internal.util.Version      -: HV000001: Hibernate Validator 8.0.1.Final
10:43:17 [main] INFO  com.diatoz.task1.Task1Application        -: Starting Task1Application using Java 21 with PID 1040 (C:\Users\prath\OneDrive\Desktop\Project\task1\target\classes started by prath in C:\Users\prath\OneDrive\Desktop\Project\task1)
10:43:17 [main] INFO  com.diatoz.task1.Task1Application        -: No active profile set, falling back to 1 default profile: "default"
10:43:18 [main] INFO  o.s.d.r.c.RepositoryConfigurationDelegate -: Bootstrapping Spring Data JPA repositories in DEFAULT mode.
10:43:18 [main] INFO  o.s.d.r.c.RepositoryConfigurationDelegate -: Finished Spring Data repository scanning in 51 ms. Found 2 JPA repository interfaces.
10:43:18 [main] INFO  o.s.b.w.e.tomcat.TomcatWebServer         -: Tomcat initialized with port(s): 8080 (http)
10:43:18 [main] INFO  o.a.coyote.http11.Http11NioProtocol      -: Initializing ProtocolHandler ["http-nio-8080"]
10:43:18 [main] INFO  o.a.catalina.core.StandardService        -: Starting service [Tomcat]
10:43:18 [main] INFO  o.a.catalina.core.StandardEngine         -: Starting Servlet engine: [Apache Tomcat/10.1.13]
10:43:18 [main] INFO  o.a.c.c.C.[Tomcat].[localhost].[/]       -: Initializing Spring embedded WebApplicationContext
10:43:18 [main] INFO  o.s.b.w.s.c.ServletWebServerApplicationContext -: Root WebApplicationContext: initialization completed in 1701 ms
10:43:19 [main] INFO  o.h.jpa.internal.util.LogHelper          -: HHH000204: Processing PersistenceUnitInfo [name: default]
10:43:19 [main] INFO  org.hibernate.Version                    -: HHH000412: Hibernate ORM core version 6.2.9.Final
10:43:19 [main] INFO  org.hibernate.cfg.Environment            -: HHH000406: Using bytecode reflection optimizer
10:43:19 [main] INFO  o.h.b.i.BytecodeProviderInitiator        -: HHH000021: Bytecode provider name : bytebuddy
10:43:19 [main] INFO  o.s.o.j.p.SpringPersistenceUnitInfo      -: No LoadTimeWeaver setup: ignoring JPA class transformer
10:43:19 [main] INFO  com.zaxxer.hikari.HikariDataSource       -: HikariPool-1 - Starting...
10:43:19 [main] INFO  com.zaxxer.hikari.pool.HikariPool        -: HikariPool-1 - Added connection com.mysql.cj.jdbc.ConnectionImpl@356341c9
10:43:19 [main] INFO  com.zaxxer.hikari.HikariDataSource       -: HikariPool-1 - Start completed.
10:43:20 [main] INFO  o.h.b.i.BytecodeProviderInitiator        -: HHH000021: Bytecode provider name : bytebuddy
10:43:20 [main] INFO  o.h.e.t.j.p.i.JtaPlatformInitiator       -: HHH000490: Using JtaPlatform implementation: [org.hibernate.engine.transaction.jta.platform.internal.NoJtaPlatform]
10:43:20 [main] INFO  o.s.o.j.LocalContainerEntityManagerFactoryBean -: Initialized JPA EntityManagerFactory for persistence unit 'default'
10:43:21 [main] WARN  o.s.b.a.o.j.JpaBaseConfiguration$JpaWebConfiguration -: spring.jpa.open-in-view is enabled by default. Therefore, database queries may be performed during view rendering. Explicitly configure spring.jpa.open-in-view to disable this warning
10:43:21 [main] INFO  o.s.s.web.DefaultSecurityFilterChain     -: Will secure any request with [org.springframework.security.web.session.DisableEncodeUrlFilter@4db10b9f, org.springframework.security.web.context.request.async.WebAsyncManagerIntegrationFilter@7c4de811, org.springframework.security.web.context.SecurityContextHolderFilter@c6db00d, org.springframework.security.web.header.HeaderWriterFilter@6cee52e2, org.springframework.security.web.authentication.logout.LogoutFilter@5ab70df7, com.diatoz.task1.security.JwtAuthenticationFilter@5d318e91, org.springframework.security.web.savedrequest.RequestCacheAwareFilter@413e8246, org.springframework.security.web.servletapi.SecurityContextHolderAwareRequestFilter@1644cc2d, org.springframework.security.web.authentication.AnonymousAuthenticationFilter@443b9ebb, org.springframework.security.web.session.SessionManagementFilter@4417755b, org.springframework.security.web.access.ExceptionTranslationFilter@698daff6, org.springframework.security.web.access.intercept.AuthorizationFilter@3f31cf8f]
10:43:21 [main] INFO  o.a.coyote.http11.Http11NioProtocol      -: Starting ProtocolHandler ["http-nio-8080"]
10:43:21 [main] INFO  o.s.b.w.e.tomcat.TomcatWebServer         -: Tomcat started on port(s): 8080 (http) with context path ''
10:43:21 [main] INFO  com.diatoz.task1.Task1Application        -: Started Task1Application in 5.077 seconds (process running for 5.753)
10:43:29 [http-nio-8080-exec-2] INFO  o.a.c.c.C.[Tomcat].[localhost].[/]       -: Initializing Spring DispatcherServlet 'dispatcherServlet'
10:43:29 [http-nio-8080-exec-2] INFO  o.s.web.servlet.DispatcherServlet        -: Initializing Servlet 'dispatcherServlet'
10:43:29 [http-nio-8080-exec-2] INFO  o.s.web.servlet.DispatcherServlet        -: Completed initialization in 1 ms
10:43:29 [http-nio-8080-exec-2] INFO  o.s.web.filter.OncePerRequestFilter      -:  Header :  null
10:43:29 [http-nio-8080-exec-2] INFO  o.s.web.filter.OncePerRequestFilter      -: Invalid Header Value !! 
10:43:29 [http-nio-8080-exec-2] INFO  c.d.t.c.EntryPointController             -: Ready to authenticate  the data is UsernamePasswordAuthenticationToken [Principal=Pratheesh, Credentials=[PROTECTED], Authenticated=false, Details=null, Granted Authorities=[]]
10:44:01 [SpringApplicationShutdownHook] INFO  o.s.o.j.LocalContainerEntityManagerFactoryBean -: Closing JPA EntityManagerFactory for persistence unit 'default'
10:44:01 [SpringApplicationShutdownHook] INFO  com.zaxxer.hikari.HikariDataSource       -: HikariPool-1 - Shutdown initiated...
10:44:01 [SpringApplicationShutdownHook] INFO  com.zaxxer.hikari.HikariDataSource       -: HikariPool-1 - Shutdown completed.
10:44:05 [background-preinit] INFO  o.h.validator.internal.util.Version      -: HV000001: Hibernate Validator 8.0.1.Final
10:44:05 [main] INFO  com.diatoz.task1.Task1Application        -: Starting Task1Application using Java 21 with PID 2984 (C:\Users\prath\OneDrive\Desktop\Project\task1\target\classes started by prath in C:\Users\prath\OneDrive\Desktop\Project\task1)
10:44:05 [main] INFO  com.diatoz.task1.Task1Application        -: No active profile set, falling back to 1 default profile: "default"
10:44:06 [main] INFO  o.s.d.r.c.RepositoryConfigurationDelegate -: Bootstrapping Spring Data JPA repositories in DEFAULT mode.
10:44:06 [main] INFO  o.s.d.r.c.RepositoryConfigurationDelegate -: Finished Spring Data repository scanning in 52 ms. Found 2 JPA repository interfaces.
10:44:06 [main] INFO  o.s.b.w.e.tomcat.TomcatWebServer         -: Tomcat initialized with port(s): 8080 (http)
10:44:06 [main] INFO  o.a.coyote.http11.Http11NioProtocol      -: Initializing ProtocolHandler ["http-nio-8080"]
10:44:06 [main] INFO  o.a.catalina.core.StandardService        -: Starting service [Tomcat]
10:44:06 [main] INFO  o.a.catalina.core.StandardEngine         -: Starting Servlet engine: [Apache Tomcat/10.1.13]
10:44:06 [main] INFO  o.a.c.c.C.[Tomcat].[localhost].[/]       -: Initializing Spring embedded WebApplicationContext
10:44:06 [main] INFO  o.s.b.w.s.c.ServletWebServerApplicationContext -: Root WebApplicationContext: initialization completed in 1641 ms
10:44:07 [main] INFO  o.h.jpa.internal.util.LogHelper          -: HHH000204: Processing PersistenceUnitInfo [name: default]
10:44:07 [main] INFO  org.hibernate.Version                    -: HHH000412: Hibernate ORM core version 6.2.9.Final
10:44:07 [main] INFO  org.hibernate.cfg.Environment            -: HHH000406: Using bytecode reflection optimizer
10:44:07 [main] INFO  o.h.b.i.BytecodeProviderInitiator        -: HHH000021: Bytecode provider name : bytebuddy
10:44:07 [main] INFO  o.s.o.j.p.SpringPersistenceUnitInfo      -: No LoadTimeWeaver setup: ignoring JPA class transformer
10:44:07 [main] INFO  com.zaxxer.hikari.HikariDataSource       -: HikariPool-1 - Starting...
10:44:08 [main] INFO  com.zaxxer.hikari.pool.HikariPool        -: HikariPool-1 - Added connection com.mysql.cj.jdbc.ConnectionImpl@12670e55
10:44:08 [main] INFO  com.zaxxer.hikari.HikariDataSource       -: HikariPool-1 - Start completed.
10:44:08 [main] INFO  o.h.b.i.BytecodeProviderInitiator        -: HHH000021: Bytecode provider name : bytebuddy
10:44:08 [main] INFO  o.h.e.t.j.p.i.JtaPlatformInitiator       -: HHH000490: Using JtaPlatform implementation: [org.hibernate.engine.transaction.jta.platform.internal.NoJtaPlatform]
10:44:08 [main] INFO  o.s.o.j.LocalContainerEntityManagerFactoryBean -: Initialized JPA EntityManagerFactory for persistence unit 'default'
10:44:09 [main] WARN  o.s.b.a.o.j.JpaBaseConfiguration$JpaWebConfiguration -: spring.jpa.open-in-view is enabled by default. Therefore, database queries may be performed during view rendering. Explicitly configure spring.jpa.open-in-view to disable this warning
10:44:09 [main] INFO  o.s.s.web.DefaultSecurityFilterChain     -: Will secure any request with [org.springframework.security.web.session.DisableEncodeUrlFilter@6e8f3b76, org.springframework.security.web.context.request.async.WebAsyncManagerIntegrationFilter@6cfe32cd, org.springframework.security.web.context.SecurityContextHolderFilter@7e305953, org.springframework.security.web.header.HeaderWriterFilter@1db9d253, org.springframework.security.web.authentication.logout.LogoutFilter@7894a250, com.diatoz.task1.security.JwtAuthenticationFilter@45843650, org.springframework.security.web.savedrequest.RequestCacheAwareFilter@94b5fe3, org.springframework.security.web.servletapi.SecurityContextHolderAwareRequestFilter@c6db00d, org.springframework.security.web.authentication.AnonymousAuthenticationFilter@5f14eb51, org.springframework.security.web.session.SessionManagementFilter@69d9d322, org.springframework.security.web.access.ExceptionTranslationFilter@f3c27e9, org.springframework.security.web.access.intercept.AuthorizationFilter@7a0f1f9d]
10:44:09 [main] INFO  o.a.coyote.http11.Http11NioProtocol      -: Starting ProtocolHandler ["http-nio-8080"]
10:44:09 [main] INFO  o.s.b.w.e.tomcat.TomcatWebServer         -: Tomcat started on port(s): 8080 (http) with context path ''
10:44:09 [main] INFO  com.diatoz.task1.Task1Application        -: Started Task1Application in 4.972 seconds (process running for 5.883)
10:44:14 [http-nio-8080-exec-2] INFO  o.a.c.c.C.[Tomcat].[localhost].[/]       -: Initializing Spring DispatcherServlet 'dispatcherServlet'
10:44:14 [http-nio-8080-exec-2] INFO  o.s.web.servlet.DispatcherServlet        -: Initializing Servlet 'dispatcherServlet'
10:44:14 [http-nio-8080-exec-2] INFO  o.s.web.servlet.DispatcherServlet        -: Completed initialization in 3 ms
10:44:14 [http-nio-8080-exec-2] INFO  o.s.web.filter.OncePerRequestFilter      -:  Header :  null
10:44:14 [http-nio-8080-exec-2] INFO  o.s.web.filter.OncePerRequestFilter      -: Invalid Header Value !! 
10:44:15 [http-nio-8080-exec-2] INFO  c.d.t.c.EntryPointController             -: Ready to authenticate  the data is UsernamePasswordAuthenticationToken [Principal=Pratheesh, Credentials=[PROTECTED], Authenticated=false, Details=null, Granted Authorities=[]]
10:44:18 [http-nio-8080-exec-3] INFO  o.s.web.filter.OncePerRequestFilter      -:  Header :  null
10:44:18 [http-nio-8080-exec-3] INFO  o.s.web.filter.OncePerRequestFilter      -: Invalid Header Value !! 
10:44:18 [http-nio-8080-exec-3] INFO  c.d.t.c.EntryPointController             -: Ready to authenticate  the data is UsernamePasswordAuthenticationToken [Principal=Pratheesh, Credentials=[PROTECTED], Authenticated=false, Details=null, Granted Authorities=[]]
10:44:19 [http-nio-8080-exec-4] INFO  o.s.web.filter.OncePerRequestFilter      -:  Header :  null
10:44:19 [http-nio-8080-exec-4] INFO  o.s.web.filter.OncePerRequestFilter      -: Invalid Header Value !! 
10:44:19 [http-nio-8080-exec-4] INFO  c.d.t.c.EntryPointController             -: Ready to authenticate  the data is UsernamePasswordAuthenticationToken [Principal=Pratheesh, Credentials=[PROTECTED], Authenticated=false, Details=null, Granted Authorities=[]]
10:48:03 [http-nio-8080-exec-7] INFO  o.s.web.filter.OncePerRequestFilter      -:  Header :  null
10:48:03 [http-nio-8080-exec-7] INFO  o.s.web.filter.OncePerRequestFilter      -: Invalid Header Value !! 
10:48:03 [http-nio-8080-exec-7] INFO  c.d.t.c.EntryPointController             -: Ready to authenticate  the data is UsernamePasswordAuthenticationToken [Principal=Pratheesh, Credentials=[PROTECTED], Authenticated=false, Details=null, Granted Authorities=[]]
10:48:03 [http-nio-8080-exec-7] INFO  c.d.t.c.EntryPointController             -: UserDetails = org.springframework.security.core.userdetails.User [Username=Pratheesh, Password=[PROTECTED], Enabled=true, AccountNonExpired=true, credentialsNonExpired=true, AccountNonLocked=true, Granted Authorities=[ROLE_User]]
10:50:24 [SpringApplicationShutdownHook] INFO  o.s.o.j.LocalContainerEntityManagerFactoryBean -: Closing JPA EntityManagerFactory for persistence unit 'default'
10:50:24 [SpringApplicationShutdownHook] INFO  com.zaxxer.hikari.HikariDataSource       -: HikariPool-1 - Shutdown initiated...
10:50:24 [SpringApplicationShutdownHook] INFO  com.zaxxer.hikari.HikariDataSource       -: HikariPool-1 - Shutdown completed.
10:50:28 [background-preinit] INFO  o.h.validator.internal.util.Version      -: HV000001: Hibernate Validator 8.0.1.Final
10:50:28 [main] INFO  com.diatoz.task1.Task1Application        -: Starting Task1Application using Java 21 with PID 16812 (C:\Users\prath\OneDrive\Desktop\Project\task1\target\classes started by prath in C:\Users\prath\OneDrive\Desktop\Project\task1)
10:50:28 [main] INFO  com.diatoz.task1.Task1Application        -: No active profile set, falling back to 1 default profile: "default"
10:50:29 [main] INFO  o.s.d.r.c.RepositoryConfigurationDelegate -: Bootstrapping Spring Data JPA repositories in DEFAULT mode.
10:50:29 [main] INFO  o.s.d.r.c.RepositoryConfigurationDelegate -: Finished Spring Data repository scanning in 58 ms. Found 2 JPA repository interfaces.
10:50:29 [main] INFO  o.s.b.w.e.tomcat.TomcatWebServer         -: Tomcat initialized with port(s): 8080 (http)
10:50:29 [main] INFO  o.a.coyote.http11.Http11NioProtocol      -: Initializing ProtocolHandler ["http-nio-8080"]
10:50:29 [main] INFO  o.a.catalina.core.StandardService        -: Starting service [Tomcat]
10:50:29 [main] INFO  o.a.catalina.core.StandardEngine         -: Starting Servlet engine: [Apache Tomcat/10.1.13]
10:50:29 [main] INFO  o.a.c.c.C.[Tomcat].[localhost].[/]       -: Initializing Spring embedded WebApplicationContext
10:50:29 [main] INFO  o.s.b.w.s.c.ServletWebServerApplicationContext -: Root WebApplicationContext: initialization completed in 1575 ms
10:50:30 [main] INFO  o.h.jpa.internal.util.LogHelper          -: HHH000204: Processing PersistenceUnitInfo [name: default]
10:50:30 [main] INFO  org.hibernate.Version                    -: HHH000412: Hibernate ORM core version 6.2.9.Final
10:50:30 [main] INFO  org.hibernate.cfg.Environment            -: HHH000406: Using bytecode reflection optimizer
10:50:30 [main] INFO  o.h.b.i.BytecodeProviderInitiator        -: HHH000021: Bytecode provider name : bytebuddy
10:50:30 [main] INFO  o.s.o.j.p.SpringPersistenceUnitInfo      -: No LoadTimeWeaver setup: ignoring JPA class transformer
10:50:30 [main] INFO  com.zaxxer.hikari.HikariDataSource       -: HikariPool-1 - Starting...
10:50:31 [main] INFO  com.zaxxer.hikari.pool.HikariPool        -: HikariPool-1 - Added connection com.mysql.cj.jdbc.ConnectionImpl@b77b0a0
10:50:31 [main] INFO  com.zaxxer.hikari.HikariDataSource       -: HikariPool-1 - Start completed.
10:50:31 [main] INFO  o.h.b.i.BytecodeProviderInitiator        -: HHH000021: Bytecode provider name : bytebuddy
10:50:32 [main] INFO  o.h.e.t.j.p.i.JtaPlatformInitiator       -: HHH000490: Using JtaPlatform implementation: [org.hibernate.engine.transaction.jta.platform.internal.NoJtaPlatform]
10:50:32 [main] INFO  o.s.o.j.LocalContainerEntityManagerFactoryBean -: Initialized JPA EntityManagerFactory for persistence unit 'default'
10:50:32 [main] WARN  o.s.b.a.o.j.JpaBaseConfiguration$JpaWebConfiguration -: spring.jpa.open-in-view is enabled by default. Therefore, database queries may be performed during view rendering. Explicitly configure spring.jpa.open-in-view to disable this warning
10:50:32 [main] INFO  o.s.s.web.DefaultSecurityFilterChain     -: Will secure any request with [org.springframework.security.web.session.DisableEncodeUrlFilter@7c4de811, org.springframework.security.web.context.request.async.WebAsyncManagerIntegrationFilter@443b9ebb, org.springframework.security.web.context.SecurityContextHolderFilter@732fa176, org.springframework.security.web.header.HeaderWriterFilter@7842260f, org.springframework.security.web.authentication.logout.LogoutFilter@6764201e, com.diatoz.task1.security.JwtAuthenticationFilter@7b2bf745, org.springframework.security.web.savedrequest.RequestCacheAwareFilter@4c7b4a31, org.springframework.security.web.servletapi.SecurityContextHolderAwareRequestFilter@f83616, org.springframework.security.web.authentication.AnonymousAuthenticationFilter@4830c979, org.springframework.security.web.session.SessionManagementFilter@3811464b, org.springframework.security.web.access.ExceptionTranslationFilter@7a085d02, org.springframework.security.web.access.intercept.AuthorizationFilter@28721794]
10:50:33 [main] INFO  o.a.coyote.http11.Http11NioProtocol      -: Starting ProtocolHandler ["http-nio-8080"]
10:50:33 [main] INFO  o.s.b.w.e.tomcat.TomcatWebServer         -: Tomcat started on port(s): 8080 (http) with context path ''
10:50:33 [main] INFO  com.diatoz.task1.Task1Application        -: Started Task1Application in 5.284 seconds (process running for 5.953)
