17:49:46 [http-nio-8080-exec-2] INFO  o.a.c.c.C.[Tomcat].[localhost].[/]       -: Initializing Spring DispatcherServlet 'dispatcherServlet'
17:49:46 [http-nio-8080-exec-2] INFO  o.s.web.servlet.DispatcherServlet        -: Initializing Servlet 'dispatcherServlet'
17:49:46 [http-nio-8080-exec-2] INFO  o.s.web.servlet.DispatcherServlet        -: Completed initialization in 1 ms
17:49:46 [http-nio-8080-exec-2] INFO  o.s.web.filter.OncePerRequestFilter      -:  Header :  null
17:49:46 [http-nio-8080-exec-2] INFO  o.s.web.filter.OncePerRequestFilter      -: Invalid Header Value !! 
17:49:47 [http-nio-8080-exec-2] INFO  c.d.t.c.EntryPointController             -: User data is inside  authentication method UsernamePasswordAuthenticationToken [Principal=Pratheesh, Credentials=[PROTECTED], Authenticated=false, Details=null, Granted Authorities=[]]
17:49:47 [http-nio-8080-exec-2] INFO  o.s.s.c.u.UserDetailsService             -: load the user by user name for user Pratheesh 
17:49:47 [http-nio-8080-exec-2] INFO  o.s.s.c.u.UserDetailsService             -: loaded user data is com.diatoz.task1.entity.AccountDetails@4749c75b
17:49:47 [http-nio-8080-exec-2] INFO  o.s.s.core.userdetails.UserDetails       -: Authentication on UserDetails 
17:49:47 [http-nio-8080-exec-2] INFO  o.s.s.c.u.UserDetailsService             -: The userDetails null
17:50:55 [SpringApplicationShutdownHook] INFO  o.s.o.j.LocalContainerEntityManagerFactoryBean -: Closing JPA EntityManagerFactory for persistence unit 'default'
17:50:55 [SpringApplicationShutdownHook] INFO  com.zaxxer.hikari.HikariDataSource       -: HikariPool-1 - Shutdown initiated...
17:50:55 [SpringApplicationShutdownHook] INFO  com.zaxxer.hikari.HikariDataSource       -: HikariPool-1 - Shutdown completed.
17:51:00 [background-preinit] INFO  o.h.validator.internal.util.Version      -: HV000001: Hibernate Validator 8.0.1.Final
17:51:00 [main] INFO  com.diatoz.task1.Task1Application        -: Starting Task1Application using Java 21 with PID 23280 (C:\Users\prath\OneDrive\Desktop\Project\task1\target\classes started by prath in C:\Users\prath\OneDrive\Desktop\Project\task1)
17:51:00 [main] INFO  com.diatoz.task1.Task1Application        -: No active profile set, falling back to 1 default profile: "default"
17:51:01 [main] INFO  o.s.d.r.c.RepositoryConfigurationDelegate -: Bootstrapping Spring Data JPA repositories in DEFAULT mode.
17:51:01 [main] INFO  o.s.d.r.c.RepositoryConfigurationDelegate -: Finished Spring Data repository scanning in 56 ms. Found 3 JPA repository interfaces.
17:51:02 [main] INFO  o.s.b.w.e.tomcat.TomcatWebServer         -: Tomcat initialized with port(s): 8080 (http)
17:51:02 [main] INFO  o.a.coyote.http11.Http11NioProtocol      -: Initializing ProtocolHandler ["http-nio-8080"]
17:51:02 [main] INFO  o.a.catalina.core.StandardService        -: Starting service [Tomcat]
17:51:02 [main] INFO  o.a.catalina.core.StandardEngine         -: Starting Servlet engine: [Apache Tomcat/10.1.13]
17:51:02 [main] INFO  o.a.c.c.C.[Tomcat].[localhost].[/]       -: Initializing Spring embedded WebApplicationContext
17:51:02 [main] INFO  o.s.b.w.s.c.ServletWebServerApplicationContext -: Root WebApplicationContext: initialization completed in 1624 ms
17:51:03 [main] INFO  o.h.jpa.internal.util.LogHelper          -: HHH000204: Processing PersistenceUnitInfo [name: default]
17:51:03 [main] INFO  org.hibernate.Version                    -: HHH000412: Hibernate ORM core version 6.2.9.Final
17:51:03 [main] INFO  org.hibernate.cfg.Environment            -: HHH000406: Using bytecode reflection optimizer
17:51:03 [main] INFO  o.h.b.i.BytecodeProviderInitiator        -: HHH000021: Bytecode provider name : bytebuddy
17:51:03 [main] INFO  o.s.o.j.p.SpringPersistenceUnitInfo      -: No LoadTimeWeaver setup: ignoring JPA class transformer
17:51:03 [main] INFO  com.zaxxer.hikari.HikariDataSource       -: HikariPool-1 - Starting...
17:51:04 [main] INFO  com.zaxxer.hikari.pool.HikariPool        -: HikariPool-1 - Added connection com.mysql.cj.jdbc.ConnectionImpl@42b4df5a
17:51:04 [main] INFO  com.zaxxer.hikari.HikariDataSource       -: HikariPool-1 - Start completed.
17:51:04 [main] INFO  o.h.b.i.BytecodeProviderInitiator        -: HHH000021: Bytecode provider name : bytebuddy
17:51:05 [main] INFO  o.h.e.t.j.p.i.JtaPlatformInitiator       -: HHH000490: Using JtaPlatform implementation: [org.hibernate.engine.transaction.jta.platform.internal.NoJtaPlatform]
17:51:05 [main] INFO  o.s.o.j.LocalContainerEntityManagerFactoryBean -: Initialized JPA EntityManagerFactory for persistence unit 'default'
17:51:05 [main] WARN  o.s.b.a.o.j.JpaBaseConfiguration$JpaWebConfiguration -: spring.jpa.open-in-view is enabled by default. Therefore, database queries may be performed during view rendering. Explicitly configure spring.jpa.open-in-view to disable this warning
17:51:06 [main] INFO  o.s.s.web.DefaultSecurityFilterChain     -: Will secure any request with [org.springframework.security.web.session.DisableEncodeUrlFilter@24ccc91b, org.springframework.security.web.context.request.async.WebAsyncManagerIntegrationFilter@d0538b3, org.springframework.security.web.context.SecurityContextHolderFilter@117be84a, org.springframework.security.web.header.HeaderWriterFilter@4f4b7a2e, org.springframework.security.web.authentication.logout.LogoutFilter@3b9c386d, com.diatoz.task1.security.JwtAuthenticationFilter@5edaa572, org.springframework.security.web.savedrequest.RequestCacheAwareFilter@78de0f6f, org.springframework.security.web.servletapi.SecurityContextHolderAwareRequestFilter@771ede0d, org.springframework.security.web.authentication.AnonymousAuthenticationFilter@3b8c15de, org.springframework.security.web.session.SessionManagementFilter@5e0b7f58, org.springframework.security.web.access.ExceptionTranslationFilter@52c2d1e8, org.springframework.security.web.access.intercept.AuthorizationFilter@60493524]
17:51:06 [main] INFO  o.a.coyote.http11.Http11NioProtocol      -: Starting ProtocolHandler ["http-nio-8080"]
17:51:06 [main] INFO  o.s.b.w.e.tomcat.TomcatWebServer         -: Tomcat started on port(s): 8080 (http) with context path ''
17:51:06 [main] INFO  com.diatoz.task1.Task1Application        -: Started Task1Application in 5.852 seconds (process running for 6.493)
17:51:15 [http-nio-8080-exec-2] INFO  o.a.c.c.C.[Tomcat].[localhost].[/]       -: Initializing Spring DispatcherServlet 'dispatcherServlet'
17:51:15 [http-nio-8080-exec-2] INFO  o.s.web.servlet.DispatcherServlet        -: Initializing Servlet 'dispatcherServlet'
17:51:15 [http-nio-8080-exec-2] INFO  o.s.web.servlet.DispatcherServlet        -: Completed initialization in 2 ms
17:51:15 [http-nio-8080-exec-2] INFO  o.s.web.filter.OncePerRequestFilter      -:  Header :  null
17:51:15 [http-nio-8080-exec-2] INFO  o.s.web.filter.OncePerRequestFilter      -: Invalid Header Value !! 
17:51:15 [http-nio-8080-exec-2] INFO  c.d.t.c.EntryPointController             -: User data is inside  authentication method UsernamePasswordAuthenticationToken [Principal=Pratheesh, Credentials=[PROTECTED], Authenticated=true, Details=null, Granted Authorities=[]]
17:51:15 [http-nio-8080-exec-2] INFO  o.s.s.c.u.UserDetailsService             -: load the user by user name for user Pratheesh 
17:51:15 [http-nio-8080-exec-2] INFO  o.s.s.c.u.UserDetailsService             -: loaded user data is com.diatoz.task1.entity.AccountDetails@5f9fdca
17:51:15 [http-nio-8080-exec-2] INFO  o.s.s.core.userdetails.UserDetails       -: Authentication on UserDetails 
17:51:15 [http-nio-8080-exec-2] INFO  o.s.s.c.u.UserDetailsService             -: The userDetails null
17:52:10 [SpringApplicationShutdownHook] INFO  o.s.o.j.LocalContainerEntityManagerFactoryBean -: Closing JPA EntityManagerFactory for persistence unit 'default'
17:52:10 [SpringApplicationShutdownHook] INFO  com.zaxxer.hikari.HikariDataSource       -: HikariPool-1 - Shutdown initiated...
17:52:10 [SpringApplicationShutdownHook] INFO  com.zaxxer.hikari.HikariDataSource       -: HikariPool-1 - Shutdown completed.
17:52:13 [background-preinit] INFO  o.h.validator.internal.util.Version      -: HV000001: Hibernate Validator 8.0.1.Final
17:52:13 [main] INFO  com.diatoz.task1.Task1Application        -: Starting Task1Application using Java 21 with PID 20820 (C:\Users\prath\OneDrive\Desktop\Project\task1\target\classes started by prath in C:\Users\prath\OneDrive\Desktop\Project\task1)
17:52:13 [main] INFO  com.diatoz.task1.Task1Application        -: No active profile set, falling back to 1 default profile: "default"
17:52:14 [main] INFO  o.s.d.r.c.RepositoryConfigurationDelegate -: Bootstrapping Spring Data JPA repositories in DEFAULT mode.
17:52:14 [main] INFO  o.s.d.r.c.RepositoryConfigurationDelegate -: Finished Spring Data repository scanning in 57 ms. Found 3 JPA repository interfaces.
17:52:15 [main] INFO  o.s.b.w.e.tomcat.TomcatWebServer         -: Tomcat initialized with port(s): 8080 (http)
17:52:15 [main] INFO  o.a.coyote.http11.Http11NioProtocol      -: Initializing ProtocolHandler ["http-nio-8080"]
17:52:15 [main] INFO  o.a.catalina.core.StandardService        -: Starting service [Tomcat]
17:52:15 [main] INFO  o.a.catalina.core.StandardEngine         -: Starting Servlet engine: [Apache Tomcat/10.1.13]
17:52:15 [main] INFO  o.a.c.c.C.[Tomcat].[localhost].[/]       -: Initializing Spring embedded WebApplicationContext
17:52:15 [main] INFO  o.s.b.w.s.c.ServletWebServerApplicationContext -: Root WebApplicationContext: initialization completed in 1673 ms
17:52:15 [main] INFO  o.h.jpa.internal.util.LogHelper          -: HHH000204: Processing PersistenceUnitInfo [name: default]
17:52:15 [main] INFO  org.hibernate.Version                    -: HHH000412: Hibernate ORM core version 6.2.9.Final
17:52:15 [main] INFO  org.hibernate.cfg.Environment            -: HHH000406: Using bytecode reflection optimizer
17:52:16 [main] INFO  o.h.b.i.BytecodeProviderInitiator        -: HHH000021: Bytecode provider name : bytebuddy
17:52:16 [main] INFO  o.s.o.j.p.SpringPersistenceUnitInfo      -: No LoadTimeWeaver setup: ignoring JPA class transformer
17:52:16 [main] INFO  com.zaxxer.hikari.HikariDataSource       -: HikariPool-1 - Starting...
17:52:16 [main] INFO  com.zaxxer.hikari.pool.HikariPool        -: HikariPool-1 - Added connection com.mysql.cj.jdbc.ConnectionImpl@761f234c
17:52:16 [main] INFO  com.zaxxer.hikari.HikariDataSource       -: HikariPool-1 - Start completed.
17:52:17 [main] INFO  o.h.b.i.BytecodeProviderInitiator        -: HHH000021: Bytecode provider name : bytebuddy
17:52:17 [main] INFO  o.h.e.t.j.p.i.JtaPlatformInitiator       -: HHH000490: Using JtaPlatform implementation: [org.hibernate.engine.transaction.jta.platform.internal.NoJtaPlatform]
17:52:17 [main] INFO  o.s.o.j.LocalContainerEntityManagerFactoryBean -: Initialized JPA EntityManagerFactory for persistence unit 'default'
17:52:18 [main] WARN  o.s.b.a.o.j.JpaBaseConfiguration$JpaWebConfiguration -: spring.jpa.open-in-view is enabled by default. Therefore, database queries may be performed during view rendering. Explicitly configure spring.jpa.open-in-view to disable this warning
17:52:18 [main] INFO  o.s.s.web.DefaultSecurityFilterChain     -: Will secure any request with [org.springframework.security.web.session.DisableEncodeUrlFilter@1dcc0bb8, org.springframework.security.web.context.request.async.WebAsyncManagerIntegrationFilter@29767156, org.springframework.security.web.context.SecurityContextHolderFilter@2e7dd504, org.springframework.security.web.header.HeaderWriterFilter@2d6e09f0, org.springframework.security.web.authentication.logout.LogoutFilter@1784fcab, com.diatoz.task1.security.JwtAuthenticationFilter@27bc2650, org.springframework.security.web.savedrequest.RequestCacheAwareFilter@5643052d, org.springframework.security.web.servletapi.SecurityContextHolderAwareRequestFilter@117be84a, org.springframework.security.web.authentication.AnonymousAuthenticationFilter@6f6998b6, org.springframework.security.web.session.SessionManagementFilter@4e3bc13b, org.springframework.security.web.access.ExceptionTranslationFilter@2740585b, org.springframework.security.web.access.intercept.AuthorizationFilter@2b33f7a0]
17:52:18 [main] INFO  o.a.coyote.http11.Http11NioProtocol      -: Starting ProtocolHandler ["http-nio-8080"]
17:52:18 [main] INFO  o.s.b.w.e.tomcat.TomcatWebServer         -: Tomcat started on port(s): 8080 (http) with context path ''
17:52:18 [main] INFO  com.diatoz.task1.Task1Application        -: Started Task1Application in 5.31 seconds (process running for 5.879)
17:56:27 [SpringApplicationShutdownHook] INFO  o.s.o.j.LocalContainerEntityManagerFactoryBean -: Closing JPA EntityManagerFactory for persistence unit 'default'
17:56:27 [SpringApplicationShutdownHook] INFO  com.zaxxer.hikari.HikariDataSource       -: HikariPool-1 - Shutdown initiated...
17:56:27 [SpringApplicationShutdownHook] INFO  com.zaxxer.hikari.HikariDataSource       -: HikariPool-1 - Shutdown completed.
17:56:30 [background-preinit] INFO  o.h.validator.internal.util.Version      -: HV000001: Hibernate Validator 8.0.1.Final
17:56:30 [main] INFO  com.diatoz.task1.Task1Application        -: Starting Task1Application using Java 21 with PID 7076 (C:\Users\prath\OneDrive\Desktop\Project\task1\target\classes started by prath in C:\Users\prath\OneDrive\Desktop\Project\task1)
17:56:30 [main] INFO  com.diatoz.task1.Task1Application        -: No active profile set, falling back to 1 default profile: "default"
17:56:31 [main] INFO  o.s.d.r.c.RepositoryConfigurationDelegate -: Bootstrapping Spring Data JPA repositories in DEFAULT mode.
17:56:31 [main] INFO  o.s.d.r.c.RepositoryConfigurationDelegate -: Finished Spring Data repository scanning in 60 ms. Found 3 JPA repository interfaces.
17:56:32 [main] INFO  o.s.b.w.e.tomcat.TomcatWebServer         -: Tomcat initialized with port(s): 8080 (http)
17:56:32 [main] INFO  o.a.coyote.http11.Http11NioProtocol      -: Initializing ProtocolHandler ["http-nio-8080"]
17:56:32 [main] INFO  o.a.catalina.core.StandardService        -: Starting service [Tomcat]
17:56:32 [main] INFO  o.a.catalina.core.StandardEngine         -: Starting Servlet engine: [Apache Tomcat/10.1.13]
17:56:32 [main] INFO  o.a.c.c.C.[Tomcat].[localhost].[/]       -: Initializing Spring embedded WebApplicationContext
17:56:32 [main] INFO  o.s.b.w.s.c.ServletWebServerApplicationContext -: Root WebApplicationContext: initialization completed in 1723 ms
17:56:32 [main] INFO  o.h.jpa.internal.util.LogHelper          -: HHH000204: Processing PersistenceUnitInfo [name: default]
17:56:32 [main] INFO  org.hibernate.Version                    -: HHH000412: Hibernate ORM core version 6.2.9.Final
17:56:32 [main] INFO  org.hibernate.cfg.Environment            -: HHH000406: Using bytecode reflection optimizer
17:56:32 [main] INFO  o.h.b.i.BytecodeProviderInitiator        -: HHH000021: Bytecode provider name : bytebuddy
17:56:33 [main] INFO  o.s.o.j.p.SpringPersistenceUnitInfo      -: No LoadTimeWeaver setup: ignoring JPA class transformer
17:56:33 [main] INFO  com.zaxxer.hikari.HikariDataSource       -: HikariPool-1 - Starting...
17:56:33 [main] INFO  com.zaxxer.hikari.pool.HikariPool        -: HikariPool-1 - Added connection com.mysql.cj.jdbc.ConnectionImpl@9f1ca74
17:56:33 [main] INFO  com.zaxxer.hikari.HikariDataSource       -: HikariPool-1 - Start completed.
17:56:33 [main] INFO  o.h.b.i.BytecodeProviderInitiator        -: HHH000021: Bytecode provider name : bytebuddy
17:56:34 [main] INFO  o.h.e.t.j.p.i.JtaPlatformInitiator       -: HHH000490: Using JtaPlatform implementation: [org.hibernate.engine.transaction.jta.platform.internal.NoJtaPlatform]
17:56:34 [main] INFO  o.s.o.j.LocalContainerEntityManagerFactoryBean -: Initialized JPA EntityManagerFactory for persistence unit 'default'
17:56:34 [main] WARN  o.s.b.a.o.j.JpaBaseConfiguration$JpaWebConfiguration -: spring.jpa.open-in-view is enabled by default. Therefore, database queries may be performed during view rendering. Explicitly configure spring.jpa.open-in-view to disable this warning
17:56:35 [main] INFO  o.s.s.web.DefaultSecurityFilterChain     -: Will secure any request with [org.springframework.security.web.session.DisableEncodeUrlFilter@60493524, org.springframework.security.web.context.request.async.WebAsyncManagerIntegrationFilter@1da5635e, org.springframework.security.web.context.SecurityContextHolderFilter@5e0b7f58, org.springframework.security.web.header.HeaderWriterFilter@f3e6876, org.springframework.security.web.authentication.logout.LogoutFilter@6d7a343f, com.diatoz.task1.security.JwtAuthenticationFilter@198524ec, org.springframework.security.web.savedrequest.RequestCacheAwareFilter@5fdff4f1, org.springframework.security.web.servletapi.SecurityContextHolderAwareRequestFilter@588614f9, org.springframework.security.web.authentication.AnonymousAuthenticationFilter@7c35d7d, org.springframework.security.web.session.SessionManagementFilter@2e7dd504, org.springframework.security.web.access.ExceptionTranslationFilter@257da215, org.springframework.security.web.access.intercept.AuthorizationFilter@1dcc0bb8]
17:56:35 [main] INFO  o.a.coyote.http11.Http11NioProtocol      -: Starting ProtocolHandler ["http-nio-8080"]
17:56:35 [main] INFO  o.s.b.w.e.tomcat.TomcatWebServer         -: Tomcat started on port(s): 8080 (http) with context path ''
17:56:35 [main] INFO  com.diatoz.task1.Task1Application        -: Started Task1Application in 5.413 seconds (process running for 6.024)
17:56:56 [http-nio-8080-exec-2] INFO  o.a.c.c.C.[Tomcat].[localhost].[/]       -: Initializing Spring DispatcherServlet 'dispatcherServlet'
17:56:56 [http-nio-8080-exec-2] INFO  o.s.web.servlet.DispatcherServlet        -: Initializing Servlet 'dispatcherServlet'
17:56:56 [http-nio-8080-exec-2] INFO  o.s.web.servlet.DispatcherServlet        -: Completed initialization in 2 ms
17:56:56 [http-nio-8080-exec-2] DEBUG o.s.security.web.FilterChainProxy        -: Securing POST /auth/login
17:56:56 [http-nio-8080-exec-2] INFO  o.s.web.filter.OncePerRequestFilter      -:  Header :  null
17:56:56 [http-nio-8080-exec-2] INFO  o.s.web.filter.OncePerRequestFilter      -: Invalid Header Value !! 
17:56:56 [http-nio-8080-exec-2] DEBUG o.s.s.w.a.AnonymousAuthenticationFilter  -: Set SecurityContextHolder to anonymous SecurityContext
17:56:56 [http-nio-8080-exec-2] DEBUG o.s.security.web.FilterChainProxy        -: Secured POST /auth/login
17:56:56 [http-nio-8080-exec-2] INFO  c.d.t.c.EntryPointController             -: User data is inside  authentication method UsernamePasswordAuthenticationToken [Principal=Pratheesh, Credentials=[PROTECTED], Authenticated=true, Details=null, Granted Authorities=[]]
17:56:56 [http-nio-8080-exec-2] INFO  o.s.s.c.u.UserDetailsService             -: load the user by user name for user Pratheesh 
17:56:56 [http-nio-8080-exec-2] INFO  o.s.s.c.u.UserDetailsService             -: loaded user data is com.diatoz.task1.entity.AccountDetails@2bec8418
17:56:56 [http-nio-8080-exec-2] INFO  o.s.s.core.userdetails.UserDetails       -: Authentication on UserDetails 
17:56:56 [http-nio-8080-exec-2] DEBUG o.s.s.a.d.DaoAuthenticationProvider      -: Failed to authenticate since no credentials provided
18:06:21 [SpringApplicationShutdownHook] INFO  o.s.o.j.LocalContainerEntityManagerFactoryBean -: Closing JPA EntityManagerFactory for persistence unit 'default'
18:06:21 [SpringApplicationShutdownHook] INFO  com.zaxxer.hikari.HikariDataSource       -: HikariPool-1 - Shutdown initiated...
18:06:21 [SpringApplicationShutdownHook] INFO  com.zaxxer.hikari.HikariDataSource       -: HikariPool-1 - Shutdown completed.
18:06:26 [background-preinit] INFO  o.h.validator.internal.util.Version      -: HV000001: Hibernate Validator 8.0.1.Final
18:06:26 [main] INFO  com.diatoz.task1.Task1Application        -: Starting Task1Application using Java 21 with PID 14020 (C:\Users\prath\OneDrive\Desktop\Project\task1\target\classes started by prath in C:\Users\prath\OneDrive\Desktop\Project\task1)
18:06:26 [main] INFO  com.diatoz.task1.Task1Application        -: No active profile set, falling back to 1 default profile: "default"
18:06:26 [main] INFO  o.s.d.r.c.RepositoryConfigurationDelegate -: Bootstrapping Spring Data JPA repositories in DEFAULT mode.
18:06:27 [main] INFO  o.s.d.r.c.RepositoryConfigurationDelegate -: Finished Spring Data repository scanning in 61 ms. Found 3 JPA repository interfaces.
18:06:27 [main] INFO  o.s.b.w.e.tomcat.TomcatWebServer         -: Tomcat initialized with port(s): 8080 (http)
18:06:27 [main] INFO  o.a.coyote.http11.Http11NioProtocol      -: Initializing ProtocolHandler ["http-nio-8080"]
18:06:27 [main] INFO  o.a.catalina.core.StandardService        -: Starting service [Tomcat]
18:06:27 [main] INFO  o.a.catalina.core.StandardEngine         -: Starting Servlet engine: [Apache Tomcat/10.1.13]
18:06:27 [main] INFO  o.a.c.c.C.[Tomcat].[localhost].[/]       -: Initializing Spring embedded WebApplicationContext
18:06:27 [main] INFO  o.s.b.w.s.c.ServletWebServerApplicationContext -: Root WebApplicationContext: initialization completed in 1687 ms
18:06:27 [main] INFO  o.h.jpa.internal.util.LogHelper          -: HHH000204: Processing PersistenceUnitInfo [name: default]
18:06:28 [main] INFO  org.hibernate.Version                    -: HHH000412: Hibernate ORM core version 6.2.9.Final
18:06:28 [main] INFO  org.hibernate.cfg.Environment            -: HHH000406: Using bytecode reflection optimizer
18:06:28 [main] INFO  o.h.b.i.BytecodeProviderInitiator        -: HHH000021: Bytecode provider name : bytebuddy
18:06:28 [main] INFO  o.s.o.j.p.SpringPersistenceUnitInfo      -: No LoadTimeWeaver setup: ignoring JPA class transformer
18:06:28 [main] INFO  com.zaxxer.hikari.HikariDataSource       -: HikariPool-1 - Starting...
18:06:28 [main] INFO  com.zaxxer.hikari.pool.HikariPool        -: HikariPool-1 - Added connection com.mysql.cj.jdbc.ConnectionImpl@67b8d45
18:06:28 [main] INFO  com.zaxxer.hikari.HikariDataSource       -: HikariPool-1 - Start completed.
18:06:29 [main] INFO  o.h.b.i.BytecodeProviderInitiator        -: HHH000021: Bytecode provider name : bytebuddy
18:06:29 [main] INFO  o.h.e.t.j.p.i.JtaPlatformInitiator       -: HHH000490: Using JtaPlatform implementation: [org.hibernate.engine.transaction.jta.platform.internal.NoJtaPlatform]
18:06:29 [main] INFO  o.s.o.j.LocalContainerEntityManagerFactoryBean -: Initialized JPA EntityManagerFactory for persistence unit 'default'
18:06:30 [main] WARN  o.s.b.a.o.j.JpaBaseConfiguration$JpaWebConfiguration -: spring.jpa.open-in-view is enabled by default. Therefore, database queries may be performed during view rendering. Explicitly configure spring.jpa.open-in-view to disable this warning
18:06:30 [main] INFO  o.s.s.web.DefaultSecurityFilterChain     -: Will secure any request with [org.springframework.security.web.session.DisableEncodeUrlFilter@64ff0eaa, org.springframework.security.web.context.request.async.WebAsyncManagerIntegrationFilter@401b7226, org.springframework.security.web.context.SecurityContextHolderFilter@16718e1b, org.springframework.security.web.header.HeaderWriterFilter@4468ced2, org.springframework.security.web.authentication.logout.LogoutFilter@71b6edfb, com.diatoz.task1.security.JwtAuthenticationFilter@460df441, org.springframework.security.web.savedrequest.RequestCacheAwareFilter@771ede0d, org.springframework.security.web.servletapi.SecurityContextHolderAwareRequestFilter@63e81ac6, org.springframework.security.web.authentication.AnonymousAuthenticationFilter@1b62ad1e, org.springframework.security.web.session.SessionManagementFilter@140fa482, org.springframework.security.web.access.ExceptionTranslationFilter@77430c79, org.springframework.security.web.access.intercept.AuthorizationFilter@d0538b3]
18:06:30 [main] INFO  o.a.coyote.http11.Http11NioProtocol      -: Starting ProtocolHandler ["http-nio-8080"]
18:06:30 [main] INFO  o.s.b.w.e.tomcat.TomcatWebServer         -: Tomcat started on port(s): 8080 (http) with context path ''
18:06:30 [main] INFO  com.diatoz.task1.Task1Application        -: Started Task1Application in 5.11 seconds (process running for 5.731)
18:08:06 [http-nio-8080-exec-2] INFO  o.a.c.c.C.[Tomcat].[localhost].[/]       -: Initializing Spring DispatcherServlet 'dispatcherServlet'
18:08:06 [http-nio-8080-exec-2] INFO  o.s.web.servlet.DispatcherServlet        -: Initializing Servlet 'dispatcherServlet'
18:08:06 [http-nio-8080-exec-2] INFO  o.s.web.servlet.DispatcherServlet        -: Completed initialization in 1 ms
18:08:06 [http-nio-8080-exec-2] DEBUG o.s.security.web.FilterChainProxy        -: Securing POST /auth/login
18:08:06 [http-nio-8080-exec-2] INFO  o.s.web.filter.OncePerRequestFilter      -:  Header :  null
18:08:06 [http-nio-8080-exec-2] INFO  o.s.web.filter.OncePerRequestFilter      -: Invalid Header Value !! 
18:08:06 [http-nio-8080-exec-2] DEBUG o.s.s.w.a.AnonymousAuthenticationFilter  -: Set SecurityContextHolder to anonymous SecurityContext
18:08:06 [http-nio-8080-exec-2] DEBUG o.s.security.web.FilterChainProxy        -: Secured POST /auth/login
18:08:06 [http-nio-8080-exec-2] INFO  c.d.t.c.EntryPointController             -: User data is inside  authentication method UsernamePasswordAuthenticationToken [Principal=Pratheesh, Credentials=[PROTECTED], Authenticated=true, Details=null, Granted Authorities=[USER]]
18:08:06 [http-nio-8080-exec-2] INFO  o.s.s.c.u.UserDetailsService             -: load the user by user name for user Pratheesh 
18:08:06 [http-nio-8080-exec-2] INFO  o.s.s.c.u.UserDetailsService             -: loaded user data is com.diatoz.task1.entity.AccountDetails@4749c75b
18:08:06 [http-nio-8080-exec-2] INFO  o.s.s.core.userdetails.UserDetails       -: Authentication on UserDetails 
18:08:06 [http-nio-8080-exec-2] DEBUG o.s.s.a.d.DaoAuthenticationProvider      -: Failed to authenticate since no credentials provided
18:16:32 [SpringApplicationShutdownHook] INFO  o.s.o.j.LocalContainerEntityManagerFactoryBean -: Closing JPA EntityManagerFactory for persistence unit 'default'
18:16:32 [SpringApplicationShutdownHook] INFO  com.zaxxer.hikari.HikariDataSource       -: HikariPool-1 - Shutdown initiated...
18:16:32 [SpringApplicationShutdownHook] INFO  com.zaxxer.hikari.HikariDataSource       -: HikariPool-1 - Shutdown completed.
18:16:36 [background-preinit] INFO  o.h.validator.internal.util.Version      -: HV000001: Hibernate Validator 8.0.1.Final
18:16:36 [main] INFO  com.diatoz.task1.Task1Application        -: Starting Task1Application using Java 21 with PID 10968 (C:\Users\prath\OneDrive\Desktop\Project\task1\target\classes started by prath in C:\Users\prath\OneDrive\Desktop\Project\task1)
18:16:36 [main] INFO  com.diatoz.task1.Task1Application        -: No active profile set, falling back to 1 default profile: "default"
18:16:37 [main] INFO  o.s.d.r.c.RepositoryConfigurationDelegate -: Bootstrapping Spring Data JPA repositories in DEFAULT mode.
18:16:37 [main] INFO  o.s.d.r.c.RepositoryConfigurationDelegate -: Finished Spring Data repository scanning in 66 ms. Found 3 JPA repository interfaces.
18:16:38 [main] INFO  o.s.b.w.e.tomcat.TomcatWebServer         -: Tomcat initialized with port(s): 8080 (http)
18:16:38 [main] INFO  o.a.coyote.http11.Http11NioProtocol      -: Initializing ProtocolHandler ["http-nio-8080"]
18:16:38 [main] INFO  o.a.catalina.core.StandardService        -: Starting service [Tomcat]
18:16:38 [main] INFO  o.a.catalina.core.StandardEngine         -: Starting Servlet engine: [Apache Tomcat/10.1.13]
18:16:38 [main] INFO  o.a.c.c.C.[Tomcat].[localhost].[/]       -: Initializing Spring embedded WebApplicationContext
18:16:38 [main] INFO  o.s.b.w.s.c.ServletWebServerApplicationContext -: Root WebApplicationContext: initialization completed in 1812 ms
18:16:38 [main] INFO  o.h.jpa.internal.util.LogHelper          -: HHH000204: Processing PersistenceUnitInfo [name: default]
18:16:38 [main] INFO  org.hibernate.Version                    -: HHH000412: Hibernate ORM core version 6.2.9.Final
18:16:38 [main] INFO  org.hibernate.cfg.Environment            -: HHH000406: Using bytecode reflection optimizer
18:16:39 [main] INFO  o.h.b.i.BytecodeProviderInitiator        -: HHH000021: Bytecode provider name : bytebuddy
18:16:39 [main] INFO  o.s.o.j.p.SpringPersistenceUnitInfo      -: No LoadTimeWeaver setup: ignoring JPA class transformer
18:16:39 [main] INFO  com.zaxxer.hikari.HikariDataSource       -: HikariPool-1 - Starting...
18:16:39 [main] INFO  com.zaxxer.hikari.pool.HikariPool        -: HikariPool-1 - Added connection com.mysql.cj.jdbc.ConnectionImpl@9f1ca74
18:16:39 [main] INFO  com.zaxxer.hikari.HikariDataSource       -: HikariPool-1 - Start completed.
18:16:40 [main] INFO  o.h.b.i.BytecodeProviderInitiator        -: HHH000021: Bytecode provider name : bytebuddy
18:16:40 [main] INFO  o.h.e.t.j.p.i.JtaPlatformInitiator       -: HHH000490: Using JtaPlatform implementation: [org.hibernate.engine.transaction.jta.platform.internal.NoJtaPlatform]
18:16:40 [main] INFO  o.s.o.j.LocalContainerEntityManagerFactoryBean -: Initialized JPA EntityManagerFactory for persistence unit 'default'
18:16:41 [main] WARN  o.s.b.a.o.j.JpaBaseConfiguration$JpaWebConfiguration -: spring.jpa.open-in-view is enabled by default. Therefore, database queries may be performed during view rendering. Explicitly configure spring.jpa.open-in-view to disable this warning
18:16:41 [main] INFO  o.s.s.web.DefaultSecurityFilterChain     -: Will secure any request with [org.springframework.security.web.session.DisableEncodeUrlFilter@26398f67, org.springframework.security.web.context.request.async.WebAsyncManagerIntegrationFilter@64ff0eaa, org.springframework.security.web.context.SecurityContextHolderFilter@588614f9, org.springframework.security.web.header.HeaderWriterFilter@506654fa, org.springframework.security.web.authentication.logout.LogoutFilter@2b33f7a0, com.diatoz.task1.security.JwtAuthenticationFilter@198524ec, org.springframework.security.web.savedrequest.RequestCacheAwareFilter@7fb313e3, org.springframework.security.web.servletapi.SecurityContextHolderAwareRequestFilter@62075e3d, org.springframework.security.web.authentication.AnonymousAuthenticationFilter@401b7226, org.springframework.security.web.session.SessionManagementFilter@117be84a, org.springframework.security.web.access.ExceptionTranslationFilter@334ac669, org.springframework.security.web.access.intercept.AuthorizationFilter@24ccc91b]
18:16:42 [main] INFO  o.a.coyote.http11.Http11NioProtocol      -: Starting ProtocolHandler ["http-nio-8080"]
18:16:42 [main] INFO  o.s.b.w.e.tomcat.TomcatWebServer         -: Tomcat started on port(s): 8080 (http) with context path ''
18:16:42 [main] INFO  com.diatoz.task1.Task1Application        -: Started Task1Application in 5.647 seconds (process running for 6.275)
18:16:47 [http-nio-8080-exec-2] INFO  o.a.c.c.C.[Tomcat].[localhost].[/]       -: Initializing Spring DispatcherServlet 'dispatcherServlet'
18:16:47 [http-nio-8080-exec-2] INFO  o.s.web.servlet.DispatcherServlet        -: Initializing Servlet 'dispatcherServlet'
18:16:47 [http-nio-8080-exec-2] INFO  o.s.web.servlet.DispatcherServlet        -: Completed initialization in 1 ms
18:16:47 [http-nio-8080-exec-2] DEBUG o.s.security.web.FilterChainProxy        -: Securing POST /auth/login
18:16:47 [http-nio-8080-exec-2] INFO  o.s.web.filter.OncePerRequestFilter      -:  Header :  null
18:16:47 [http-nio-8080-exec-2] INFO  o.s.web.filter.OncePerRequestFilter      -: Invalid Header Value !! 
18:16:47 [http-nio-8080-exec-2] DEBUG o.s.s.w.a.AnonymousAuthenticationFilter  -: Set SecurityContextHolder to anonymous SecurityContext
18:16:47 [http-nio-8080-exec-2] DEBUG o.s.security.web.FilterChainProxy        -: Secured POST /auth/login
18:16:48 [http-nio-8080-exec-2] INFO  c.d.t.c.EntryPointController             -: User data is inside  authentication method UsernamePasswordAuthenticationToken [Principal=Pratheesh, Credentials=[PROTECTED], Authenticated=true, Details=null, Granted Authorities=[USER]]
18:16:48 [http-nio-8080-exec-2] INFO  o.s.s.c.u.UserDetailsService             -: load the user by user name for user Pratheesh 
18:16:48 [http-nio-8080-exec-2] INFO  o.s.s.c.u.UserDetailsService             -: loaded user data is com.diatoz.task1.entity.AccountDetails@13b0e29f
18:16:48 [http-nio-8080-exec-2] INFO  o.s.s.core.userdetails.UserDetails       -: Authentication on UserDetails 
18:16:48 [http-nio-8080-exec-2] INFO  o.s.s.c.u.UserDetailsService             -: prath@123
18:16:48 [http-nio-8080-exec-2] DEBUG o.s.s.a.d.DaoAuthenticationProvider      -: Failed to authenticate since no credentials provided
18:21:01 [SpringApplicationShutdownHook] INFO  o.s.o.j.LocalContainerEntityManagerFactoryBean -: Closing JPA EntityManagerFactory for persistence unit 'default'
18:21:01 [SpringApplicationShutdownHook] INFO  com.zaxxer.hikari.HikariDataSource       -: HikariPool-1 - Shutdown initiated...
18:21:01 [SpringApplicationShutdownHook] INFO  com.zaxxer.hikari.HikariDataSource       -: HikariPool-1 - Shutdown completed.
18:21:05 [background-preinit] INFO  o.h.validator.internal.util.Version      -: HV000001: Hibernate Validator 8.0.1.Final
18:21:05 [main] INFO  com.diatoz.task1.Task1Application        -: Starting Task1Application using Java 21 with PID 5976 (C:\Users\prath\OneDrive\Desktop\Project\task1\target\classes started by prath in C:\Users\prath\OneDrive\Desktop\Project\task1)
18:21:05 [main] INFO  com.diatoz.task1.Task1Application        -: No active profile set, falling back to 1 default profile: "default"
18:21:06 [main] INFO  o.s.d.r.c.RepositoryConfigurationDelegate -: Bootstrapping Spring Data JPA repositories in DEFAULT mode.
18:21:06 [main] INFO  o.s.d.r.c.RepositoryConfigurationDelegate -: Finished Spring Data repository scanning in 62 ms. Found 3 JPA repository interfaces.
18:21:07 [main] INFO  o.s.b.w.e.tomcat.TomcatWebServer         -: Tomcat initialized with port(s): 8080 (http)
18:21:07 [main] INFO  o.a.coyote.http11.Http11NioProtocol      -: Initializing ProtocolHandler ["http-nio-8080"]
18:21:07 [main] INFO  o.a.catalina.core.StandardService        -: Starting service [Tomcat]
18:21:07 [main] INFO  o.a.catalina.core.StandardEngine         -: Starting Servlet engine: [Apache Tomcat/10.1.13]
18:21:07 [main] INFO  o.a.c.c.C.[Tomcat].[localhost].[/]       -: Initializing Spring embedded WebApplicationContext
18:21:07 [main] INFO  o.s.b.w.s.c.ServletWebServerApplicationContext -: Root WebApplicationContext: initialization completed in 1713 ms
18:21:07 [main] INFO  o.h.jpa.internal.util.LogHelper          -: HHH000204: Processing PersistenceUnitInfo [name: default]
18:21:07 [main] INFO  org.hibernate.Version                    -: HHH000412: Hibernate ORM core version 6.2.9.Final
18:21:07 [main] INFO  org.hibernate.cfg.Environment            -: HHH000406: Using bytecode reflection optimizer
18:21:07 [main] INFO  o.h.b.i.BytecodeProviderInitiator        -: HHH000021: Bytecode provider name : bytebuddy
18:21:07 [main] INFO  o.s.o.j.p.SpringPersistenceUnitInfo      -: No LoadTimeWeaver setup: ignoring JPA class transformer
18:21:07 [main] INFO  com.zaxxer.hikari.HikariDataSource       -: HikariPool-1 - Starting...
18:21:08 [main] INFO  com.zaxxer.hikari.pool.HikariPool        -: HikariPool-1 - Added connection com.mysql.cj.jdbc.ConnectionImpl@7ee12d58
18:21:08 [main] INFO  com.zaxxer.hikari.HikariDataSource       -: HikariPool-1 - Start completed.
18:21:08 [main] INFO  o.h.b.i.BytecodeProviderInitiator        -: HHH000021: Bytecode provider name : bytebuddy
18:21:08 [main] INFO  o.h.e.t.j.p.i.JtaPlatformInitiator       -: HHH000490: Using JtaPlatform implementation: [org.hibernate.engine.transaction.jta.platform.internal.NoJtaPlatform]
18:21:08 [main] INFO  o.s.o.j.LocalContainerEntityManagerFactoryBean -: Initialized JPA EntityManagerFactory for persistence unit 'default'
18:21:09 [main] WARN  o.s.b.a.o.j.JpaBaseConfiguration$JpaWebConfiguration -: spring.jpa.open-in-view is enabled by default. Therefore, database queries may be performed during view rendering. Explicitly configure spring.jpa.open-in-view to disable this warning
18:21:09 [main] INFO  o.s.s.web.DefaultSecurityFilterChain     -: Will secure any request with [org.springframework.security.web.session.DisableEncodeUrlFilter@4ed74d03, org.springframework.security.web.context.request.async.WebAsyncManagerIntegrationFilter@7ec729be, org.springframework.security.web.context.SecurityContextHolderFilter@7bb888b7, org.springframework.security.web.header.HeaderWriterFilter@1e9e4468, org.springframework.security.web.authentication.logout.LogoutFilter@d0538b3, com.diatoz.task1.security.JwtAuthenticationFilter@36f438f1, org.springframework.security.web.savedrequest.RequestCacheAwareFilter@277dddcf, org.springframework.security.web.servletapi.SecurityContextHolderAwareRequestFilter@304cad3a, org.springframework.security.web.authentication.AnonymousAuthenticationFilter@4f7da3a2, org.springframework.security.web.session.SessionManagementFilter@63e81ac6, org.springframework.security.web.access.ExceptionTranslationFilter@5643052d, org.springframework.security.web.access.intercept.AuthorizationFilter@78c91d2a]
18:21:10 [main] INFO  o.a.coyote.http11.Http11NioProtocol      -: Starting ProtocolHandler ["http-nio-8080"]
18:21:10 [main] INFO  o.s.b.w.e.tomcat.TomcatWebServer         -: Tomcat started on port(s): 8080 (http) with context path ''
18:21:10 [main] INFO  com.diatoz.task1.Task1Application        -: Started Task1Application in 5.089 seconds (process running for 5.684)
18:21:17 [http-nio-8080-exec-2] INFO  o.a.c.c.C.[Tomcat].[localhost].[/]       -: Initializing Spring DispatcherServlet 'dispatcherServlet'
18:21:17 [http-nio-8080-exec-2] INFO  o.s.web.servlet.DispatcherServlet        -: Initializing Servlet 'dispatcherServlet'
18:21:17 [http-nio-8080-exec-2] INFO  o.s.web.servlet.DispatcherServlet        -: Completed initialization in 1 ms
18:21:17 [http-nio-8080-exec-2] DEBUG o.s.security.web.FilterChainProxy        -: Securing POST /auth/login
18:21:17 [http-nio-8080-exec-2] INFO  o.s.web.filter.OncePerRequestFilter      -:  Header :  null
18:21:17 [http-nio-8080-exec-2] INFO  o.s.web.filter.OncePerRequestFilter      -: Invalid Header Value !! 
18:21:17 [http-nio-8080-exec-2] DEBUG o.s.s.w.a.AnonymousAuthenticationFilter  -: Set SecurityContextHolder to anonymous SecurityContext
18:21:17 [http-nio-8080-exec-2] DEBUG o.s.security.web.FilterChainProxy        -: Secured POST /auth/login
18:21:17 [http-nio-8080-exec-2] INFO  c.d.t.c.EntryPointController             -: User data is inside  authentication method UsernamePasswordAuthenticationToken [Principal=Pratheesh, Credentials=[PROTECTED], Authenticated=true, Details=null, Granted Authorities=[USER]]
18:21:17 [http-nio-8080-exec-2] INFO  o.s.s.c.u.UserDetailsService             -: load the user by user name for user Pratheesh 
18:21:17 [http-nio-8080-exec-2] INFO  o.s.s.c.u.UserDetailsService             -: loaded user data is com.diatoz.task1.entity.AccountDetails@5daed930
18:21:17 [http-nio-8080-exec-2] INFO  o.s.s.core.userdetails.UserDetails       -: Authentication on UserDetails 
18:21:17 [http-nio-8080-exec-2] INFO  o.s.s.c.u.UserDetailsService             -: prath@123
18:21:17 [http-nio-8080-exec-2] DEBUG o.s.s.a.d.DaoAuthenticationProvider      -: Failed to authenticate since no credentials provided
18:21:57 [SpringApplicationShutdownHook] INFO  o.s.o.j.LocalContainerEntityManagerFactoryBean -: Closing JPA EntityManagerFactory for persistence unit 'default'
18:21:57 [SpringApplicationShutdownHook] INFO  com.zaxxer.hikari.HikariDataSource       -: HikariPool-1 - Shutdown initiated...
18:21:57 [SpringApplicationShutdownHook] INFO  com.zaxxer.hikari.HikariDataSource       -: HikariPool-1 - Shutdown completed.
18:22:01 [background-preinit] INFO  o.h.validator.internal.util.Version      -: HV000001: Hibernate Validator 8.0.1.Final
18:22:01 [main] INFO  com.diatoz.task1.Task1Application        -: Starting Task1Application using Java 21 with PID 14368 (C:\Users\prath\OneDrive\Desktop\Project\task1\target\classes started by prath in C:\Users\prath\OneDrive\Desktop\Project\task1)
18:22:01 [main] INFO  com.diatoz.task1.Task1Application        -: No active profile set, falling back to 1 default profile: "default"
18:22:02 [main] INFO  o.s.d.r.c.RepositoryConfigurationDelegate -: Bootstrapping Spring Data JPA repositories in DEFAULT mode.
18:22:02 [main] INFO  o.s.d.r.c.RepositoryConfigurationDelegate -: Finished Spring Data repository scanning in 60 ms. Found 3 JPA repository interfaces.
18:22:03 [main] INFO  o.s.b.w.e.tomcat.TomcatWebServer         -: Tomcat initialized with port(s): 8080 (http)
18:22:03 [main] INFO  o.a.coyote.http11.Http11NioProtocol      -: Initializing ProtocolHandler ["http-nio-8080"]
18:22:03 [main] INFO  o.a.catalina.core.StandardService        -: Starting service [Tomcat]
18:22:03 [main] INFO  o.a.catalina.core.StandardEngine         -: Starting Servlet engine: [Apache Tomcat/10.1.13]
18:22:03 [main] INFO  o.a.c.c.C.[Tomcat].[localhost].[/]       -: Initializing Spring embedded WebApplicationContext
18:22:03 [main] INFO  o.s.b.w.s.c.ServletWebServerApplicationContext -: Root WebApplicationContext: initialization completed in 1634 ms
18:22:03 [main] INFO  o.h.jpa.internal.util.LogHelper          -: HHH000204: Processing PersistenceUnitInfo [name: default]
18:22:03 [main] INFO  org.hibernate.Version                    -: HHH000412: Hibernate ORM core version 6.2.9.Final
18:22:03 [main] INFO  org.hibernate.cfg.Environment            -: HHH000406: Using bytecode reflection optimizer
18:22:03 [main] INFO  o.h.b.i.BytecodeProviderInitiator        -: HHH000021: Bytecode provider name : bytebuddy
18:22:04 [main] INFO  o.s.o.j.p.SpringPersistenceUnitInfo      -: No LoadTimeWeaver setup: ignoring JPA class transformer
18:22:04 [main] INFO  com.zaxxer.hikari.HikariDataSource       -: HikariPool-1 - Starting...
18:22:04 [main] INFO  com.zaxxer.hikari.pool.HikariPool        -: HikariPool-1 - Added connection com.mysql.cj.jdbc.ConnectionImpl@365e65bb
18:22:04 [main] INFO  com.zaxxer.hikari.HikariDataSource       -: HikariPool-1 - Start completed.
18:22:04 [main] INFO  o.h.b.i.BytecodeProviderInitiator        -: HHH000021: Bytecode provider name : bytebuddy
18:22:05 [main] INFO  o.h.e.t.j.p.i.JtaPlatformInitiator       -: HHH000490: Using JtaPlatform implementation: [org.hibernate.engine.transaction.jta.platform.internal.NoJtaPlatform]
18:22:05 [main] INFO  o.s.o.j.LocalContainerEntityManagerFactoryBean -: Initialized JPA EntityManagerFactory for persistence unit 'default'
18:22:05 [main] WARN  o.s.b.a.o.j.JpaBaseConfiguration$JpaWebConfiguration -: spring.jpa.open-in-view is enabled by default. Therefore, database queries may be performed during view rendering. Explicitly configure spring.jpa.open-in-view to disable this warning
18:22:06 [main] INFO  o.s.s.web.DefaultSecurityFilterChain     -: Will secure any request with [org.springframework.security.web.session.DisableEncodeUrlFilter@7c35d7d, org.springframework.security.web.context.request.async.WebAsyncManagerIntegrationFilter@24ccc91b, org.springframework.security.web.context.SecurityContextHolderFilter@5fdff4f1, org.springframework.security.web.header.HeaderWriterFilter@1a67bcaf, org.springframework.security.web.authentication.logout.LogoutFilter@1bd6bfb0, com.diatoz.task1.security.JwtAuthenticationFilter@460df441, org.springframework.security.web.savedrequest.RequestCacheAwareFilter@140fa482, org.springframework.security.web.servletapi.SecurityContextHolderAwareRequestFilter@7fb313e3, org.springframework.security.web.authentication.AnonymousAuthenticationFilter@d0538b3, org.springframework.security.web.session.SessionManagementFilter@5643052d, org.springframework.security.web.access.ExceptionTranslationFilter@f3e6876, org.springframework.security.web.access.intercept.AuthorizationFilter@6f6998b6]
18:22:06 [main] INFO  o.a.coyote.http11.Http11NioProtocol      -: Starting ProtocolHandler ["http-nio-8080"]
18:22:06 [main] INFO  o.s.b.w.e.tomcat.TomcatWebServer         -: Tomcat started on port(s): 8080 (http) with context path ''
18:22:06 [main] INFO  com.diatoz.task1.Task1Application        -: Started Task1Application in 4.836 seconds (process running for 5.354)
18:22:28 [http-nio-8080-exec-1] INFO  o.a.c.c.C.[Tomcat].[localhost].[/]       -: Initializing Spring DispatcherServlet 'dispatcherServlet'
18:22:28 [http-nio-8080-exec-1] INFO  o.s.web.servlet.DispatcherServlet        -: Initializing Servlet 'dispatcherServlet'
18:22:28 [http-nio-8080-exec-1] INFO  o.s.web.servlet.DispatcherServlet        -: Completed initialization in 2 ms
18:22:28 [http-nio-8080-exec-1] DEBUG o.s.security.web.FilterChainProxy        -: Securing POST /auth/login
18:22:28 [http-nio-8080-exec-1] INFO  o.s.web.filter.OncePerRequestFilter      -:  Header :  null
18:22:28 [http-nio-8080-exec-1] INFO  o.s.web.filter.OncePerRequestFilter      -: Invalid Header Value !! 
18:22:28 [http-nio-8080-exec-1] DEBUG o.s.s.w.a.AnonymousAuthenticationFilter  -: Set SecurityContextHolder to anonymous SecurityContext
18:22:28 [http-nio-8080-exec-1] DEBUG o.s.security.web.FilterChainProxy        -: Secured POST /auth/login
18:22:28 [http-nio-8080-exec-1] INFO  c.d.t.c.EntryPointController             -: User data is inside  authentication method UsernamePasswordAuthenticationToken [Principal=Pratheesh, Credentials=[PROTECTED], Authenticated=true, Details=null, Granted Authorities=[USER]]
18:22:28 [http-nio-8080-exec-1] INFO  o.s.s.c.u.UserDetailsService             -: load the user by user name for user Pratheesh 
18:22:28 [http-nio-8080-exec-1] INFO  o.s.s.c.u.UserDetailsService             -: loaded user data is com.diatoz.task1.entity.AccountDetails@7fb1a98e
18:22:28 [http-nio-8080-exec-1] INFO  o.s.s.core.userdetails.UserDetails       -: Authentication on UserDetails 
18:22:28 [http-nio-8080-exec-1] INFO  o.s.s.c.u.UserDetailsService             -: prath@123
18:22:28 [http-nio-8080-exec-1] DEBUG o.s.s.a.d.DaoAuthenticationProvider      -: Failed to authenticate since no credentials provided
18:25:52 [SpringApplicationShutdownHook] INFO  o.s.o.j.LocalContainerEntityManagerFactoryBean -: Closing JPA EntityManagerFactory for persistence unit 'default'
18:25:52 [SpringApplicationShutdownHook] INFO  com.zaxxer.hikari.HikariDataSource       -: HikariPool-1 - Shutdown initiated...
18:25:52 [SpringApplicationShutdownHook] INFO  com.zaxxer.hikari.HikariDataSource       -: HikariPool-1 - Shutdown completed.
18:25:56 [background-preinit] INFO  o.h.validator.internal.util.Version      -: HV000001: Hibernate Validator 8.0.1.Final
18:25:56 [main] INFO  com.diatoz.task1.Task1Application        -: Starting Task1Application using Java 21 with PID 19988 (C:\Users\prath\OneDrive\Desktop\Project\task1\target\classes started by prath in C:\Users\prath\OneDrive\Desktop\Project\task1)
18:25:56 [main] INFO  com.diatoz.task1.Task1Application        -: No active profile set, falling back to 1 default profile: "default"
18:25:57 [main] INFO  o.s.d.r.c.RepositoryConfigurationDelegate -: Bootstrapping Spring Data JPA repositories in DEFAULT mode.
18:25:57 [main] INFO  o.s.d.r.c.RepositoryConfigurationDelegate -: Finished Spring Data repository scanning in 61 ms. Found 3 JPA repository interfaces.
18:25:58 [main] INFO  o.s.b.w.e.tomcat.TomcatWebServer         -: Tomcat initialized with port(s): 8080 (http)
18:25:58 [main] INFO  o.a.coyote.http11.Http11NioProtocol      -: Initializing ProtocolHandler ["http-nio-8080"]
18:25:58 [main] INFO  o.a.catalina.core.StandardService        -: Starting service [Tomcat]
18:25:58 [main] INFO  o.a.catalina.core.StandardEngine         -: Starting Servlet engine: [Apache Tomcat/10.1.13]
18:25:58 [main] INFO  o.a.c.c.C.[Tomcat].[localhost].[/]       -: Initializing Spring embedded WebApplicationContext
18:25:58 [main] INFO  o.s.b.w.s.c.ServletWebServerApplicationContext -: Root WebApplicationContext: initialization completed in 1584 ms
18:25:58 [main] INFO  o.h.jpa.internal.util.LogHelper          -: HHH000204: Processing PersistenceUnitInfo [name: default]
18:25:58 [main] INFO  org.hibernate.Version                    -: HHH000412: Hibernate ORM core version 6.2.9.Final
18:25:58 [main] INFO  org.hibernate.cfg.Environment            -: HHH000406: Using bytecode reflection optimizer
18:25:58 [main] INFO  o.h.b.i.BytecodeProviderInitiator        -: HHH000021: Bytecode provider name : bytebuddy
18:25:58 [main] INFO  o.s.o.j.p.SpringPersistenceUnitInfo      -: No LoadTimeWeaver setup: ignoring JPA class transformer
18:25:58 [main] INFO  com.zaxxer.hikari.HikariDataSource       -: HikariPool-1 - Starting...
18:25:59 [main] INFO  com.zaxxer.hikari.pool.HikariPool        -: HikariPool-1 - Added connection com.mysql.cj.jdbc.ConnectionImpl@f9a5e3f
18:25:59 [main] INFO  com.zaxxer.hikari.HikariDataSource       -: HikariPool-1 - Start completed.
18:25:59 [main] INFO  o.h.b.i.BytecodeProviderInitiator        -: HHH000021: Bytecode provider name : bytebuddy
18:25:59 [main] INFO  o.h.e.t.j.p.i.JtaPlatformInitiator       -: HHH000490: Using JtaPlatform implementation: [org.hibernate.engine.transaction.jta.platform.internal.NoJtaPlatform]
18:25:59 [main] INFO  o.s.o.j.LocalContainerEntityManagerFactoryBean -: Initialized JPA EntityManagerFactory for persistence unit 'default'
18:26:00 [main] WARN  o.s.b.a.o.j.JpaBaseConfiguration$JpaWebConfiguration -: spring.jpa.open-in-view is enabled by default. Therefore, database queries may be performed during view rendering. Explicitly configure spring.jpa.open-in-view to disable this warning
18:26:00 [main] INFO  o.s.s.web.DefaultSecurityFilterChain     -: Will secure any request with [org.springframework.security.web.session.DisableEncodeUrlFilter@1b62ad1e, org.springframework.security.web.context.request.async.WebAsyncManagerIntegrationFilter@714a4ba2, org.springframework.security.web.context.SecurityContextHolderFilter@771ede0d, org.springframework.security.web.header.HeaderWriterFilter@4e3bc13b, org.springframework.security.web.authentication.logout.LogoutFilter@1dcc0bb8, com.diatoz.task1.security.JwtAuthenticationFilter@584f4ca5, org.springframework.security.web.savedrequest.RequestCacheAwareFilter@54c697c, org.springframework.security.web.servletapi.SecurityContextHolderAwareRequestFilter@2396dc4e, org.springframework.security.web.authentication.AnonymousAuthenticationFilter@6ddc817f, org.springframework.security.web.session.SessionManagementFilter@588614f9, org.springframework.security.web.access.ExceptionTranslationFilter@4468ced2, org.springframework.security.web.access.intercept.AuthorizationFilter@26398f67]
18:26:01 [main] INFO  o.a.coyote.http11.Http11NioProtocol      -: Starting ProtocolHandler ["http-nio-8080"]
18:26:01 [main] INFO  o.s.b.w.e.tomcat.TomcatWebServer         -: Tomcat started on port(s): 8080 (http) with context path ''
18:26:01 [main] INFO  com.diatoz.task1.Task1Application        -: Started Task1Application in 4.743 seconds (process running for 5.255)
