10:50:39 [http-nio-8080-exec-2] INFO  o.a.c.c.C.[Tomcat].[localhost].[/]       -: Initializing Spring DispatcherServlet 'dispatcherServlet'
10:50:39 [http-nio-8080-exec-2] INFO  o.s.web.servlet.DispatcherServlet        -: Initializing Servlet 'dispatcherServlet'
10:50:39 [http-nio-8080-exec-2] INFO  o.s.web.servlet.DispatcherServlet        -: Completed initialization in 1 ms
10:50:39 [http-nio-8080-exec-2] INFO  o.s.web.filter.OncePerRequestFilter      -:  Header :  null
10:50:39 [http-nio-8080-exec-2] INFO  o.s.web.filter.OncePerRequestFilter      -: Invalid Header Value !! 
10:50:39 [http-nio-8080-exec-2] INFO  c.d.t.c.EntryPointController             -: Ready to authenticate  the data is UsernamePasswordAuthenticationToken [Principal=Pratheesh, Credentials=[PROTECTED], Authenticated=false, Details=null, Granted Authorities=[]]
10:50:39 [http-nio-8080-exec-2] INFO  c.d.t.c.EntryPointController             -: Authenticated data = UsernamePasswordAuthenticationToken [Principal=org.springframework.security.core.userdetails.User [Username=Pratheesh, Password=[PROTECTED], Enabled=true, AccountNonExpired=true, credentialsNonExpired=true, AccountNonLocked=true, Granted Authorities=[ROLE_User]], Credentials=[PROTECTED], Authenticated=true, Details=null, Granted Authorities=[ROLE_User]]
10:50:39 [http-nio-8080-exec-2] INFO  c.d.t.c.EntryPointController             -: UserDetails = org.springframework.security.core.userdetails.User [Username=Pratheesh, Password=[PROTECTED], Enabled=true, AccountNonExpired=true, credentialsNonExpired=true, AccountNonLocked=true, Granted Authorities=[ROLE_User]]
10:54:35 [SpringApplicationShutdownHook] INFO  o.s.o.j.LocalContainerEntityManagerFactoryBean -: Closing JPA EntityManagerFactory for persistence unit 'default'
10:54:35 [SpringApplicationShutdownHook] INFO  com.zaxxer.hikari.HikariDataSource       -: HikariPool-1 - Shutdown initiated...
10:54:35 [SpringApplicationShutdownHook] INFO  com.zaxxer.hikari.HikariDataSource       -: HikariPool-1 - Shutdown completed.
10:54:40 [background-preinit] INFO  o.h.validator.internal.util.Version      -: HV000001: Hibernate Validator 8.0.1.Final
10:54:40 [main] INFO  com.diatoz.task1.Task1Application        -: Starting Task1Application using Java 21 with PID 22024 (C:\Users\prath\OneDrive\Desktop\Project\task1\target\classes started by prath in C:\Users\prath\OneDrive\Desktop\Project\task1)
10:54:40 [main] INFO  com.diatoz.task1.Task1Application        -: No active profile set, falling back to 1 default profile: "default"
10:54:41 [main] INFO  o.s.d.r.c.RepositoryConfigurationDelegate -: Bootstrapping Spring Data JPA repositories in DEFAULT mode.
10:54:41 [main] INFO  o.s.d.r.c.RepositoryConfigurationDelegate -: Finished Spring Data repository scanning in 50 ms. Found 2 JPA repository interfaces.
10:54:41 [main] INFO  o.s.b.w.e.tomcat.TomcatWebServer         -: Tomcat initialized with port(s): 8080 (http)
10:54:41 [main] INFO  o.a.coyote.http11.Http11NioProtocol      -: Initializing ProtocolHandler ["http-nio-8080"]
10:54:41 [main] INFO  o.a.catalina.core.StandardService        -: Starting service [Tomcat]
10:54:41 [main] INFO  o.a.catalina.core.StandardEngine         -: Starting Servlet engine: [Apache Tomcat/10.1.13]
10:54:42 [main] INFO  o.a.c.c.C.[Tomcat].[localhost].[/]       -: Initializing Spring embedded WebApplicationContext
10:54:42 [main] INFO  o.s.b.w.s.c.ServletWebServerApplicationContext -: Root WebApplicationContext: initialization completed in 1572 ms
10:54:42 [main] INFO  o.h.jpa.internal.util.LogHelper          -: HHH000204: Processing PersistenceUnitInfo [name: default]
10:54:42 [main] INFO  org.hibernate.Version                    -: HHH000412: Hibernate ORM core version 6.2.9.Final
10:54:42 [main] INFO  org.hibernate.cfg.Environment            -: HHH000406: Using bytecode reflection optimizer
10:54:42 [main] INFO  o.h.b.i.BytecodeProviderInitiator        -: HHH000021: Bytecode provider name : bytebuddy
10:54:42 [main] INFO  o.s.o.j.p.SpringPersistenceUnitInfo      -: No LoadTimeWeaver setup: ignoring JPA class transformer
10:54:42 [main] INFO  com.zaxxer.hikari.HikariDataSource       -: HikariPool-1 - Starting...
10:54:42 [main] INFO  com.zaxxer.hikari.pool.HikariPool        -: HikariPool-1 - Added connection com.mysql.cj.jdbc.ConnectionImpl@14df5253
10:54:42 [main] INFO  com.zaxxer.hikari.HikariDataSource       -: HikariPool-1 - Start completed.
10:54:43 [main] INFO  o.h.b.i.BytecodeProviderInitiator        -: HHH000021: Bytecode provider name : bytebuddy
10:54:43 [main] INFO  o.h.e.t.j.p.i.JtaPlatformInitiator       -: HHH000490: Using JtaPlatform implementation: [org.hibernate.engine.transaction.jta.platform.internal.NoJtaPlatform]
10:54:43 [main] INFO  o.s.o.j.LocalContainerEntityManagerFactoryBean -: Initialized JPA EntityManagerFactory for persistence unit 'default'
10:54:44 [main] WARN  o.s.b.a.o.j.JpaBaseConfiguration$JpaWebConfiguration -: spring.jpa.open-in-view is enabled by default. Therefore, database queries may be performed during view rendering. Explicitly configure spring.jpa.open-in-view to disable this warning
10:54:44 [main] INFO  o.s.s.web.DefaultSecurityFilterChain     -: Will secure any request with [org.springframework.security.web.session.DisableEncodeUrlFilter@5ab70df7, org.springframework.security.web.context.request.async.WebAsyncManagerIntegrationFilter@6764201e, org.springframework.security.web.context.SecurityContextHolderFilter@44ec6637, org.springframework.security.web.header.HeaderWriterFilter@280e4390, org.springframework.security.web.authentication.logout.LogoutFilter@65cf8da0, com.diatoz.task1.security.JwtAuthenticationFilter@fd413fb, org.springframework.security.web.savedrequest.RequestCacheAwareFilter@3390621a, org.springframework.security.web.servletapi.SecurityContextHolderAwareRequestFilter@7e305953, org.springframework.security.web.authentication.AnonymousAuthenticationFilter@5a3d52a0, org.springframework.security.web.session.SessionManagementFilter@6cee52e2, org.springframework.security.web.access.ExceptionTranslationFilter@28468162, org.springframework.security.web.access.intercept.AuthorizationFilter@72e9f0f7]
10:54:44 [main] INFO  o.a.coyote.http11.Http11NioProtocol      -: Starting ProtocolHandler ["http-nio-8080"]
10:54:44 [main] INFO  o.s.b.w.e.tomcat.TomcatWebServer         -: Tomcat started on port(s): 8080 (http) with context path ''
10:54:44 [main] INFO  com.diatoz.task1.Task1Application        -: Started Task1Application in 4.892 seconds (process running for 5.584)
11:02:56 [http-nio-8080-exec-3] INFO  o.a.c.c.C.[Tomcat].[localhost].[/]       -: Initializing Spring DispatcherServlet 'dispatcherServlet'
11:02:56 [http-nio-8080-exec-3] INFO  o.s.web.servlet.DispatcherServlet        -: Initializing Servlet 'dispatcherServlet'
11:02:56 [http-nio-8080-exec-3] INFO  o.s.web.servlet.DispatcherServlet        -: Completed initialization in 0 ms
11:02:56 [http-nio-8080-exec-3] INFO  o.s.web.filter.OncePerRequestFilter      -:  Header :  null
11:02:56 [http-nio-8080-exec-3] INFO  o.s.web.filter.OncePerRequestFilter      -: Invalid Header Value !! 
11:02:56 [http-nio-8080-exec-3] INFO  c.d.t.c.EntryPointController             -: Ready to authenticate  the data is UsernamePasswordAuthenticationToken [Principal=Pratheesh, Credentials=[PROTECTED], Authenticated=false, Details=null, Granted Authorities=[]]
11:03:54 [SpringApplicationShutdownHook] INFO  o.s.o.j.LocalContainerEntityManagerFactoryBean -: Closing JPA EntityManagerFactory for persistence unit 'default'
11:03:54 [SpringApplicationShutdownHook] INFO  com.zaxxer.hikari.HikariDataSource       -: HikariPool-1 - Shutdown initiated...
11:03:54 [SpringApplicationShutdownHook] INFO  com.zaxxer.hikari.HikariDataSource       -: HikariPool-1 - Shutdown completed.
11:03:59 [background-preinit] INFO  o.h.validator.internal.util.Version      -: HV000001: Hibernate Validator 8.0.1.Final
11:03:59 [main] INFO  com.diatoz.task1.Task1Application        -: Starting Task1Application using Java 21 with PID 20688 (C:\Users\prath\OneDrive\Desktop\Project\task1\target\classes started by prath in C:\Users\prath\OneDrive\Desktop\Project\task1)
11:03:59 [main] INFO  com.diatoz.task1.Task1Application        -: No active profile set, falling back to 1 default profile: "default"
11:04:01 [main] INFO  o.s.d.r.c.RepositoryConfigurationDelegate -: Bootstrapping Spring Data JPA repositories in DEFAULT mode.
11:04:01 [main] INFO  o.s.d.r.c.RepositoryConfigurationDelegate -: Finished Spring Data repository scanning in 74 ms. Found 2 JPA repository interfaces.
11:04:01 [main] INFO  o.s.b.w.e.tomcat.TomcatWebServer         -: Tomcat initialized with port(s): 8080 (http)
11:04:01 [main] INFO  o.a.coyote.http11.Http11NioProtocol      -: Initializing ProtocolHandler ["http-nio-8080"]
11:04:01 [main] INFO  o.a.catalina.core.StandardService        -: Starting service [Tomcat]
11:04:01 [main] INFO  o.a.catalina.core.StandardEngine         -: Starting Servlet engine: [Apache Tomcat/10.1.13]
11:04:01 [main] INFO  o.a.c.c.C.[Tomcat].[localhost].[/]       -: Initializing Spring embedded WebApplicationContext
11:04:01 [main] INFO  o.s.b.w.s.c.ServletWebServerApplicationContext -: Root WebApplicationContext: initialization completed in 2324 ms
11:04:02 [main] INFO  o.h.jpa.internal.util.LogHelper          -: HHH000204: Processing PersistenceUnitInfo [name: default]
11:04:02 [main] INFO  org.hibernate.Version                    -: HHH000412: Hibernate ORM core version 6.2.9.Final
11:04:02 [main] INFO  org.hibernate.cfg.Environment            -: HHH000406: Using bytecode reflection optimizer
11:04:02 [main] INFO  o.h.b.i.BytecodeProviderInitiator        -: HHH000021: Bytecode provider name : bytebuddy
11:04:02 [main] INFO  o.s.o.j.p.SpringPersistenceUnitInfo      -: No LoadTimeWeaver setup: ignoring JPA class transformer
11:04:02 [main] INFO  com.zaxxer.hikari.HikariDataSource       -: HikariPool-1 - Starting...
11:04:03 [main] INFO  com.zaxxer.hikari.pool.HikariPool        -: HikariPool-1 - Added connection com.mysql.cj.jdbc.ConnectionImpl@4571cebe
11:04:03 [main] INFO  com.zaxxer.hikari.HikariDataSource       -: HikariPool-1 - Start completed.
11:04:03 [main] INFO  o.h.b.i.BytecodeProviderInitiator        -: HHH000021: Bytecode provider name : bytebuddy
11:04:03 [main] INFO  o.h.e.t.j.p.i.JtaPlatformInitiator       -: HHH000490: Using JtaPlatform implementation: [org.hibernate.engine.transaction.jta.platform.internal.NoJtaPlatform]
11:04:03 [main] INFO  o.s.o.j.LocalContainerEntityManagerFactoryBean -: Initialized JPA EntityManagerFactory for persistence unit 'default'
11:04:04 [main] WARN  o.s.b.a.o.j.JpaBaseConfiguration$JpaWebConfiguration -: spring.jpa.open-in-view is enabled by default. Therefore, database queries may be performed during view rendering. Explicitly configure spring.jpa.open-in-view to disable this warning
11:04:04 [main] INFO  o.s.s.web.DefaultSecurityFilterChain     -: Will secure any request with [org.springframework.security.web.session.DisableEncodeUrlFilter@cda988, org.springframework.security.web.context.request.async.WebAsyncManagerIntegrationFilter@7e92e9a2, org.springframework.security.web.context.SecurityContextHolderFilter@280e4390, org.springframework.security.web.header.HeaderWriterFilter@2b30b25f, org.springframework.security.web.authentication.logout.LogoutFilter@162a5c4c, com.diatoz.task1.security.JwtAuthenticationFilter@71e7adbb, org.springframework.security.web.savedrequest.RequestCacheAwareFilter@3df7e309, org.springframework.security.web.servletapi.SecurityContextHolderAwareRequestFilter@1db9d253, org.springframework.security.web.authentication.AnonymousAuthenticationFilter@c0a8787, org.springframework.security.web.session.SessionManagementFilter@701c413, org.springframework.security.web.access.ExceptionTranslationFilter@5432be12, org.springframework.security.web.access.intercept.AuthorizationFilter@52f71d2]
11:04:05 [main] INFO  o.a.coyote.http11.Http11NioProtocol      -: Starting ProtocolHandler ["http-nio-8080"]
11:04:05 [main] INFO  o.s.b.w.e.tomcat.TomcatWebServer         -: Tomcat started on port(s): 8080 (http) with context path ''
11:04:05 [main] INFO  com.diatoz.task1.Task1Application        -: Started Task1Application in 5.936 seconds (process running for 7.205)
11:04:11 [http-nio-8080-exec-2] INFO  o.a.c.c.C.[Tomcat].[localhost].[/]       -: Initializing Spring DispatcherServlet 'dispatcherServlet'
11:04:11 [http-nio-8080-exec-2] INFO  o.s.web.servlet.DispatcherServlet        -: Initializing Servlet 'dispatcherServlet'
11:04:11 [http-nio-8080-exec-2] INFO  o.s.web.servlet.DispatcherServlet        -: Completed initialization in 1 ms
11:04:11 [http-nio-8080-exec-2] INFO  o.s.web.filter.OncePerRequestFilter      -:  Header :  null
11:04:11 [http-nio-8080-exec-2] INFO  o.s.web.filter.OncePerRequestFilter      -: Invalid Header Value !! 
11:04:11 [http-nio-8080-exec-2] INFO  c.d.t.c.EntryPointController             -: Ready to authenticate  the data is UsernamePasswordAuthenticationToken [Principal=Pratheesh, Credentials=[PROTECTED], Authenticated=false, Details=null, Granted Authorities=[]]
11:04:11 [http-nio-8080-exec-2] INFO  c.d.t.c.EntryPointController             -: Authenticated data = UsernamePasswordAuthenticationToken [Principal=org.springframework.security.core.userdetails.User [Username=Pratheesh, Password=[PROTECTED], Enabled=true, AccountNonExpired=true, credentialsNonExpired=true, AccountNonLocked=true, Granted Authorities=[ROLE_User]], Credentials=[PROTECTED], Authenticated=true, Details=null, Granted Authorities=[ROLE_User]]
11:04:11 [http-nio-8080-exec-2] INFO  c.d.t.c.EntryPointController             -: UserDetails = org.springframework.security.core.userdetails.User [Username=Pratheesh, Password=[PROTECTED], Enabled=true, AccountNonExpired=true, credentialsNonExpired=true, AccountNonLocked=true, Granted Authorities=[ROLE_User]]
11:04:46 [SpringApplicationShutdownHook] INFO  o.s.o.j.LocalContainerEntityManagerFactoryBean -: Closing JPA EntityManagerFactory for persistence unit 'default'
11:04:46 [SpringApplicationShutdownHook] INFO  com.zaxxer.hikari.HikariDataSource       -: HikariPool-1 - Shutdown initiated...
11:04:46 [SpringApplicationShutdownHook] INFO  com.zaxxer.hikari.HikariDataSource       -: HikariPool-1 - Shutdown completed.
11:04:50 [background-preinit] INFO  o.h.validator.internal.util.Version      -: HV000001: Hibernate Validator 8.0.1.Final
11:04:50 [main] INFO  com.diatoz.task1.Task1Application        -: Starting Task1Application using Java 21 with PID 3232 (C:\Users\prath\OneDrive\Desktop\Project\task1\target\classes started by prath in C:\Users\prath\OneDrive\Desktop\Project\task1)
11:04:50 [main] INFO  com.diatoz.task1.Task1Application        -: No active profile set, falling back to 1 default profile: "default"
11:04:51 [main] INFO  o.s.d.r.c.RepositoryConfigurationDelegate -: Bootstrapping Spring Data JPA repositories in DEFAULT mode.
11:04:51 [main] INFO  o.s.d.r.c.RepositoryConfigurationDelegate -: Finished Spring Data repository scanning in 52 ms. Found 2 JPA repository interfaces.
11:04:51 [main] INFO  o.s.b.w.e.tomcat.TomcatWebServer         -: Tomcat initialized with port(s): 8080 (http)
11:04:51 [main] INFO  o.a.coyote.http11.Http11NioProtocol      -: Initializing ProtocolHandler ["http-nio-8080"]
11:04:51 [main] INFO  o.a.catalina.core.StandardService        -: Starting service [Tomcat]
11:04:51 [main] INFO  o.a.catalina.core.StandardEngine         -: Starting Servlet engine: [Apache Tomcat/10.1.13]
11:04:52 [main] INFO  o.a.c.c.C.[Tomcat].[localhost].[/]       -: Initializing Spring embedded WebApplicationContext
11:04:52 [main] INFO  o.s.b.w.s.c.ServletWebServerApplicationContext -: Root WebApplicationContext: initialization completed in 1574 ms
11:04:52 [main] INFO  o.h.jpa.internal.util.LogHelper          -: HHH000204: Processing PersistenceUnitInfo [name: default]
11:04:52 [main] INFO  org.hibernate.Version                    -: HHH000412: Hibernate ORM core version 6.2.9.Final
11:04:52 [main] INFO  org.hibernate.cfg.Environment            -: HHH000406: Using bytecode reflection optimizer
11:04:52 [main] INFO  o.h.b.i.BytecodeProviderInitiator        -: HHH000021: Bytecode provider name : bytebuddy
11:04:52 [main] INFO  o.s.o.j.p.SpringPersistenceUnitInfo      -: No LoadTimeWeaver setup: ignoring JPA class transformer
11:04:52 [main] INFO  com.zaxxer.hikari.HikariDataSource       -: HikariPool-1 - Starting...
11:04:53 [main] INFO  com.zaxxer.hikari.pool.HikariPool        -: HikariPool-1 - Added connection com.mysql.cj.jdbc.ConnectionImpl@22ff1372
11:04:53 [main] INFO  com.zaxxer.hikari.HikariDataSource       -: HikariPool-1 - Start completed.
11:04:53 [main] INFO  o.h.b.i.BytecodeProviderInitiator        -: HHH000021: Bytecode provider name : bytebuddy
11:04:54 [main] INFO  o.h.e.t.j.p.i.JtaPlatformInitiator       -: HHH000490: Using JtaPlatform implementation: [org.hibernate.engine.transaction.jta.platform.internal.NoJtaPlatform]
11:04:54 [main] INFO  o.s.o.j.LocalContainerEntityManagerFactoryBean -: Initialized JPA EntityManagerFactory for persistence unit 'default'
11:04:54 [main] WARN  o.s.b.a.o.j.JpaBaseConfiguration$JpaWebConfiguration -: spring.jpa.open-in-view is enabled by default. Therefore, database queries may be performed during view rendering. Explicitly configure spring.jpa.open-in-view to disable this warning
11:04:54 [main] INFO  o.s.s.web.DefaultSecurityFilterChain     -: Will secure any request with [org.springframework.security.web.session.DisableEncodeUrlFilter@7c4de811, org.springframework.security.web.context.request.async.WebAsyncManagerIntegrationFilter@443b9ebb, org.springframework.security.web.context.SecurityContextHolderFilter@732fa176, org.springframework.security.web.header.HeaderWriterFilter@7842260f, org.springframework.security.web.authentication.logout.LogoutFilter@6764201e, com.diatoz.task1.security.JwtAuthenticationFilter@1eb9a3ef, org.springframework.security.web.savedrequest.RequestCacheAwareFilter@4c7b4a31, org.springframework.security.web.servletapi.SecurityContextHolderAwareRequestFilter@f83616, org.springframework.security.web.authentication.AnonymousAuthenticationFilter@4830c979, org.springframework.security.web.session.SessionManagementFilter@3811464b, org.springframework.security.web.access.ExceptionTranslationFilter@7a085d02, org.springframework.security.web.access.intercept.AuthorizationFilter@28721794]
11:04:55 [main] INFO  o.a.coyote.http11.Http11NioProtocol      -: Starting ProtocolHandler ["http-nio-8080"]
11:04:55 [main] INFO  o.s.b.w.e.tomcat.TomcatWebServer         -: Tomcat started on port(s): 8080 (http) with context path ''
11:04:55 [main] INFO  com.diatoz.task1.Task1Application        -: Started Task1Application in 5.053 seconds (process running for 5.685)
11:05:01 [http-nio-8080-exec-2] INFO  o.a.c.c.C.[Tomcat].[localhost].[/]       -: Initializing Spring DispatcherServlet 'dispatcherServlet'
11:05:01 [http-nio-8080-exec-2] INFO  o.s.web.servlet.DispatcherServlet        -: Initializing Servlet 'dispatcherServlet'
11:05:01 [http-nio-8080-exec-2] INFO  o.s.web.servlet.DispatcherServlet        -: Completed initialization in 1 ms
11:05:01 [http-nio-8080-exec-2] INFO  o.s.web.filter.OncePerRequestFilter      -:  Header :  null
11:05:01 [http-nio-8080-exec-2] INFO  o.s.web.filter.OncePerRequestFilter      -: Invalid Header Value !! 
11:05:01 [http-nio-8080-exec-2] INFO  c.d.t.c.EntryPointController             -: Ready to authenticate  the data is UsernamePasswordAuthenticationToken [Principal=Pratheesh, Credentials=[PROTECTED], Authenticated=false, Details=null, Granted Authorities=[]]
11:05:01 [http-nio-8080-exec-2] INFO  c.d.t.c.EntryPointController             -: Authenticated data = UsernamePasswordAuthenticationToken [Principal=org.springframework.security.core.userdetails.User [Username=Pratheesh, Password=[PROTECTED], Enabled=true, AccountNonExpired=true, credentialsNonExpired=true, AccountNonLocked=true, Granted Authorities=[ROLE_User]], Credentials=[PROTECTED], Authenticated=true, Details=null, Granted Authorities=[ROLE_User]]
11:05:01 [http-nio-8080-exec-2] INFO  c.d.t.c.EntryPointController             -: UserDetails = org.springframework.security.core.userdetails.User [Username=Pratheesh, Password=[PROTECTED], Enabled=true, AccountNonExpired=true, credentialsNonExpired=true, AccountNonLocked=true, Granted Authorities=[ROLE_User]]
11:05:18 [SpringApplicationShutdownHook] INFO  o.s.o.j.LocalContainerEntityManagerFactoryBean -: Closing JPA EntityManagerFactory for persistence unit 'default'
11:05:18 [SpringApplicationShutdownHook] INFO  com.zaxxer.hikari.HikariDataSource       -: HikariPool-1 - Shutdown initiated...
11:05:18 [SpringApplicationShutdownHook] INFO  com.zaxxer.hikari.HikariDataSource       -: HikariPool-1 - Shutdown completed.
11:05:21 [background-preinit] INFO  o.h.validator.internal.util.Version      -: HV000001: Hibernate Validator 8.0.1.Final
11:05:21 [main] INFO  com.diatoz.task1.Task1Application        -: Starting Task1Application using Java 21 with PID 6052 (C:\Users\prath\OneDrive\Desktop\Project\task1\target\classes started by prath in C:\Users\prath\OneDrive\Desktop\Project\task1)
11:05:21 [main] INFO  com.diatoz.task1.Task1Application        -: No active profile set, falling back to 1 default profile: "default"
11:05:21 [main] INFO  o.s.d.r.c.RepositoryConfigurationDelegate -: Bootstrapping Spring Data JPA repositories in DEFAULT mode.
11:05:22 [main] INFO  o.s.d.r.c.RepositoryConfigurationDelegate -: Finished Spring Data repository scanning in 50 ms. Found 2 JPA repository interfaces.
11:05:22 [main] INFO  o.s.b.w.e.tomcat.TomcatWebServer         -: Tomcat initialized with port(s): 8080 (http)
11:05:22 [main] INFO  o.a.coyote.http11.Http11NioProtocol      -: Initializing ProtocolHandler ["http-nio-8080"]
11:05:22 [main] INFO  o.a.catalina.core.StandardService        -: Starting service [Tomcat]
11:05:22 [main] INFO  o.a.catalina.core.StandardEngine         -: Starting Servlet engine: [Apache Tomcat/10.1.13]
11:05:22 [main] INFO  o.a.c.c.C.[Tomcat].[localhost].[/]       -: Initializing Spring embedded WebApplicationContext
11:05:22 [main] INFO  o.s.b.w.s.c.ServletWebServerApplicationContext -: Root WebApplicationContext: initialization completed in 1636 ms
11:05:23 [main] INFO  o.h.jpa.internal.util.LogHelper          -: HHH000204: Processing PersistenceUnitInfo [name: default]
11:05:23 [main] INFO  org.hibernate.Version                    -: HHH000412: Hibernate ORM core version 6.2.9.Final
11:05:23 [main] INFO  org.hibernate.cfg.Environment            -: HHH000406: Using bytecode reflection optimizer
11:05:23 [main] INFO  o.h.b.i.BytecodeProviderInitiator        -: HHH000021: Bytecode provider name : bytebuddy
11:05:23 [main] INFO  o.s.o.j.p.SpringPersistenceUnitInfo      -: No LoadTimeWeaver setup: ignoring JPA class transformer
11:05:23 [main] INFO  com.zaxxer.hikari.HikariDataSource       -: HikariPool-1 - Starting...
11:05:23 [main] INFO  com.zaxxer.hikari.pool.HikariPool        -: HikariPool-1 - Added connection com.mysql.cj.jdbc.ConnectionImpl@43fd77d8
11:05:23 [main] INFO  com.zaxxer.hikari.HikariDataSource       -: HikariPool-1 - Start completed.
11:05:23 [main] INFO  o.h.b.i.BytecodeProviderInitiator        -: HHH000021: Bytecode provider name : bytebuddy
11:05:24 [main] INFO  o.h.e.t.j.p.i.JtaPlatformInitiator       -: HHH000490: Using JtaPlatform implementation: [org.hibernate.engine.transaction.jta.platform.internal.NoJtaPlatform]
11:05:24 [main] INFO  o.s.o.j.LocalContainerEntityManagerFactoryBean -: Initialized JPA EntityManagerFactory for persistence unit 'default'
11:05:24 [main] WARN  o.s.b.a.o.j.JpaBaseConfiguration$JpaWebConfiguration -: spring.jpa.open-in-view is enabled by default. Therefore, database queries may be performed during view rendering. Explicitly configure spring.jpa.open-in-view to disable this warning
11:05:25 [main] INFO  o.s.s.web.DefaultSecurityFilterChain     -: Will secure any request with [org.springframework.security.web.session.DisableEncodeUrlFilter@5e97da56, org.springframework.security.web.context.request.async.WebAsyncManagerIntegrationFilter@6e8f3b76, org.springframework.security.web.context.SecurityContextHolderFilter@4e00723b, org.springframework.security.web.header.HeaderWriterFilter@1fd4850b, org.springframework.security.web.authentication.logout.LogoutFilter@373fb666, com.diatoz.task1.security.JwtAuthenticationFilter@e3b0369, org.springframework.security.web.savedrequest.RequestCacheAwareFilter@59d7d574, org.springframework.security.web.servletapi.SecurityContextHolderAwareRequestFilter@5f0a5848, org.springframework.security.web.authentication.AnonymousAuthenticationFilter@6cfe32cd, org.springframework.security.web.session.SessionManagementFilter@3390621a, org.springframework.security.web.access.ExceptionTranslationFilter@55f4ec04, org.springframework.security.web.access.intercept.AuthorizationFilter@5a3d52a0]
11:05:25 [main] INFO  o.a.coyote.http11.Http11NioProtocol      -: Starting ProtocolHandler ["http-nio-8080"]
11:05:25 [main] INFO  o.s.b.w.e.tomcat.TomcatWebServer         -: Tomcat started on port(s): 8080 (http) with context path ''
11:05:25 [main] INFO  com.diatoz.task1.Task1Application        -: Started Task1Application in 4.819 seconds (process running for 5.459)
11:05:42 [SpringApplicationShutdownHook] INFO  o.s.o.j.LocalContainerEntityManagerFactoryBean -: Closing JPA EntityManagerFactory for persistence unit 'default'
11:05:42 [SpringApplicationShutdownHook] INFO  com.zaxxer.hikari.HikariDataSource       -: HikariPool-1 - Shutdown initiated...
11:05:42 [SpringApplicationShutdownHook] INFO  com.zaxxer.hikari.HikariDataSource       -: HikariPool-1 - Shutdown completed.
11:05:46 [background-preinit] INFO  o.h.validator.internal.util.Version      -: HV000001: Hibernate Validator 8.0.1.Final
11:05:46 [main] INFO  com.diatoz.task1.Task1Application        -: Starting Task1Application using Java 21 with PID 16152 (C:\Users\prath\OneDrive\Desktop\Project\task1\target\classes started by prath in C:\Users\prath\OneDrive\Desktop\Project\task1)
11:05:46 [main] INFO  com.diatoz.task1.Task1Application        -: No active profile set, falling back to 1 default profile: "default"
11:05:47 [main] INFO  o.s.d.r.c.RepositoryConfigurationDelegate -: Bootstrapping Spring Data JPA repositories in DEFAULT mode.
11:05:47 [main] INFO  o.s.d.r.c.RepositoryConfigurationDelegate -: Finished Spring Data repository scanning in 51 ms. Found 2 JPA repository interfaces.
11:05:47 [main] INFO  o.s.b.w.e.tomcat.TomcatWebServer         -: Tomcat initialized with port(s): 8080 (http)
11:05:47 [main] INFO  o.a.coyote.http11.Http11NioProtocol      -: Initializing ProtocolHandler ["http-nio-8080"]
11:05:47 [main] INFO  o.a.catalina.core.StandardService        -: Starting service [Tomcat]
11:05:47 [main] INFO  o.a.catalina.core.StandardEngine         -: Starting Servlet engine: [Apache Tomcat/10.1.13]
11:05:47 [main] INFO  o.a.c.c.C.[Tomcat].[localhost].[/]       -: Initializing Spring embedded WebApplicationContext
11:05:47 [main] INFO  o.s.b.w.s.c.ServletWebServerApplicationContext -: Root WebApplicationContext: initialization completed in 1572 ms
11:05:48 [main] INFO  o.h.jpa.internal.util.LogHelper          -: HHH000204: Processing PersistenceUnitInfo [name: default]
11:05:48 [main] INFO  org.hibernate.Version                    -: HHH000412: Hibernate ORM core version 6.2.9.Final
11:05:48 [main] INFO  org.hibernate.cfg.Environment            -: HHH000406: Using bytecode reflection optimizer
11:05:48 [main] INFO  o.h.b.i.BytecodeProviderInitiator        -: HHH000021: Bytecode provider name : bytebuddy
11:05:48 [main] INFO  o.s.o.j.p.SpringPersistenceUnitInfo      -: No LoadTimeWeaver setup: ignoring JPA class transformer
11:05:48 [main] INFO  com.zaxxer.hikari.HikariDataSource       -: HikariPool-1 - Starting...
11:05:48 [main] INFO  com.zaxxer.hikari.pool.HikariPool        -: HikariPool-1 - Added connection com.mysql.cj.jdbc.ConnectionImpl@14df5253
11:05:48 [main] INFO  com.zaxxer.hikari.HikariDataSource       -: HikariPool-1 - Start completed.
11:05:49 [main] INFO  o.h.b.i.BytecodeProviderInitiator        -: HHH000021: Bytecode provider name : bytebuddy
11:05:49 [main] INFO  o.h.e.t.j.p.i.JtaPlatformInitiator       -: HHH000490: Using JtaPlatform implementation: [org.hibernate.engine.transaction.jta.platform.internal.NoJtaPlatform]
11:05:49 [main] INFO  o.s.o.j.LocalContainerEntityManagerFactoryBean -: Initialized JPA EntityManagerFactory for persistence unit 'default'
11:05:49 [main] WARN  o.s.b.a.o.j.JpaBaseConfiguration$JpaWebConfiguration -: spring.jpa.open-in-view is enabled by default. Therefore, database queries may be performed during view rendering. Explicitly configure spring.jpa.open-in-view to disable this warning
11:05:50 [main] INFO  o.s.s.web.DefaultSecurityFilterChain     -: Will secure any request with [org.springframework.security.web.session.DisableEncodeUrlFilter@6764201e, org.springframework.security.web.context.request.async.WebAsyncManagerIntegrationFilter@5a3d52a0, org.springframework.security.web.context.SecurityContextHolderFilter@5a0b550a, org.springframework.security.web.header.HeaderWriterFilter@21262bde, org.springframework.security.web.authentication.logout.LogoutFilter@823f978, com.diatoz.task1.security.JwtAuthenticationFilter@fd413fb, org.springframework.security.web.savedrequest.RequestCacheAwareFilter@69d9d322, org.springframework.security.web.servletapi.SecurityContextHolderAwareRequestFilter@59d7d574, org.springframework.security.web.authentication.AnonymousAuthenticationFilter@7a0f1f9d, org.springframework.security.web.session.SessionManagementFilter@7842260f, org.springframework.security.web.access.ExceptionTranslationFilter@63f16350, org.springframework.security.web.access.intercept.AuthorizationFilter@2fb24ad8]
11:05:50 [main] INFO  o.a.coyote.http11.Http11NioProtocol      -: Starting ProtocolHandler ["http-nio-8080"]
11:05:50 [main] INFO  o.s.b.w.e.tomcat.TomcatWebServer         -: Tomcat started on port(s): 8080 (http) with context path ''
11:05:50 [main] INFO  com.diatoz.task1.Task1Application        -: Started Task1Application in 4.707 seconds (process running for 5.339)
11:05:56 [http-nio-8080-exec-1] INFO  o.a.c.c.C.[Tomcat].[localhost].[/]       -: Initializing Spring DispatcherServlet 'dispatcherServlet'
11:05:56 [http-nio-8080-exec-1] INFO  o.s.web.servlet.DispatcherServlet        -: Initializing Servlet 'dispatcherServlet'
11:05:56 [http-nio-8080-exec-1] INFO  o.s.web.servlet.DispatcherServlet        -: Completed initialization in 2 ms
11:05:56 [http-nio-8080-exec-1] INFO  o.s.web.filter.OncePerRequestFilter      -:  Header :  null
11:05:56 [http-nio-8080-exec-1] INFO  o.s.web.filter.OncePerRequestFilter      -: Invalid Header Value !! 
11:05:57 [http-nio-8080-exec-1] INFO  c.d.t.c.EntryPointController             -: Ready to authenticate  the data is UsernamePasswordAuthenticationToken [Principal=Pratheesh, Credentials=[PROTECTED], Authenticated=false, Details=null, Granted Authorities=[]]
11:05:57 [http-nio-8080-exec-1] WARN  o.s.s.c.bcrypt.BCryptPasswordEncoder     -: Encoded password does not look like BCrypt
11:06:54 [SpringApplicationShutdownHook] INFO  o.s.o.j.LocalContainerEntityManagerFactoryBean -: Closing JPA EntityManagerFactory for persistence unit 'default'
11:06:54 [SpringApplicationShutdownHook] INFO  com.zaxxer.hikari.HikariDataSource       -: HikariPool-1 - Shutdown initiated...
11:06:54 [SpringApplicationShutdownHook] INFO  com.zaxxer.hikari.HikariDataSource       -: HikariPool-1 - Shutdown completed.
11:06:57 [background-preinit] INFO  o.h.validator.internal.util.Version      -: HV000001: Hibernate Validator 8.0.1.Final
11:06:57 [main] INFO  com.diatoz.task1.Task1Application        -: Starting Task1Application using Java 21 with PID 17428 (C:\Users\prath\OneDrive\Desktop\Project\task1\target\classes started by prath in C:\Users\prath\OneDrive\Desktop\Project\task1)
11:06:57 [main] INFO  com.diatoz.task1.Task1Application        -: No active profile set, falling back to 1 default profile: "default"
11:06:57 [main] INFO  o.s.d.r.c.RepositoryConfigurationDelegate -: Bootstrapping Spring Data JPA repositories in DEFAULT mode.
11:06:58 [main] INFO  o.s.d.r.c.RepositoryConfigurationDelegate -: Finished Spring Data repository scanning in 51 ms. Found 2 JPA repository interfaces.
11:06:58 [main] INFO  o.s.b.w.e.tomcat.TomcatWebServer         -: Tomcat initialized with port(s): 8080 (http)
11:06:58 [main] INFO  o.a.coyote.http11.Http11NioProtocol      -: Initializing ProtocolHandler ["http-nio-8080"]
11:06:58 [main] INFO  o.a.catalina.core.StandardService        -: Starting service [Tomcat]
11:06:58 [main] INFO  o.a.catalina.core.StandardEngine         -: Starting Servlet engine: [Apache Tomcat/10.1.13]
11:06:58 [main] INFO  o.a.c.c.C.[Tomcat].[localhost].[/]       -: Initializing Spring embedded WebApplicationContext
11:06:58 [main] INFO  o.s.b.w.s.c.ServletWebServerApplicationContext -: Root WebApplicationContext: initialization completed in 1644 ms
11:06:58 [main] INFO  o.h.jpa.internal.util.LogHelper          -: HHH000204: Processing PersistenceUnitInfo [name: default]
11:06:59 [main] INFO  org.hibernate.Version                    -: HHH000412: Hibernate ORM core version 6.2.9.Final
11:06:59 [main] INFO  org.hibernate.cfg.Environment            -: HHH000406: Using bytecode reflection optimizer
11:06:59 [main] INFO  o.h.b.i.BytecodeProviderInitiator        -: HHH000021: Bytecode provider name : bytebuddy
11:06:59 [main] INFO  o.s.o.j.p.SpringPersistenceUnitInfo      -: No LoadTimeWeaver setup: ignoring JPA class transformer
11:06:59 [main] INFO  com.zaxxer.hikari.HikariDataSource       -: HikariPool-1 - Starting...
11:06:59 [main] INFO  com.zaxxer.hikari.pool.HikariPool        -: HikariPool-1 - Added connection com.mysql.cj.jdbc.ConnectionImpl@1ad1be5d
11:06:59 [main] INFO  com.zaxxer.hikari.HikariDataSource       -: HikariPool-1 - Start completed.
11:06:59 [main] INFO  o.h.b.i.BytecodeProviderInitiator        -: HHH000021: Bytecode provider name : bytebuddy
11:07:00 [main] INFO  o.h.e.t.j.p.i.JtaPlatformInitiator       -: HHH000490: Using JtaPlatform implementation: [org.hibernate.engine.transaction.jta.platform.internal.NoJtaPlatform]
11:07:00 [main] INFO  o.s.o.j.LocalContainerEntityManagerFactoryBean -: Initialized JPA EntityManagerFactory for persistence unit 'default'
11:07:00 [main] WARN  o.s.b.a.o.j.JpaBaseConfiguration$JpaWebConfiguration -: spring.jpa.open-in-view is enabled by default. Therefore, database queries may be performed during view rendering. Explicitly configure spring.jpa.open-in-view to disable this warning
11:07:01 [main] INFO  o.s.s.web.DefaultSecurityFilterChain     -: Will secure any request with [org.springframework.security.web.session.DisableEncodeUrlFilter@4865434e, org.springframework.security.web.context.request.async.WebAsyncManagerIntegrationFilter@3c6e407, org.springframework.security.web.context.SecurityContextHolderFilter@f83616, org.springframework.security.web.header.HeaderWriterFilter@4e23ddf0, org.springframework.security.web.authentication.logout.LogoutFilter@6cfe32cd, com.diatoz.task1.security.JwtAuthenticationFilter@15a3b42, org.springframework.security.web.savedrequest.RequestCacheAwareFilter@5f0bf0ed, org.springframework.security.web.servletapi.SecurityContextHolderAwareRequestFilter@6a175162, org.springframework.security.web.authentication.AnonymousAuthenticationFilter@287dde94, org.springframework.security.web.session.SessionManagementFilter@2df7766b, org.springframework.security.web.access.ExceptionTranslationFilter@3390621a, org.springframework.security.web.access.intercept.AuthorizationFilter@d98ce13]
11:07:01 [main] INFO  o.a.coyote.http11.Http11NioProtocol      -: Starting ProtocolHandler ["http-nio-8080"]
11:07:01 [main] INFO  o.s.b.w.e.tomcat.TomcatWebServer         -: Tomcat started on port(s): 8080 (http) with context path ''
11:07:01 [main] INFO  com.diatoz.task1.Task1Application        -: Started Task1Application in 4.647 seconds (process running for 5.286)
11:07:07 [http-nio-8080-exec-1] INFO  o.a.c.c.C.[Tomcat].[localhost].[/]       -: Initializing Spring DispatcherServlet 'dispatcherServlet'
11:07:07 [http-nio-8080-exec-1] INFO  o.s.web.servlet.DispatcherServlet        -: Initializing Servlet 'dispatcherServlet'
11:07:07 [http-nio-8080-exec-1] INFO  o.s.web.servlet.DispatcherServlet        -: Completed initialization in 2 ms
11:07:07 [http-nio-8080-exec-1] DEBUG o.s.security.web.FilterChainProxy        -: Securing POST /auth/login
11:07:07 [http-nio-8080-exec-1] INFO  o.s.web.filter.OncePerRequestFilter      -:  Header :  null
11:07:07 [http-nio-8080-exec-1] INFO  o.s.web.filter.OncePerRequestFilter      -: Invalid Header Value !! 
11:07:07 [http-nio-8080-exec-1] DEBUG o.s.s.w.a.AnonymousAuthenticationFilter  -: Set SecurityContextHolder to anonymous SecurityContext
11:07:07 [http-nio-8080-exec-1] DEBUG o.s.security.web.FilterChainProxy        -: Secured POST /auth/login
11:07:07 [http-nio-8080-exec-1] INFO  c.d.t.c.EntryPointController             -: Ready to authenticate  the data is UsernamePasswordAuthenticationToken [Principal=Pratheesh, Credentials=[PROTECTED], Authenticated=false, Details=null, Granted Authorities=[]]
11:07:07 [http-nio-8080-exec-1] WARN  o.s.s.c.bcrypt.BCryptPasswordEncoder     -: Encoded password does not look like BCrypt
11:07:07 [http-nio-8080-exec-1] DEBUG o.s.s.a.d.DaoAuthenticationProvider      -: Failed to authenticate since password does not match stored value
11:07:37 [SpringApplicationShutdownHook] INFO  o.s.o.j.LocalContainerEntityManagerFactoryBean -: Closing JPA EntityManagerFactory for persistence unit 'default'
11:07:37 [SpringApplicationShutdownHook] INFO  com.zaxxer.hikari.HikariDataSource       -: HikariPool-1 - Shutdown initiated...
11:07:37 [SpringApplicationShutdownHook] INFO  com.zaxxer.hikari.HikariDataSource       -: HikariPool-1 - Shutdown completed.
11:07:40 [background-preinit] INFO  o.h.validator.internal.util.Version      -: HV000001: Hibernate Validator 8.0.1.Final
11:07:40 [main] INFO  com.diatoz.task1.Task1Application        -: Starting Task1Application using Java 21 with PID 17812 (C:\Users\prath\OneDrive\Desktop\Project\task1\target\classes started by prath in C:\Users\prath\OneDrive\Desktop\Project\task1)
11:07:40 [main] INFO  com.diatoz.task1.Task1Application        -: No active profile set, falling back to 1 default profile: "default"
11:07:41 [main] INFO  o.s.d.r.c.RepositoryConfigurationDelegate -: Bootstrapping Spring Data JPA repositories in DEFAULT mode.
11:07:41 [main] INFO  o.s.d.r.c.RepositoryConfigurationDelegate -: Finished Spring Data repository scanning in 52 ms. Found 2 JPA repository interfaces.
11:07:42 [main] INFO  o.s.b.w.e.tomcat.TomcatWebServer         -: Tomcat initialized with port(s): 8080 (http)
11:07:42 [main] INFO  o.a.coyote.http11.Http11NioProtocol      -: Initializing ProtocolHandler ["http-nio-8080"]
11:07:42 [main] INFO  o.a.catalina.core.StandardService        -: Starting service [Tomcat]
11:07:42 [main] INFO  o.a.catalina.core.StandardEngine         -: Starting Servlet engine: [Apache Tomcat/10.1.13]
11:07:42 [main] INFO  o.a.c.c.C.[Tomcat].[localhost].[/]       -: Initializing Spring embedded WebApplicationContext
11:07:42 [main] INFO  o.s.b.w.s.c.ServletWebServerApplicationContext -: Root WebApplicationContext: initialization completed in 1604 ms
11:07:42 [main] INFO  o.h.jpa.internal.util.LogHelper          -: HHH000204: Processing PersistenceUnitInfo [name: default]
11:07:42 [main] INFO  org.hibernate.Version                    -: HHH000412: Hibernate ORM core version 6.2.9.Final
11:07:42 [main] INFO  org.hibernate.cfg.Environment            -: HHH000406: Using bytecode reflection optimizer
11:07:42 [main] INFO  o.h.b.i.BytecodeProviderInitiator        -: HHH000021: Bytecode provider name : bytebuddy
11:07:42 [main] INFO  o.s.o.j.p.SpringPersistenceUnitInfo      -: No LoadTimeWeaver setup: ignoring JPA class transformer
11:07:42 [main] INFO  com.zaxxer.hikari.HikariDataSource       -: HikariPool-1 - Starting...
11:07:43 [main] INFO  com.zaxxer.hikari.pool.HikariPool        -: HikariPool-1 - Added connection com.mysql.cj.jdbc.ConnectionImpl@605eb072
11:07:43 [main] INFO  com.zaxxer.hikari.HikariDataSource       -: HikariPool-1 - Start completed.
11:07:43 [main] INFO  o.h.b.i.BytecodeProviderInitiator        -: HHH000021: Bytecode provider name : bytebuddy
11:07:43 [main] INFO  o.h.e.t.j.p.i.JtaPlatformInitiator       -: HHH000490: Using JtaPlatform implementation: [org.hibernate.engine.transaction.jta.platform.internal.NoJtaPlatform]
11:07:44 [main] INFO  o.s.o.j.LocalContainerEntityManagerFactoryBean -: Initialized JPA EntityManagerFactory for persistence unit 'default'
11:07:44 [main] WARN  o.s.b.a.o.j.JpaBaseConfiguration$JpaWebConfiguration -: spring.jpa.open-in-view is enabled by default. Therefore, database queries may be performed during view rendering. Explicitly configure spring.jpa.open-in-view to disable this warning
11:07:44 [main] INFO  o.s.s.web.DefaultSecurityFilterChain     -: Will secure any request with [org.springframework.security.web.session.DisableEncodeUrlFilter@6e8f3b76, org.springframework.security.web.context.request.async.WebAsyncManagerIntegrationFilter@6cfe32cd, org.springframework.security.web.context.SecurityContextHolderFilter@7e305953, org.springframework.security.web.header.HeaderWriterFilter@1db9d253, org.springframework.security.web.authentication.logout.LogoutFilter@7894a250, com.diatoz.task1.security.JwtAuthenticationFilter@6f6efa4f, org.springframework.security.web.savedrequest.RequestCacheAwareFilter@94b5fe3, org.springframework.security.web.servletapi.SecurityContextHolderAwareRequestFilter@c6db00d, org.springframework.security.web.authentication.AnonymousAuthenticationFilter@5f14eb51, org.springframework.security.web.session.SessionManagementFilter@69d9d322, org.springframework.security.web.access.ExceptionTranslationFilter@f3c27e9, org.springframework.security.web.access.intercept.AuthorizationFilter@7a0f1f9d]
11:07:45 [main] INFO  o.a.coyote.http11.Http11NioProtocol      -: Starting ProtocolHandler ["http-nio-8080"]
11:07:45 [main] INFO  o.s.b.w.e.tomcat.TomcatWebServer         -: Tomcat started on port(s): 8080 (http) with context path ''
11:07:45 [main] INFO  com.diatoz.task1.Task1Application        -: Started Task1Application in 4.837 seconds (process running for 5.392)
11:07:52 [http-nio-8080-exec-1] INFO  o.a.c.c.C.[Tomcat].[localhost].[/]       -: Initializing Spring DispatcherServlet 'dispatcherServlet'
11:07:52 [http-nio-8080-exec-1] INFO  o.s.web.servlet.DispatcherServlet        -: Initializing Servlet 'dispatcherServlet'
11:07:52 [http-nio-8080-exec-1] INFO  o.s.web.servlet.DispatcherServlet        -: Completed initialization in 0 ms
11:07:52 [http-nio-8080-exec-1] DEBUG o.s.security.web.FilterChainProxy        -: Securing POST /auth/login
11:07:52 [http-nio-8080-exec-1] INFO  o.s.web.filter.OncePerRequestFilter      -:  Header :  null
11:07:52 [http-nio-8080-exec-1] INFO  o.s.web.filter.OncePerRequestFilter      -: Invalid Header Value !! 
11:07:52 [http-nio-8080-exec-1] DEBUG o.s.s.w.a.AnonymousAuthenticationFilter  -: Set SecurityContextHolder to anonymous SecurityContext
11:07:52 [http-nio-8080-exec-1] DEBUG o.s.security.web.FilterChainProxy        -: Secured POST /auth/login
11:07:52 [http-nio-8080-exec-1] INFO  c.d.t.c.EntryPointController             -: Ready to authenticate  the data is UsernamePasswordAuthenticationToken [Principal=Pratheesh, Credentials=[PROTECTED], Authenticated=false, Details=null, Granted Authorities=[]]
11:07:52 [http-nio-8080-exec-1] DEBUG o.s.s.a.d.DaoAuthenticationProvider      -: Authenticated user
11:07:52 [http-nio-8080-exec-1] INFO  c.d.t.c.EntryPointController             -: Authenticated data = UsernamePasswordAuthenticationToken [Principal=org.springframework.security.core.userdetails.User [Username=Pratheesh, Password=[PROTECTED], Enabled=true, AccountNonExpired=true, credentialsNonExpired=true, AccountNonLocked=true, Granted Authorities=[ROLE_User]], Credentials=[PROTECTED], Authenticated=true, Details=null, Granted Authorities=[ROLE_User]]
11:07:52 [http-nio-8080-exec-1] INFO  c.d.t.c.EntryPointController             -: UserDetails = org.springframework.security.core.userdetails.User [Username=Pratheesh, Password=[PROTECTED], Enabled=true, AccountNonExpired=true, credentialsNonExpired=true, AccountNonLocked=true, Granted Authorities=[ROLE_User]]
11:08:23 [SpringApplicationShutdownHook] INFO  o.s.o.j.LocalContainerEntityManagerFactoryBean -: Closing JPA EntityManagerFactory for persistence unit 'default'
11:08:23 [SpringApplicationShutdownHook] INFO  com.zaxxer.hikari.HikariDataSource       -: HikariPool-1 - Shutdown initiated...
11:08:23 [SpringApplicationShutdownHook] INFO  com.zaxxer.hikari.HikariDataSource       -: HikariPool-1 - Shutdown completed.
11:08:27 [background-preinit] INFO  o.h.validator.internal.util.Version      -: HV000001: Hibernate Validator 8.0.1.Final
11:08:27 [main] INFO  com.diatoz.task1.Task1Application        -: Starting Task1Application using Java 21 with PID 3108 (C:\Users\prath\OneDrive\Desktop\Project\task1\target\classes started by prath in C:\Users\prath\OneDrive\Desktop\Project\task1)
11:08:27 [main] INFO  com.diatoz.task1.Task1Application        -: No active profile set, falling back to 1 default profile: "default"
11:08:28 [main] INFO  o.s.d.r.c.RepositoryConfigurationDelegate -: Bootstrapping Spring Data JPA repositories in DEFAULT mode.
11:08:28 [main] INFO  o.s.d.r.c.RepositoryConfigurationDelegate -: Finished Spring Data repository scanning in 51 ms. Found 2 JPA repository interfaces.
11:08:29 [main] INFO  o.s.b.w.e.tomcat.TomcatWebServer         -: Tomcat initialized with port(s): 8080 (http)
11:08:29 [main] INFO  o.a.coyote.http11.Http11NioProtocol      -: Initializing ProtocolHandler ["http-nio-8080"]
11:08:29 [main] INFO  o.a.catalina.core.StandardService        -: Starting service [Tomcat]
11:08:29 [main] INFO  o.a.catalina.core.StandardEngine         -: Starting Servlet engine: [Apache Tomcat/10.1.13]
11:08:29 [main] INFO  o.a.c.c.C.[Tomcat].[localhost].[/]       -: Initializing Spring embedded WebApplicationContext
11:08:29 [main] INFO  o.s.b.w.s.c.ServletWebServerApplicationContext -: Root WebApplicationContext: initialization completed in 1705 ms
11:08:29 [main] INFO  o.h.jpa.internal.util.LogHelper          -: HHH000204: Processing PersistenceUnitInfo [name: default]
11:08:29 [main] INFO  org.hibernate.Version                    -: HHH000412: Hibernate ORM core version 6.2.9.Final
11:08:29 [main] INFO  org.hibernate.cfg.Environment            -: HHH000406: Using bytecode reflection optimizer
11:08:29 [main] INFO  o.h.b.i.BytecodeProviderInitiator        -: HHH000021: Bytecode provider name : bytebuddy
11:08:29 [main] INFO  o.s.o.j.p.SpringPersistenceUnitInfo      -: No LoadTimeWeaver setup: ignoring JPA class transformer
11:08:29 [main] INFO  com.zaxxer.hikari.HikariDataSource       -: HikariPool-1 - Starting...
11:08:30 [main] INFO  com.zaxxer.hikari.pool.HikariPool        -: HikariPool-1 - Added connection com.mysql.cj.jdbc.ConnectionImpl@c82d925
11:08:30 [main] INFO  com.zaxxer.hikari.HikariDataSource       -: HikariPool-1 - Start completed.
11:08:30 [main] INFO  o.h.b.i.BytecodeProviderInitiator        -: HHH000021: Bytecode provider name : bytebuddy
11:08:30 [main] INFO  o.h.e.t.j.p.i.JtaPlatformInitiator       -: HHH000490: Using JtaPlatform implementation: [org.hibernate.engine.transaction.jta.platform.internal.NoJtaPlatform]
11:08:30 [main] INFO  o.s.o.j.LocalContainerEntityManagerFactoryBean -: Initialized JPA EntityManagerFactory for persistence unit 'default'
11:08:31 [main] WARN  o.s.b.a.o.j.JpaBaseConfiguration$JpaWebConfiguration -: spring.jpa.open-in-view is enabled by default. Therefore, database queries may be performed during view rendering. Explicitly configure spring.jpa.open-in-view to disable this warning
11:08:31 [main] INFO  o.s.s.web.DefaultSecurityFilterChain     -: Will secure any request with [org.springframework.security.web.session.DisableEncodeUrlFilter@1db7a4ae, org.springframework.security.web.context.request.async.WebAsyncManagerIntegrationFilter@5ab70df7, org.springframework.security.web.context.SecurityContextHolderFilter@7cb4d4ee, org.springframework.security.web.header.HeaderWriterFilter@63f16350, org.springframework.security.web.authentication.logout.LogoutFilter@c0a8787, com.diatoz.task1.security.JwtAuthenticationFilter@64bebd55, org.springframework.security.web.savedrequest.RequestCacheAwareFilter@5a0b550a, org.springframework.security.web.servletapi.SecurityContextHolderAwareRequestFilter@4e00723b, org.springframework.security.web.authentication.AnonymousAuthenticationFilter@6764201e, org.springframework.security.web.session.SessionManagementFilter@7a085d02, org.springframework.security.web.access.ExceptionTranslationFilter@701c413, org.springframework.security.web.access.intercept.AuthorizationFilter@38affd02]
11:08:31 [main] INFO  o.a.coyote.http11.Http11NioProtocol      -: Starting ProtocolHandler ["http-nio-8080"]
11:08:31 [main] INFO  o.s.b.w.e.tomcat.TomcatWebServer         -: Tomcat started on port(s): 8080 (http) with context path ''
11:08:31 [main] INFO  com.diatoz.task1.Task1Application        -: Started Task1Application in 4.775 seconds (process running for 5.32)
11:08:38 [http-nio-8080-exec-2] INFO  o.a.c.c.C.[Tomcat].[localhost].[/]       -: Initializing Spring DispatcherServlet 'dispatcherServlet'
11:08:38 [http-nio-8080-exec-2] INFO  o.s.web.servlet.DispatcherServlet        -: Initializing Servlet 'dispatcherServlet'
11:08:38 [http-nio-8080-exec-2] INFO  o.s.web.servlet.DispatcherServlet        -: Completed initialization in 1 ms
11:08:38 [http-nio-8080-exec-2] DEBUG o.s.security.web.FilterChainProxy        -: Securing POST /auth/login
11:08:38 [http-nio-8080-exec-2] INFO  o.s.web.filter.OncePerRequestFilter      -:  Header :  null
11:08:38 [http-nio-8080-exec-2] INFO  o.s.web.filter.OncePerRequestFilter      -: Invalid Header Value !! 
11:08:38 [http-nio-8080-exec-2] DEBUG o.s.s.w.a.AnonymousAuthenticationFilter  -: Set SecurityContextHolder to anonymous SecurityContext
11:08:38 [http-nio-8080-exec-2] DEBUG o.s.security.web.FilterChainProxy        -: Secured POST /auth/login
11:08:38 [http-nio-8080-exec-2] INFO  c.d.t.c.EntryPointController             -: Ready to authenticate  the data is UsernamePasswordAuthenticationToken [Principal=Pratheesh, Credentials=[PROTECTED], Authenticated=false, Details=null, Granted Authorities=[]]
11:08:38 [http-nio-8080-exec-2] DEBUG o.s.s.a.d.DaoAuthenticationProvider      -: Failed to find user 'Pratheesh'
11:10:09 [SpringApplicationShutdownHook] INFO  o.s.o.j.LocalContainerEntityManagerFactoryBean -: Closing JPA EntityManagerFactory for persistence unit 'default'
11:10:09 [SpringApplicationShutdownHook] INFO  com.zaxxer.hikari.HikariDataSource       -: HikariPool-1 - Shutdown initiated...
11:10:09 [SpringApplicationShutdownHook] INFO  com.zaxxer.hikari.HikariDataSource       -: HikariPool-1 - Shutdown completed.
